Total messages: 67 (Errors: 0, Warnings: 0)

[LOG] [enable-threads] SW activated, reloading for COOP/COEP... @ https://nalet.github.io/VirtualBox-Wasm/enable-threads.js:39
[LOG]  @ https://nalet.github.io/VirtualBox-Wasm/:573
[LOG] === VirtualBox/Wasm VM Harness === @ https://nalet.github.io/VirtualBox-Wasm/:573
[LOG] IPRT version : 7.2.97 @ https://nalet.github.io/VirtualBox-Wasm/:573
[LOG] sizeof(void*): 8 (Wasm64) @ https://nalet.github.io/VirtualBox-Wasm/:573
[LOG]  @ https://nalet.github.io/VirtualBox-Wasm/:573
[LOG] CD-ROM image: /cdrom.iso (409 MB) @ https://nalet.github.io/VirtualBox-Wasm/:573
[LOG] Creating VM... @ https://nalet.github.io/VirtualBox-Wasm/:573
[LOG] [WASM-THREAD] rtThreadNativeCreate: name= cbStack=1048576 @ https://nalet.github.io/VirtualBox-Wasm/:573
[LOG] [WASM-THREAD] pthread_create for '': rc=0 id=0000000000bca008 @ https://nalet.github.io/VirtualBox-Wasm/:573
[LOG] [WASM-THREAD] wasmThreadNativeMain entered: name= self=0000000000bca008 @ https://nalet.github.io/VirtualBox-Wasm/:573
[LOG] [WASM-THREAD] calling rtThreadMain for '' @ https://nalet.github.io/VirtualBox-Wasm/:573
[LOG] CFGM configuration tree built successfully. @ https://nalet.github.io/VirtualBox-Wasm/:573
[LOG] STUB: RTRandAdvCreateSystemFaster returning VERR_NOT_SUPPORTED @ https://nalet.github.io/VirtualBox-Wasm/:573
[LOG] [WasmDisplay] VGA refresh timer armed (50ms / 20fps) @ https://nalet.github.io/VirtualBox-Wasm/:573
[LOG] [WasmDisplay] Display driver attached (initial 720x400 32bpp) @ https://nalet.github.io/VirtualBox-Wasm/:573
[LOG] [WASM-THREAD] rtThreadNativeCreate: name= cbStack=0 @ https://nalet.github.io/VirtualBox-Wasm/:573
[LOG] [WASM-THREAD] pthread_create for '': rc=0 id=0000000001ef7120 @ https://nalet.github.io/VirtualBox-Wasm/:573
[LOG] [WASM-THREAD] wasmThreadNativeMain entered: name= self=0000000001ef7120 @ https://nalet.github.io/VirtualBox-Wasm/:573
[LOG] [WASM-THREAD] calling rtThreadMain for '' @ https://nalet.github.io/VirtualBox-Wasm/:573
[LOG] [WASM-THREAD] rtThreadNativeCreate: name= cbStack=0 @ https://nalet.github.io/VirtualBox-Wasm/:573
[LOG] [WASM-THREAD] pthread_create for '': rc=0 id=0000000001f78d50 @ https://nalet.github.io/VirtualBox-Wasm/:573
[LOG] [WASM-THREAD] wasmThreadNativeMain entered: name= self=0000000001f78d50 @ https://nalet.github.io/VirtualBox-Wasm/:573
[LOG] [WASM-THREAD] calling rtThreadMain for '' @ https://nalet.github.io/VirtualBox-Wasm/:573
[LOG] VM created successfully! @ https://nalet.github.io/VirtualBox-Wasm/:573
[LOG] Powering on VM... @ https://nalet.github.io/VirtualBox-Wasm/:573
[LOG] VM is running! @ https://nalet.github.io/VirtualBox-Wasm/:573
[LOG] IEM is executing guest x86 code... @ https://nalet.github.io/VirtualBox-Wasm/:573
[LOG] Main thread returning (EMT continues in background). @ https://nalet.github.io/VirtualBox-Wasm/:573
[LOG] [JIT] ROM buffer set: base=0x1ffc758 size=256KB range=0xc0000-0x100000 @ https://nalet.github.io/VirtualBox-Wasm/vbox-wasm.js:192
[LOG] [JIT] bail: codePhys=0xfffffff0 ramSize=0x1f81d000 ramBase=0x7e3000 csBase=0xffff0000 ip=0xfff0 @ https://nalet.github.io/VirtualBox-Wasm/vbox-wasm.js:733
[LOG] [JIT] calls=1 insns=0 fallbacks=1 avg=0.0 top=[] @ https://nalet.github.io/VirtualBox-Wasm/vbox-wasm.js:3647
[LOG] [JIT] FF/7 modrm=0xff at f0000:ca ci+1=ff,ff,ff @ https://nalet.github.io/VirtualBox-Wasm/vbox-wasm.js:2839
[LOG] [JIT] FF/7 modrm=0xff at f0000:cc ci+1=ff,ff,dc @ https://nalet.github.io/VirtualBox-Wasm/vbox-wasm.js:2839
[LOG] [JIT] FF/7 modrm=0xff at f0000:ca ci+1=ff,ff,ff @ https://nalet.github.io/VirtualBox-Wasm/vbox-wasm.js:2839
[LOG] [JIT] FF/7 modrm=0xff at f0000:cc ci+1=ff,ff,dc @ https://nalet.github.io/VirtualBox-Wasm/vbox-wasm.js:2839
[LOG] [JIT] FF/7 modrm=0xff at f0000:ca ci+1=ff,ff,ff @ https://nalet.github.io/VirtualBox-Wasm/vbox-wasm.js:2839
[LOG] [JIT] FF/7 modrm=0xff at f0000:cc ci+1=ff,ff,dc @ https://nalet.github.io/VirtualBox-Wasm/vbox-wasm.js:2839
[LOG] [WasmDisplay] Resize: 720x400 0bpp (scanline 0 bytes) @ https://nalet.github.io/VirtualBox-Wasm/:573
[LOG] [POST] 5s: refresh=95 updateRect=25 720x400 @ https://nalet.github.io/VirtualBox-Wasm/:810
[LOG] [JIT] calls=199044 insns=76356797 fallbacks=51562 avg=517.7 top=[0xf6:45115 0xdf:38666 0xdd:19334 0xda:12890 0xff07:12890 0xdb:12889 0x6c:6445 0xf06:6445] @ https://nalet.github.io/VirtualBox-Wasm/vbox-wasm.js:3647
[LOG] [POST] 10s: refresh=194 updateRect=50 720x400 @ https://nalet.github.io/VirtualBox-Wasm/:810
[LOG] [JIT] calls=219119 insns=158583997 fallbacks=51562 avg=946.4 top=[0xf6:45115 0xdf:38666 0xdd:19334 0xda:12890 0xff07:12890 0xdb:12889 0x6c:6445 0xf06:6445] @ https://nalet.github.io/VirtualBox-Wasm/vbox-wasm.js:3647
[LOG] [POST] 15s: refresh=293 updateRect=75 720x400 @ https://nalet.github.io/VirtualBox-Wasm/:810
[LOG] [JIT] calls=240017 insns=244182205 fallbacks=51562 avg=1295.7 top=[0xf6:45115 0xdf:38666 0xdd:19334 0xda:12890 0xff07:12890 0xdb:12889 0x6c:6445 0xf06:6445] @ https://nalet.github.io/VirtualBox-Wasm/vbox-wasm.js:3647
[LOG] [POST] 20s: refresh=392 updateRect=100 720x400 @ https://nalet.github.io/VirtualBox-Wasm/:810
[LOG] [JIT] calls=260858 insns=329546941 fallbacks=51562 avg=1574.5 top=[0xf6:45115 0xdf:38666 0xdd:19334 0xda:12890 0xff07:12890 0xdb:12889 0x6c:6445 0xf06:6445] @ https://nalet.github.io/VirtualBox-Wasm/vbox-wasm.js:3647
[LOG] [POST] 25s: refresh=491 updateRect=125 720x400 @ https://nalet.github.io/VirtualBox-Wasm/:810
[LOG] [JIT] calls=282229 insns=417082557 fallbacks=51562 avg=1808.2 top=[0xf6:45115 0xdf:38666 0xdd:19334 0xda:12890 0xff07:12890 0xdb:12889 0x6c:6445 0xf06:6445] @ https://nalet.github.io/VirtualBox-Wasm/vbox-wasm.js:3647
[LOG] [WasmDisplay] refresh #500, updateRect #127 @ https://nalet.github.io/VirtualBox-Wasm/:573
[LOG] [POST] 30s: refresh=590 updateRect=150 720x400 @ https://nalet.github.io/VirtualBox-Wasm/:810
[LOG] [JIT] calls=303556 insns=504437949 fallbacks=51562 avg=2001.8 top=[0xf6:45115 0xdf:38666 0xdd:19334 0xda:12890 0xff07:12890 0xdb:12889 0x6c:6445 0xf06:6445] @ https://nalet.github.io/VirtualBox-Wasm/vbox-wasm.js:3647
[LOG] [POST] 35s: refresh=689 updateRect=175 720x400 @ https://nalet.github.io/VirtualBox-Wasm/:810
[LOG] [JIT] calls=323954 insns=587988157 fallbacks=51562 avg=2158.6 top=[0xf6:45115 0xdf:38666 0xdd:19334 0xda:12890 0xff07:12890 0xdb:12889 0x6c:6445 0xf06:6445] @ https://nalet.github.io/VirtualBox-Wasm/vbox-wasm.js:3647
[LOG] [POST] 40s: refresh=788 updateRect=200 720x400 @ https://nalet.github.io/VirtualBox-Wasm/:810
[LOG] [JIT] calls=345078 insns=674512061 fallbacks=51562 avg=2298.0 top=[0xf6:45115 0xdf:38666 0xdd:19334 0xda:12890 0xff07:12890 0xdb:12889 0x6c:6445 0xf06:6445] @ https://nalet.github.io/VirtualBox-Wasm/vbox-wasm.js:3647
[LOG] [POST] 45s: refresh=887 updateRect=225 720x400 @ https://nalet.github.io/VirtualBox-Wasm/:810
[LOG] [JIT] calls=366233 insns=761162941 fallbacks=51562 avg=2418.9 top=[0xf6:45115 0xdf:38666 0xdd:19334 0xda:12890 0xff07:12890 0xdb:12889 0x6c:6445 0xf06:6445] @ https://nalet.github.io/VirtualBox-Wasm/vbox-wasm.js:3647
[LOG] [POST] 50s: refresh=986 updateRect=250 720x400 @ https://nalet.github.io/VirtualBox-Wasm/:810
[LOG] [JIT] calls=387509 insns=848309437 fallbacks=51562 avg=2525.1 top=[0xf6:45115 0xdf:38666 0xdd:19334 0xda:12890 0xff07:12890 0xdb:12889 0x6c:6445 0xf06:6445] @ https://nalet.github.io/VirtualBox-Wasm/vbox-wasm.js:3647
[LOG] [WasmDisplay] refresh #1000, updateRect #253 @ https://nalet.github.io/VirtualBox-Wasm/:573
[LOG] [POST] 55s: refresh=1084 updateRect=274 720x400 @ https://nalet.github.io/VirtualBox-Wasm/:810
[LOG] [JIT] calls=408837 insns=935668925 fallbacks=51562 avg=2618.9 top=[0xf6:45115 0xdf:38666 0xdd:19334 0xda:12890 0xff07:12890 0xdb:12889 0x6c:6445 0xf06:6445] @ https://nalet.github.io/VirtualBox-Wasm/vbox-wasm.js:3647
[LOG] [POST] 60s: refresh=1183 updateRect=300 720x400 @ https://nalet.github.io/VirtualBox-Wasm/:810
[LOG] [JIT] calls=430215 insns=1023233213 fallbacks=51562 avg=2702.3 top=[0xf6:45115 0xdf:38666 0xdd:19334 0xda:12890 0xff07:12890 0xdb:12889 0x6c:6445 0xf06:6445] @ https://nalet.github.io/VirtualBox-Wasm/vbox-wasm.js:3647
[LOG] [POST] 65s: refresh=1282 updateRect=325 720x400 @ https://nalet.github.io/VirtualBox-Wasm/:810
[LOG] [JIT] calls=451495 insns=1110396093 fallbacks=51562 avg=2776.5 top=[0xf6:45115 0xdf:38666 0xdd:19334 0xda:12890 0xff07:12890 0xdb:12889 0x6c:6445 0xf06:6445] @ https://nalet.github.io/VirtualBox-Wasm/vbox-wasm.js:3647