Total messages: 190 (Errors: 0, Warnings: 0)

[LOG] [enable-threads] SW activated, reloading for COOP/COEP... @ https://nalet.github.io/VirtualBox-Wasm/enable-threads.js:39
[LOG]  @ https://nalet.github.io/VirtualBox-Wasm/:583
[LOG] === VirtualBox/Wasm VM Harness === @ https://nalet.github.io/VirtualBox-Wasm/:583
[LOG] IPRT version : 7.2.97 @ https://nalet.github.io/VirtualBox-Wasm/:583
[LOG] sizeof(void*): 8 (Wasm64) @ https://nalet.github.io/VirtualBox-Wasm/:583
[LOG]  @ https://nalet.github.io/VirtualBox-Wasm/:583
[LOG] CD-ROM image: /cdrom.iso (409 MB) @ https://nalet.github.io/VirtualBox-Wasm/:583
[LOG] Creating VM... @ https://nalet.github.io/VirtualBox-Wasm/:583
[LOG] [WASM-THREAD] rtThreadNativeCreate: name= cbStack=1048576 @ https://nalet.github.io/VirtualBox-Wasm/:583
[LOG] [WASM-THREAD] pthread_create for '': rc=0 id=0000000000bca008 @ https://nalet.github.io/VirtualBox-Wasm/:583
[LOG] [WASM-THREAD] wasmThreadNativeMain entered: name= self=0000000000bca008 @ https://nalet.github.io/VirtualBox-Wasm/:583
[LOG] [WASM-THREAD] calling rtThreadMain for '' @ https://nalet.github.io/VirtualBox-Wasm/:583
[LOG] CFGM configuration tree built successfully. @ https://nalet.github.io/VirtualBox-Wasm/:583
[LOG] STUB: RTRandAdvCreateSystemFaster returning VERR_NOT_SUPPORTED @ https://nalet.github.io/VirtualBox-Wasm/:583
[LOG] [WasmDisplay] VGA refresh timer armed (50ms / 20fps) @ https://nalet.github.io/VirtualBox-Wasm/:583
[LOG] [WasmDisplay] Display driver attached (initial 720x400 32bpp) @ https://nalet.github.io/VirtualBox-Wasm/:583
[LOG] [WASM-THREAD] rtThreadNativeCreate: name= cbStack=0 @ https://nalet.github.io/VirtualBox-Wasm/:583
[LOG] [WASM-THREAD] pthread_create for '': rc=0 id=0000000001ef72b0 @ https://nalet.github.io/VirtualBox-Wasm/:583
[LOG] [WASM-THREAD] rtThreadNativeCreate: name= cbStack=0 @ https://nalet.github.io/VirtualBox-Wasm/:583
[LOG] [WASM-THREAD] wasmThreadNativeMain entered: name= self=0000000001ef72b0 @ https://nalet.github.io/VirtualBox-Wasm/:583
[LOG] [WASM-THREAD] calling rtThreadMain for '' @ https://nalet.github.io/VirtualBox-Wasm/:583
[LOG] [WASM-THREAD] wasmThreadNativeMain entered: name= self=0000000001f78ea0 @ https://nalet.github.io/VirtualBox-Wasm/:583
[LOG] [WASM-THREAD] calling rtThreadMain for '' @ https://nalet.github.io/VirtualBox-Wasm/:583
[LOG] [WASM-THREAD] pthread_create for '': rc=0 id=0000000001f78ea0 @ https://nalet.github.io/VirtualBox-Wasm/:583
[LOG] VM created successfully! @ https://nalet.github.io/VirtualBox-Wasm/:583
[LOG] Powering on VM... @ https://nalet.github.io/VirtualBox-Wasm/:583
[LOG] VM is running! @ https://nalet.github.io/VirtualBox-Wasm/:583
[LOG] IEM is executing guest x86 code... @ https://nalet.github.io/VirtualBox-Wasm/:583
[LOG] Main thread returning (EMT continues in background). @ https://nalet.github.io/VirtualBox-Wasm/:583
[LOG] [JIT] Guest RAM base set: 00000000007e3000 @ https://nalet.github.io/VirtualBox-Wasm/:583
[LOG] [JIT-C] Copying ROM 0xC0000-0xFFFFF via PGMPhysRead... @ https://nalet.github.io/VirtualBox-Wasm/vbox-wasm.js:9710
[LOG] [JIT-C] ROM: 64 pages OK, 0 fail (lastRc=0), non-trivial=46114, vga[0:1]=0xff,0xff bios[F0000]=0xdf @ https://nalet.github.io/VirtualBox-Wasm/vbox-wasm.js:9710
[LOG] [JIT] setRomBuffer: ptr=0x1ffc8e8 size=262144 start=0xc0000 @ https://nalet.github.io/VirtualBox-Wasm/vbox-wasm.js:9714
[LOG] [JIT] ROM buffer set: base=0x1ffc8e8 size=256KB range=0xc0000-0x100000 @ https://nalet.github.io/VirtualBox-Wasm/vbox-wasm.js:192
[LOG] [JIT] bail: codePhys=0xfffffff0 ramSize=0x1f81d000 ramBase=0x7e3000 csBase=0xffff0000 ip=0xfff0 @ https://nalet.github.io/VirtualBox-Wasm/vbox-wasm.js:736
[LOG] [JIT] calls=1 insns=0 fallbacks=1 avg=0.0 top=[] @ https://nalet.github.io/VirtualBox-Wasm/vbox-wasm.js:3620
[LOG] [JIT] FF/7 modrm=0xff at f0000:ca ci+1=ff,ff,ff @ https://nalet.github.io/VirtualBox-Wasm/vbox-wasm.js:2812
[LOG] [JIT] FF/7 modrm=0xff at f0000:cc ci+1=ff,ff,dc @ https://nalet.github.io/VirtualBox-Wasm/vbox-wasm.js:2812
[LOG] [JIT] FF/7 modrm=0xff at f0000:ca ci+1=ff,ff,ff @ https://nalet.github.io/VirtualBox-Wasm/vbox-wasm.js:2812
[LOG] [WasmDisplay] Resize: 720x400 0bpp (scanline 0 bytes) @ https://nalet.github.io/VirtualBox-Wasm/:583
[LOG] [JIT] FF/7 modrm=0xff at f0000:cc ci+1=ff,ff,dc @ https://nalet.github.io/VirtualBox-Wasm/vbox-wasm.js:2812
[LOG] [JIT] FF/7 modrm=0xff at f0000:ca ci+1=ff,ff,ff @ https://nalet.github.io/VirtualBox-Wasm/vbox-wasm.js:2812
[LOG] [JIT] FF/7 modrm=0xff at f0000:cc ci+1=ff,ff,dc @ https://nalet.github.io/VirtualBox-Wasm/vbox-wasm.js:2812
[LOG] [POST] 5s: refresh=95 updateRect=24 720x400 @ https://nalet.github.io/VirtualBox-Wasm/:820
[LOG] [JIT] calls=199431 insns=77921467 fallbacks=51564 avg=527.0 top=[0xf6:45115 0xdf:38671 0xdd:19335 0xdb:12890 0xff07:12890 0xda:12888 0x6c:6445 0xf06:6445] @ https://nalet.github.io/VirtualBox-Wasm/vbox-wasm.js:3620
[LOG] [POST] 10s: refresh=194 updateRect=49 720x400 @ https://nalet.github.io/VirtualBox-Wasm/:820
[LOG] [JIT] calls=219793 insns=161324219 fallbacks=51564 avg=959.0 top=[0xf6:45115 0xdf:38671 0xdd:19335 0xdb:12890 0xff07:12890 0xda:12888 0x6c:6445 0xf06:6445] @ https://nalet.github.io/VirtualBox-Wasm/vbox-wasm.js:3620
[LOG] [POST] 15s: refresh=293 updateRect=74 720x400 @ https://nalet.github.io/VirtualBox-Wasm/:820
[LOG] [JIT] calls=240704 insns=246975675 fallbacks=51564 avg=1305.8 top=[0xf6:45115 0xdf:38671 0xdd:19335 0xdb:12890 0xff07:12890 0xda:12888 0x6c:6445 0xf06:6445] @ https://nalet.github.io/VirtualBox-Wasm/vbox-wasm.js:3620
[LOG] [POST] 20s: refresh=392 updateRect=99 720x400 @ https://nalet.github.io/VirtualBox-Wasm/:820
[LOG] [JIT] calls=261673 insns=332864699 fallbacks=51564 avg=1584.2 top=[0xf6:45115 0xdf:38671 0xdd:19335 0xdb:12890 0xff07:12890 0xda:12888 0x6c:6445 0xf06:6445] @ https://nalet.github.io/VirtualBox-Wasm/vbox-wasm.js:3620
[LOG] [POST] 25s: refresh=491 updateRect=124 720x400 @ https://nalet.github.io/VirtualBox-Wasm/:820
[LOG] [JIT] calls=283207 insns=421067963 fallbacks=51564 avg=1817.7 top=[0xf6:45115 0xdf:38671 0xdd:19335 0xdb:12890 0xff07:12890 0xda:12888 0x6c:6445 0xf06:6445] @ https://nalet.github.io/VirtualBox-Wasm/vbox-wasm.js:3620
[LOG] [WasmDisplay] refresh #500, updateRect #127 @ https://nalet.github.io/VirtualBox-Wasm/:583
[LOG] [POST] 30s: refresh=590 updateRect=150 720x400 @ https://nalet.github.io/VirtualBox-Wasm/:820
[LOG] [JIT] calls=304871 insns=509803707 fallbacks=51564 avg=2012.6 top=[0xf6:45115 0xdf:38671 0xdd:19335 0xdb:12890 0xff07:12890 0xda:12888 0x6c:6445 0xf06:6445] @ https://nalet.github.io/VirtualBox-Wasm/vbox-wasm.js:3620
[LOG] [POST] 35s: refresh=689 updateRect=175 720x400 @ https://nalet.github.io/VirtualBox-Wasm/:820
[LOG] [JIT] calls=326273 insns=597466299 fallbacks=51564 avg=2174.9 top=[0xf6:45115 0xdf:38671 0xdd:19335 0xdb:12890 0xff07:12890 0xda:12888 0x6c:6445 0xf06:6445] @ https://nalet.github.io/VirtualBox-Wasm/vbox-wasm.js:3620
[LOG] [POST] 40s: refresh=788 updateRect=200 720x400 @ https://nalet.github.io/VirtualBox-Wasm/:820
[LOG] [JIT] calls=346842 insns=681716923 fallbacks=51564 avg=2308.7 top=[0xf6:45115 0xdf:38671 0xdd:19335 0xdb:12890 0xff07:12890 0xda:12888 0x6c:6445 0xf06:6445] @ https://nalet.github.io/VirtualBox-Wasm/vbox-wasm.js:3620
[LOG] [POST] 45s: refresh=887 updateRect=225 720x400 @ https://nalet.github.io/VirtualBox-Wasm/:820
[LOG] [JIT] calls=367184 insns=765037755 fallbacks=51564 avg=2423.9 top=[0xf6:45115 0xdf:38671 0xdd:19335 0xdb:12890 0xff07:12890 0xda:12888 0x6c:6445 0xf06:6445] @ https://nalet.github.io/VirtualBox-Wasm/vbox-wasm.js:3620
[LOG] [POST] 50s: refresh=986 updateRect=250 720x400 @ https://nalet.github.io/VirtualBox-Wasm/:820
[LOG] [JIT] calls=388015 insns=850361531 fallbacks=51564 avg=2527.4 top=[0xf6:45115 0xdf:38671 0xdd:19335 0xdb:12890 0xff07:12890 0xda:12888 0x6c:6445 0xf06:6445] @ https://nalet.github.io/VirtualBox-Wasm/vbox-wasm.js:3620
[LOG] [WasmDisplay] refresh #1000, updateRect #253 @ https://nalet.github.io/VirtualBox-Wasm/:583
[LOG] [POST] 55s: refresh=1084 updateRect=274 720x400 @ https://nalet.github.io/VirtualBox-Wasm/:820
[LOG] [JIT] calls=409340 insns=937708731 fallbacks=51564 avg=2620.9 top=[0xf6:45115 0xdf:38671 0xdd:19335 0xdb:12890 0xff07:12890 0xda:12888 0x6c:6445 0xf06:6445] @ https://nalet.github.io/VirtualBox-Wasm/vbox-wasm.js:3620
[LOG] [POST] 60s: refresh=1183 updateRect=299 720x400 @ https://nalet.github.io/VirtualBox-Wasm/:820
[LOG] [JIT] calls=430704 insns=1025215675 fallbacks=51564 avg=2704.1 top=[0xf6:45115 0xdf:38671 0xdd:19335 0xdb:12890 0xff07:12890 0xda:12888 0x6c:6445 0xf06:6445] @ https://nalet.github.io/VirtualBox-Wasm/vbox-wasm.js:3620
[LOG] [POST] 65s: refresh=1282 updateRect=324 720x400 @ https://nalet.github.io/VirtualBox-Wasm/:820
[LOG] [JIT] calls=451991 insns=1112407227 fallbacks=51564 avg=2778.1 top=[0xf6:45115 0xdf:38671 0xdd:19335 0xdb:12890 0xff07:12890 0xda:12888 0x6c:6445 0xf06:6445] @ https://nalet.github.io/VirtualBox-Wasm/vbox-wasm.js:3620
[LOG] [POST] 70s: refresh=1381 updateRect=349 720x400 @ https://nalet.github.io/VirtualBox-Wasm/:820
[LOG] [JIT] calls=472992 insns=1198427323 fallbacks=51564 avg=2843.7 top=[0xf6:45115 0xdf:38671 0xdd:19335 0xdb:12890 0xff07:12890 0xda:12888 0x6c:6445 0xf06:6445] @ https://nalet.github.io/VirtualBox-Wasm/vbox-wasm.js:3620
[LOG] [POST] 75s: refresh=1480 updateRect=375 720x400 @ https://nalet.github.io/VirtualBox-Wasm/:820
[LOG] [JIT] calls=492957 insns=1280203963 fallbacks=51564 avg=2900.4 top=[0xf6:45115 0xdf:38671 0xdd:19335 0xdb:12890 0xff07:12890 0xda:12888 0x6c:6445 0xf06:6445] @ https://nalet.github.io/VirtualBox-Wasm/vbox-wasm.js:3620
[LOG] [WasmDisplay] refresh #1500, updateRect #379 @ https://nalet.github.io/VirtualBox-Wasm/:583
[LOG] [POST] 80s: refresh=1579 updateRect=400 720x400 @ https://nalet.github.io/VirtualBox-Wasm/:820
[LOG] [JIT] calls=513578 insns=1364667579 fallbacks=51564 avg=2953.7 top=[0xf6:45115 0xdf:38671 0xdd:19335 0xdb:12890 0xff07:12890 0xda:12888 0x6c:6445 0xf06:6445] @ https://nalet.github.io/VirtualBox-Wasm/vbox-wasm.js:3620
[LOG] [POST] 85s: refresh=1678 updateRect=425 720x400 @ https://nalet.github.io/VirtualBox-Wasm/:820
[LOG] [JIT] calls=535351 insns=1453849787 fallbacks=51564 avg=3005.1 top=[0xf6:45115 0xdf:38671 0xdd:19335 0xdb:12890 0xff07:12890 0xda:12888 0x6c:6445 0xf06:6445] @ https://nalet.github.io/VirtualBox-Wasm/vbox-wasm.js:3620
[LOG] [POST] 90s: refresh=1777 updateRect=450 720x400 @ https://nalet.github.io/VirtualBox-Wasm/:820
[LOG] [JIT] calls=557691 insns=1545354427 fallbacks=51564 avg=3053.3 top=[0xf6:45115 0xdf:38671 0xdd:19335 0xdb:12890 0xff07:12890 0xda:12888 0x6c:6445 0xf06:6445] @ https://nalet.github.io/VirtualBox-Wasm/vbox-wasm.js:3620
[LOG] [POST] 95s: refresh=1876 updateRect=475 720x400 @ https://nalet.github.io/VirtualBox-Wasm/:820
[LOG] [JIT] calls=578852 insns=1632029883 fallbacks=51564 avg=3095.1 top=[0xf6:45115 0xdf:38671 0xdd:19335 0xdb:12890 0xff07:12890 0xda:12888 0x6c:6445 0xf06:6445] @ https://nalet.github.io/VirtualBox-Wasm/vbox-wasm.js:3620
[LOG] [POST] 100s: refresh=1975 updateRect=500 720x400 @ https://nalet.github.io/VirtualBox-Wasm/:820
[LOG] [JIT] calls=599797 insns=1717820603 fallbacks=51564 avg=3133.4 top=[0xf6:45115 0xdf:38671 0xdd:19335 0xdb:12890 0xff07:12890 0xda:12888 0x6c:6445 0xf06:6445] @ https://nalet.github.io/VirtualBox-Wasm/vbox-wasm.js:3620
[LOG] [WasmDisplay] refresh #2000, updateRect #506 @ https://nalet.github.io/VirtualBox-Wasm/:583
[LOG] [POST] 105s: refresh=2073 updateRect=524 720x400 @ https://nalet.github.io/VirtualBox-Wasm/:820
[LOG] [JIT] calls=621064 insns=1804930235 fallbacks=51564 avg=3169.3 top=[0xf6:45115 0xdf:38671 0xdd:19335 0xdb:12890 0xff07:12890 0xda:12888 0x6c:6445 0xf06:6445] @ https://nalet.github.io/VirtualBox-Wasm/vbox-wasm.js:3620
[LOG] [POST] 110s: refresh=2172 updateRect=549 720x400 @ https://nalet.github.io/VirtualBox-Wasm/:820
[LOG] [JIT] calls=642702 insns=1893559483 fallbacks=51564 avg=3203.2 top=[0xf6:45115 0xdf:38671 0xdd:19335 0xdb:12890 0xff07:12890 0xda:12888 0x6c:6445 0xf06:6445] @ https://nalet.github.io/VirtualBox-Wasm/vbox-wasm.js:3620
[LOG] [POST] 115s: refresh=2271 updateRect=574 720x400 @ https://nalet.github.io/VirtualBox-Wasm/:820
[LOG] [JIT] calls=664269 insns=1981897915 fallbacks=51564 avg=3234.7 top=[0xf6:45115 0xdf:38671 0xdd:19335 0xdb:12890 0xff07:12890 0xda:12888 0x6c:6445 0xf06:6445] @ https://nalet.github.io/VirtualBox-Wasm/vbox-wasm.js:3620
[LOG] [POST] 120s: refresh=2370 updateRect=599 720x400 @ https://nalet.github.io/VirtualBox-Wasm/:820
[LOG] [JIT] calls=685638 insns=2069425339 fallbacks=51564 avg=3263.7 top=[0xf6:45115 0xdf:38671 0xdd:19335 0xdb:12890 0xff07:12890 0xda:12888 0x6c:6445 0xf06:6445] @ https://nalet.github.io/VirtualBox-Wasm/vbox-wasm.js:3620
[LOG] [POST] 125s: refresh=2469 updateRect=624 720x400 @ https://nalet.github.io/VirtualBox-Wasm/:820
[LOG] [JIT] calls=707023 insns=2157018299 fallbacks=51564 avg=3290.9 top=[0xf6:45115 0xdf:38671 0xdd:19335 0xdb:12890 0xff07:12890 0xda:12888 0x6c:6445 0xf06:6445] @ https://nalet.github.io/VirtualBox-Wasm/vbox-wasm.js:3620
[LOG] [WasmDisplay] refresh #2500, updateRect #632 @ https://nalet.github.io/VirtualBox-Wasm/:583
[LOG] [POST] 130s: refresh=2568 updateRect=650 720x400 @ https://nalet.github.io/VirtualBox-Wasm/:820
[LOG] [JIT] calls=729741 insns=2250071227 fallbacks=51564 avg=3317.8 top=[0xf6:45115 0xdf:38671 0xdd:19335 0xdb:12890 0xff07:12890 0xda:12888 0x6c:6445 0xf06:6445] @ https://nalet.github.io/VirtualBox-Wasm/vbox-wasm.js:3620
[LOG] [POST] 135s: refresh=2667 updateRect=675 720x400 @ https://nalet.github.io/VirtualBox-Wasm/:820
[LOG] [JIT] calls=751152 insns=2337770683 fallbacks=51564 avg=3341.6 top=[0xf6:45115 0xdf:38671 0xdd:19335 0xdb:12890 0xff07:12890 0xda:12888 0x6c:6445 0xf06:6445] @ https://nalet.github.io/VirtualBox-Wasm/vbox-wasm.js:3620
[LOG] [POST] 140s: refresh=2766 updateRect=700 720x400 @ https://nalet.github.io/VirtualBox-Wasm/:820
[LOG] [JIT] calls=771266 insns=2420157627 fallbacks=51564 avg=3362.7 top=[0xf6:45115 0xdf:38671 0xdd:19335 0xdb:12890 0xff07:12890 0xda:12888 0x6c:6445 0xf06:6445] @ https://nalet.github.io/VirtualBox-Wasm/vbox-wasm.js:3620
[LOG] [POST] 145s: refresh=2865 updateRect=725 720x400 @ https://nalet.github.io/VirtualBox-Wasm/:820
[LOG] [JIT] calls=792198 insns=2505895099 fallbacks=51564 avg=3383.4 top=[0xf6:45115 0xdf:38671 0xdd:19335 0xdb:12890 0xff07:12890 0xda:12888 0x6c:6445 0xf06:6445] @ https://nalet.github.io/VirtualBox-Wasm/vbox-wasm.js:3620
[LOG] [POST] 150s: refresh=2964 updateRect=750 720x400 @ https://nalet.github.io/VirtualBox-Wasm/:820
[LOG] [JIT] calls=814093 insns=2595577019 fallbacks=51564 avg=3403.9 top=[0xf6:45115 0xdf:38671 0xdd:19335 0xdb:12890 0xff07:12890 0xda:12888 0x6c:6445 0xf06:6445] @ https://nalet.github.io/VirtualBox-Wasm/vbox-wasm.js:3620
[LOG] [WasmDisplay] refresh #3000, updateRect #758 @ https://nalet.github.io/VirtualBox-Wasm/:583
[LOG] [POST] 155s: refresh=3062 updateRect=774 720x400 @ https://nalet.github.io/VirtualBox-Wasm/:820
[LOG] [JIT] calls=835450 insns=2683055291 fallbacks=51564 avg=3422.8 top=[0xf6:45115 0xdf:38671 0xdd:19335 0xdb:12890 0xff07:12890 0xda:12888 0x6c:6445 0xf06:6445] @ https://nalet.github.io/VirtualBox-Wasm/vbox-wasm.js:3620
[LOG] [POST] 160s: refresh=3161 updateRect=799 720x400 @ https://nalet.github.io/VirtualBox-Wasm/:820
[LOG] [JIT] calls=856900 insns=2770914491 fallbacks=51564 avg=3440.7 top=[0xf6:45115 0xdf:38671 0xdd:19335 0xdb:12890 0xff07:12890 0xda:12888 0x6c:6445 0xf06:6445] @ https://nalet.github.io/VirtualBox-Wasm/vbox-wasm.js:3620
[LOG] [POST] 165s: refresh=3260 updateRect=824 720x400 @ https://nalet.github.io/VirtualBox-Wasm/:820
[LOG] [JIT] calls=877865 insns=2856787131 fallbacks=51564 avg=3457.3 top=[0xf6:45115 0xdf:38671 0xdd:19335 0xdb:12890 0xff07:12890 0xda:12888 0x6c:6445 0xf06:6445] @ https://nalet.github.io/VirtualBox-Wasm/vbox-wasm.js:3620
[LOG] [POST] 170s: refresh=3359 updateRect=849 720x400 @ https://nalet.github.io/VirtualBox-Wasm/:820
[LOG] [JIT] calls=899090 insns=2943724731 fallbacks=51564 avg=3473.3 top=[0xf6:45115 0xdf:38671 0xdd:19335 0xdb:12890 0xff07:12890 0xda:12888 0x6c:6445 0xf06:6445] @ https://nalet.github.io/VirtualBox-Wasm/vbox-wasm.js:3620
[LOG] [POST] 175s: refresh=3458 updateRect=875 720x400 @ https://nalet.github.io/VirtualBox-Wasm/:820
[LOG] [JIT] calls=920429 insns=3031129275 fallbacks=51564 avg=3488.6 top=[0xf6:45115 0xdf:38671 0xdd:19335 0xdb:12890 0xff07:12890 0xda:12888 0x6c:6445 0xf06:6445] @ https://nalet.github.io/VirtualBox-Wasm/vbox-wasm.js:3620
[LOG] [WasmDisplay] refresh #3500, updateRect #885 @ https://nalet.github.io/VirtualBox-Wasm/:583
[LOG] [POST] 180s: refresh=3557 updateRect=900 720x400 @ https://nalet.github.io/VirtualBox-Wasm/:820
[LOG] [JIT] calls=941732 insns=3118386363 fallbacks=51564 avg=3503.1 top=[0xf6:45115 0xdf:38671 0xdd:19335 0xdb:12890 0xff07:12890 0xda:12888 0x6c:6445 0xf06:6445] @ https://nalet.github.io/VirtualBox-Wasm/vbox-wasm.js:3620
[LOG] [POST] 185s: refresh=3656 updateRect=925 720x400 @ https://nalet.github.io/VirtualBox-Wasm/:820
[LOG] [JIT] calls=963013 insns=3205553339 fallbacks=51564 avg=3517.0 top=[0xf6:45115 0xdf:38671 0xdd:19335 0xdb:12890 0xff07:12890 0xda:12888 0x6c:6445 0xf06:6445] @ https://nalet.github.io/VirtualBox-Wasm/vbox-wasm.js:3620
[LOG] [POST] 190s: refresh=3755 updateRect=950 720x400 @ https://nalet.github.io/VirtualBox-Wasm/:820
[LOG] [JIT] calls=984634 insns=3294112955 fallbacks=51564 avg=3530.4 top=[0xf6:45115 0xdf:38671 0xdd:19335 0xdb:12890 0xff07:12890 0xda:12888 0x6c:6445 0xf06:6445] @ https://nalet.github.io/VirtualBox-Wasm/vbox-wasm.js:3620
[LOG] [POST] 195s: refresh=3854 updateRect=975 720x400 @ https://nalet.github.io/VirtualBox-Wasm/:820
[LOG] [JIT] calls=1006408 insns=3383299259 fallbacks=51564 avg=3543.3 top=[0xf6:45115 0xdf:38671 0xdd:19335 0xdb:12890 0xff07:12890 0xda:12888 0x6c:6445 0xf06:6445] @ https://nalet.github.io/VirtualBox-Wasm/vbox-wasm.js:3620
[LOG] [POST] 200s: refresh=3953 updateRect=1000 720x400 @ https://nalet.github.io/VirtualBox-Wasm/:820
[LOG] [JIT] calls=1027815 insns=3470982331 fallbacks=51564 avg=3555.4 top=[0xf6:45115 0xdf:38671 0xdd:19335 0xdb:12890 0xff07:12890 0xda:12888 0x6c:6445 0xf06:6445] @ https://nalet.github.io/VirtualBox-Wasm/vbox-wasm.js:3620
[LOG] [WasmDisplay] refresh #4000, updateRect #1011 @ https://nalet.github.io/VirtualBox-Wasm/:583
[LOG] [POST] 205s: refresh=4051 updateRect=1024 720x400 @ https://nalet.github.io/VirtualBox-Wasm/:820
[LOG] [JIT] calls=1049324 insns=3559083195 fallbacks=51564 avg=3567.1 top=[0xf6:45115 0xdf:38671 0xdd:19335 0xdb:12890 0xff07:12890 0xda:12888 0x6c:6445 0xf06:6445] @ https://nalet.github.io/VirtualBox-Wasm/vbox-wasm.js:3620
[LOG] [POST] 210s: refresh=4150 updateRect=1049 720x400 @ https://nalet.github.io/VirtualBox-Wasm/:820
[LOG] [JIT] calls=1069580 insns=3642051771 fallbacks=51564 avg=3577.6 top=[0xf6:45115 0xdf:38671 0xdd:19335 0xdb:12890 0xff07:12890 0xda:12888 0x6c:6445 0xf06:6445] @ https://nalet.github.io/VirtualBox-Wasm/vbox-wasm.js:3620
[LOG] [POST] 215s: refresh=4249 updateRect=1074 720x400 @ https://nalet.github.io/VirtualBox-Wasm/:820
[LOG] [JIT] calls=1091079 insns=3730111675 fallbacks=51564 avg=3588.3 top=[0xf6:45115 0xdf:38671 0xdd:19335 0xdb:12890 0xff07:12890 0xda:12888 0x6c:6445 0xf06:6445] @ https://nalet.github.io/VirtualBox-Wasm/vbox-wasm.js:3620
[LOG] [POST] 220s: refresh=4348 updateRect=1099 720x400 @ https://nalet.github.io/VirtualBox-Wasm/:820
[LOG] [JIT] calls=1112789 insns=3819035835 fallbacks=51564 avg=3598.7 top=[0xf6:45115 0xdf:38671 0xdd:19335 0xdb:12890 0xff07:12890 0xda:12888 0x6c:6445 0xf06:6445] @ https://nalet.github.io/VirtualBox-Wasm/vbox-wasm.js:3620
[LOG] [POST] 225s: refresh=4447 updateRect=1124 720x400 @ https://nalet.github.io/VirtualBox-Wasm/:820
[LOG] [JIT] calls=1133918 insns=3905580219 fallbacks=51564 avg=3608.4 top=[0xf6:45115 0xdf:38671 0xdd:19335 0xdb:12890 0xff07:12890 0xda:12888 0x6c:6445 0xf06:6445] @ https://nalet.github.io/VirtualBox-Wasm/vbox-wasm.js:3620
[LOG] [WasmDisplay] refresh #4500, updateRect #1138 @ https://nalet.github.io/VirtualBox-Wasm/:583
[LOG] [POST] 230s: refresh=4546 updateRect=1149 720x400 @ https://nalet.github.io/VirtualBox-Wasm/:820
[LOG] [JIT] calls=1155231 insns=3992878267 fallbacks=51564 avg=3617.8 top=[0xf6:45115 0xdf:38671 0xdd:19335 0xdb:12890 0xff07:12890 0xda:12888 0x6c:6445 0xf06:6445] @ https://nalet.github.io/VirtualBox-Wasm/vbox-wasm.js:3620
[LOG] [POST] 235s: refresh=4645 updateRect=1174 720x400 @ https://nalet.github.io/VirtualBox-Wasm/:820
[LOG] [JIT] calls=1174902 insns=4073450683 fallbacks=51564 avg=3626.2 top=[0xf6:45115 0xdf:38671 0xdd:19335 0xdb:12890 0xff07:12890 0xda:12888 0x6c:6445 0xf06:6445] @ https://nalet.github.io/VirtualBox-Wasm/vbox-wasm.js:3620
[LOG] [POST] 240s: refresh=4744 updateRect=1200 720x400 @ https://nalet.github.io/VirtualBox-Wasm/:820
[LOG] [JIT] calls=1195452 insns=4157623483 fallbacks=51564 avg=3634.6 top=[0xf6:45115 0xdf:38671 0xdd:19335 0xdb:12890 0xff07:12890 0xda:12888 0x6c:6445 0xf06:6445] @ https://nalet.github.io/VirtualBox-Wasm/vbox-wasm.js:3620
[LOG] [POST] 245s: refresh=4843 updateRect=1225 720x400 @ https://nalet.github.io/VirtualBox-Wasm/:820
[LOG] [JIT] calls=1216449 insns=4243627195 fallbacks=51564 avg=3643.0 top=[0xf6:45115 0xdf:38671 0xdd:19335 0xdb:12890 0xff07:12890 0xda:12888 0x6c:6445 0xf06:6445] @ https://nalet.github.io/VirtualBox-Wasm/vbox-wasm.js:3620
[LOG] [POST] 250s: refresh=4942 updateRect=1250 720x400 @ https://nalet.github.io/VirtualBox-Wasm/:820
[LOG] [JIT] calls=1237698 insns=4330663099 fallbacks=51564 avg=3651.1 top=[0xf6:45115 0xdf:38671 0xdd:19335 0xdb:12890 0xff07:12890 0xda:12888 0x6c:6445 0xf06:6445] @ https://nalet.github.io/VirtualBox-Wasm/vbox-wasm.js:3620
[LOG] [WasmDisplay] refresh #5000, updateRect #1264 @ https://nalet.github.io/VirtualBox-Wasm/:583
[LOG] [POST] 255s: refresh=5041 updateRect=1275 720x400 @ https://nalet.github.io/VirtualBox-Wasm/:820
[LOG] [JIT] calls=1258963 insns=4417764539 fallbacks=51564 avg=3658.9 top=[0xf6:45115 0xdf:38671 0xdd:19335 0xdb:12890 0xff07:12890 0xda:12888 0x6c:6445 0xf06:6445] @ https://nalet.github.io/VirtualBox-Wasm/vbox-wasm.js:3620
[LOG] [POST] 260s: refresh=5140 updateRect=1300 720x400 @ https://nalet.github.io/VirtualBox-Wasm/:820
[LOG] [JIT] calls=1280466 insns=4505840827 fallbacks=51564 avg=3666.6 top=[0xf6:45115 0xdf:38671 0xdd:19335 0xdb:12890 0xff07:12890 0xda:12888 0x6c:6445 0xf06:6445] @ https://nalet.github.io/VirtualBox-Wasm/vbox-wasm.js:3620
[LOG] [POST] 265s: refresh=5239 updateRect=1325 720x400 @ https://nalet.github.io/VirtualBox-Wasm/:820
[LOG] [JIT] calls=1301377 insns=4591492283 fallbacks=51564 avg=3673.7 top=[0xf6:45115 0xdf:38671 0xdd:19335 0xdb:12890 0xff07:12890 0xda:12888 0x6c:6445 0xf06:6445] @ https://nalet.github.io/VirtualBox-Wasm/vbox-wasm.js:3620
[LOG] [POST] 270s: refresh=5338 updateRect=1350 720x400 @ https://nalet.github.io/VirtualBox-Wasm/:820
[LOG] [JIT] calls=1322509 insns=4678048955 fallbacks=51564 avg=3680.8 top=[0xf6:45115 0xdf:38671 0xdd:19335 0xdb:12890 0xff07:12890 0xda:12888 0x6c:6445 0xf06:6445] @ https://nalet.github.io/VirtualBox-Wasm/vbox-wasm.js:3620
[LOG] [POST] 275s: refresh=5437 updateRect=1375 720x400 @ https://nalet.github.io/VirtualBox-Wasm/:820
[LOG] [JIT] calls=1343842 insns=4765428923 fallbacks=51564 avg=3687.6 top=[0xf6:45115 0xdf:38671 0xdd:19335 0xdb:12890 0xff07:12890 0xda:12888 0x6c:6445 0xf06:6445] @ https://nalet.github.io/VirtualBox-Wasm/vbox-wasm.js:3620
[LOG] [WasmDisplay] refresh #5500, updateRect #1390 @ https://nalet.github.io/VirtualBox-Wasm/:583
[LOG] [POST] 280s: refresh=5535 updateRect=1399 720x400 @ https://nalet.github.io/VirtualBox-Wasm/:820
[LOG] [JIT] calls=1364634 insns=4850592955 fallbacks=51564 avg=3694.1 top=[0xf6:45115 0xdf:38671 0xdd:19335 0xdb:12890 0xff07:12890 0xda:12888 0x6c:6445 0xf06:6445] @ https://nalet.github.io/VirtualBox-Wasm/vbox-wasm.js:3620
[LOG] [POST] 285s: refresh=5634 updateRect=1424 720x400 @ https://nalet.github.io/VirtualBox-Wasm/:820
[LOG] [JIT] calls=1385909 insns=4937735355 fallbacks=51564 avg=3700.5 top=[0xf6:45115 0xdf:38671 0xdd:19335 0xdb:12890 0xff07:12890 0xda:12888 0x6c:6445 0xf06:6445] @ https://nalet.github.io/VirtualBox-Wasm/vbox-wasm.js:3620
[LOG] [POST] 290s: refresh=5733 updateRect=1449 720x400 @ https://nalet.github.io/VirtualBox-Wasm/:820
[LOG] [JIT] calls=1407073 insns=5024423099 fallbacks=51564 avg=3706.7 top=[0xf6:45115 0xdf:38671 0xdd:19335 0xdb:12890 0xff07:12890 0xda:12888 0x6c:6445 0xf06:6445] @ https://nalet.github.io/VirtualBox-Wasm/vbox-wasm.js:3620
[LOG] [POST] 295s: refresh=5832 updateRect=1475 720x400 @ https://nalet.github.io/VirtualBox-Wasm/:820
[LOG] [JIT] calls=1428613 insns=5112650939 fallbacks=51564 avg=3712.8 top=[0xf6:45115 0xdf:38671 0xdd:19335 0xdb:12890 0xff07:12890 0xda:12888 0x6c:6445 0xf06:6445] @ https://nalet.github.io/VirtualBox-Wasm/vbox-wasm.js:3620
[LOG] [POST] 300s: refresh=5931 updateRect=1500 720x400 @ https://nalet.github.io/VirtualBox-Wasm/:820
[LOG] [JIT] calls=1449795 insns=5199412411 fallbacks=51564 avg=3718.6 top=[0xf6:45115 0xdf:38671 0xdd:19335 0xdb:12890 0xff07:12890 0xda:12888 0x6c:6445 0xf06:6445] @ https://nalet.github.io/VirtualBox-Wasm/vbox-wasm.js:3620
[LOG] [WasmDisplay] refresh #6000, updateRect #1517 @ https://nalet.github.io/VirtualBox-Wasm/:583
[LOG] [POST] 305s: refresh=6030 updateRect=1525 720x400 @ https://nalet.github.io/VirtualBox-Wasm/:820
[LOG] [JIT] calls=1471003 insns=5286280379 fallbacks=51564 avg=3724.2 top=[0xf6:45115 0xdf:38671 0xdd:19335 0xdb:12890 0xff07:12890 0xda:12888 0x6c:6445 0xf06:6445] @ https://nalet.github.io/VirtualBox-Wasm/vbox-wasm.js:3620
[LOG] [POST] 310s: refresh=6129 updateRect=1550 720x400 @ https://nalet.github.io/VirtualBox-Wasm/:820
[LOG] [JIT] calls=1492194 insns=5373078715 fallbacks=51564 avg=3729.7 top=[0xf6:45115 0xdf:38671 0xdd:19335 0xdb:12890 0xff07:12890 0xda:12888 0x6c:6445 0xf06:6445] @ https://nalet.github.io/VirtualBox-Wasm/vbox-wasm.js:3620
[LOG] [POST] 315s: refresh=6228 updateRect=1575 720x400 @ https://nalet.github.io/VirtualBox-Wasm/:820
[LOG] [JIT] calls=1513745 insns=5461351611 fallbacks=51564 avg=3735.1 top=[0xf6:45115 0xdf:38671 0xdd:19335 0xdb:12890 0xff07:12890 0xda:12888 0x6c:6445 0xf06:6445] @ https://nalet.github.io/VirtualBox-Wasm/vbox-wasm.js:3620
[LOG] [POST] 320s: refresh=6327 updateRect=1600 720x400 @ https://nalet.github.io/VirtualBox-Wasm/:820
[LOG] [JIT] calls=1535381 insns=5549972667 fallbacks=51564 avg=3740.3 top=[0xf6:45115 0xdf:38671 0xdd:19335 0xdb:12890 0xff07:12890 0xda:12888 0x6c:6445 0xf06:6445] @ https://nalet.github.io/VirtualBox-Wasm/vbox-wasm.js:3620
[LOG] [POST] 325s: refresh=6426 updateRect=1625 720x400 @ https://nalet.github.io/VirtualBox-Wasm/:820
[LOG] [JIT] calls=1556483 insns=5636406459 fallbacks=51564 avg=3745.3 top=[0xf6:45115 0xdf:38671 0xdd:19335 0xdb:12890 0xff07:12890 0xda:12888 0x6c:6445 0xf06:6445] @ https://nalet.github.io/VirtualBox-Wasm/vbox-wasm.js:3620
[LOG] [WasmDisplay] refresh #6500, updateRect #1643 @ https://nalet.github.io/VirtualBox-Wasm/:583
[LOG] [POST] 330s: refresh=6524 updateRect=1650 720x400 @ https://nalet.github.io/VirtualBox-Wasm/:820
[LOG] [JIT] calls=1576128 insns=5716872379 fallbacks=51564 avg=3749.8 top=[0xf6:45115 0xdf:38671 0xdd:19335 0xdb:12890 0xff07:12890 0xda:12888 0x6c:6445 0xf06:6445] @ https://nalet.github.io/VirtualBox-Wasm/vbox-wasm.js:3620
[LOG] [POST] 335s: refresh=6623 updateRect=1675 720x400 @ https://nalet.github.io/VirtualBox-Wasm/:820
[LOG] [JIT] calls=1597531 insns=5804539067 fallbacks=51564 avg=3754.6 top=[0xf6:45115 0xdf:38671 0xdd:19335 0xdb:12890 0xff07:12890 0xda:12888 0x6c:6445 0xf06:6445] @ https://nalet.github.io/VirtualBox-Wasm/vbox-wasm.js:3620