Total messages: 105 (Errors: 0, Warnings: 0)

[LOG] [enable-threads] SW activated, reloading for COOP/COEP... @ https://nalet.github.io/VirtualBox-Wasm/enable-threads.js:39
[LOG]  @ https://nalet.github.io/VirtualBox-Wasm/:583
[LOG] === VirtualBox/Wasm VM Harness === @ https://nalet.github.io/VirtualBox-Wasm/:583
[LOG] IPRT version : 7.2.97 @ https://nalet.github.io/VirtualBox-Wasm/:583
[LOG] sizeof(void*): 8 (Wasm64) @ https://nalet.github.io/VirtualBox-Wasm/:583
[LOG]  @ https://nalet.github.io/VirtualBox-Wasm/:583
[LOG] CD-ROM image: /cdrom.iso (409 MB) @ https://nalet.github.io/VirtualBox-Wasm/:583
[LOG] Creating VM... @ https://nalet.github.io/VirtualBox-Wasm/:583
[LOG] [WASM-THREAD] rtThreadNativeCreate: name= cbStack=1048576 @ https://nalet.github.io/VirtualBox-Wasm/:583
[LOG] [WASM-THREAD] pthread_create for '': rc=0 id=0000000000bca008 @ https://nalet.github.io/VirtualBox-Wasm/:583
[LOG] [WASM-THREAD] wasmThreadNativeMain entered: name= self=0000000000bca008 @ https://nalet.github.io/VirtualBox-Wasm/:583
[LOG] [WASM-THREAD] calling rtThreadMain for '' @ https://nalet.github.io/VirtualBox-Wasm/:583
[LOG] CFGM configuration tree built successfully. @ https://nalet.github.io/VirtualBox-Wasm/:583
[LOG] STUB: RTRandAdvCreateSystemFaster returning VERR_NOT_SUPPORTED @ https://nalet.github.io/VirtualBox-Wasm/:583
[LOG] [WasmDisplay] VGA refresh timer armed (50ms / 20fps) @ https://nalet.github.io/VirtualBox-Wasm/:583
[LOG] [WasmDisplay] Display driver attached (initial 720x400 32bpp) @ https://nalet.github.io/VirtualBox-Wasm/:583
[LOG] [WASM-THREAD] rtThreadNativeCreate: name= cbStack=0 @ https://nalet.github.io/VirtualBox-Wasm/:583
[LOG] [WASM-THREAD] pthread_create for '': rc=0 id=0000000001ef7040 @ https://nalet.github.io/VirtualBox-Wasm/:583
[LOG] [WASM-THREAD] rtThreadNativeCreate: name= cbStack=0 @ https://nalet.github.io/VirtualBox-Wasm/:583
[LOG] [WASM-THREAD] wasmThreadNativeMain entered: name= self=0000000001ef7040 @ https://nalet.github.io/VirtualBox-Wasm/:583
[LOG] [WASM-THREAD] calling rtThreadMain for '' @ https://nalet.github.io/VirtualBox-Wasm/:583
[LOG] [WASM-THREAD] wasmThreadNativeMain entered: name= self=0000000001f78c30 @ https://nalet.github.io/VirtualBox-Wasm/:583
[LOG] [WASM-THREAD] calling rtThreadMain for '' @ https://nalet.github.io/VirtualBox-Wasm/:583
[LOG] [WASM-THREAD] pthread_create for '': rc=0 id=0000000001f78c30 @ https://nalet.github.io/VirtualBox-Wasm/:583
[LOG] VM created successfully! @ https://nalet.github.io/VirtualBox-Wasm/:583
[LOG] Powering on VM... @ https://nalet.github.io/VirtualBox-Wasm/:583
[LOG] VM is running! @ https://nalet.github.io/VirtualBox-Wasm/:583
[LOG] IEM is executing guest x86 code... @ https://nalet.github.io/VirtualBox-Wasm/:583
[LOG] Main thread returning (EMT continues in background). @ https://nalet.github.io/VirtualBox-Wasm/:583
[LOG] [JIT] Guest RAM base set: 00000000007e3000 @ https://nalet.github.io/VirtualBox-Wasm/:583
[LOG] [WasmDisplay] Resize: 720x400 0bpp (scanline 0 bytes) @ https://nalet.github.io/VirtualBox-Wasm/:583
[LOG] [POST] 5s: refresh=96 updateRect=24 720x400 @ https://nalet.github.io/VirtualBox-Wasm/:820
[LOG] [POST] 10s: refresh=196 updateRect=49 720x400 @ https://nalet.github.io/VirtualBox-Wasm/:820
[LOG] [POST] 15s: refresh=296 updateRect=74 720x400 @ https://nalet.github.io/VirtualBox-Wasm/:820
[LOG] [POST] 20s: refresh=396 updateRect=99 720x400 @ https://nalet.github.io/VirtualBox-Wasm/:820
[LOG] [POST] 25s: refresh=496 updateRect=124 720x400 @ https://nalet.github.io/VirtualBox-Wasm/:820
[LOG] [WasmDisplay] refresh #500, updateRect #125 @ https://nalet.github.io/VirtualBox-Wasm/:583
[LOG] [POST] 30s: refresh=596 updateRect=149 720x400 @ https://nalet.github.io/VirtualBox-Wasm/:820
[LOG] [POST] 35s: refresh=696 updateRect=174 720x400 @ https://nalet.github.io/VirtualBox-Wasm/:820
[LOG] [POST] 40s: refresh=796 updateRect=199 720x400 @ https://nalet.github.io/VirtualBox-Wasm/:820
[LOG] [POST] 45s: refresh=896 updateRect=224 720x400 @ https://nalet.github.io/VirtualBox-Wasm/:820
[LOG] [POST] 50s: refresh=996 updateRect=249 720x400 @ https://nalet.github.io/VirtualBox-Wasm/:820
[LOG] [WasmDisplay] refresh #1000, updateRect #250 @ https://nalet.github.io/VirtualBox-Wasm/:583
[LOG] [POST] 55s: refresh=1096 updateRect=274 720x400 @ https://nalet.github.io/VirtualBox-Wasm/:820
[LOG] [POST] 60s: refresh=1196 updateRect=299 720x400 @ https://nalet.github.io/VirtualBox-Wasm/:820
[LOG] [POST] 65s: refresh=1296 updateRect=324 720x400 @ https://nalet.github.io/VirtualBox-Wasm/:820
[LOG] [POST] 70s: refresh=1396 updateRect=349 720x400 @ https://nalet.github.io/VirtualBox-Wasm/:820
[LOG] [POST] 75s: refresh=1496 updateRect=374 720x400 @ https://nalet.github.io/VirtualBox-Wasm/:820
[LOG] [WasmDisplay] refresh #1500, updateRect #375 @ https://nalet.github.io/VirtualBox-Wasm/:583
[LOG] [POST] 80s: refresh=1596 updateRect=399 720x400 @ https://nalet.github.io/VirtualBox-Wasm/:820
[LOG] [POST] 85s: refresh=1696 updateRect=424 720x400 @ https://nalet.github.io/VirtualBox-Wasm/:820
[LOG] [POST] 90s: refresh=1796 updateRect=449 720x400 @ https://nalet.github.io/VirtualBox-Wasm/:820
[LOG] [POST] 95s: refresh=1896 updateRect=474 720x400 @ https://nalet.github.io/VirtualBox-Wasm/:820
[LOG] [POST] 100s: refresh=1996 updateRect=499 720x400 @ https://nalet.github.io/VirtualBox-Wasm/:820
[LOG] [WasmDisplay] refresh #2000, updateRect #500 @ https://nalet.github.io/VirtualBox-Wasm/:583
[LOG] [POST] 105s: refresh=2096 updateRect=524 720x400 @ https://nalet.github.io/VirtualBox-Wasm/:820
[LOG] [POST] 110s: refresh=2196 updateRect=549 720x400 @ https://nalet.github.io/VirtualBox-Wasm/:820
[LOG] [POST] 115s: refresh=2296 updateRect=574 720x400 @ https://nalet.github.io/VirtualBox-Wasm/:820
[LOG] [POST] 120s: refresh=2396 updateRect=599 720x400 @ https://nalet.github.io/VirtualBox-Wasm/:820
[LOG] [POST] 125s: refresh=2496 updateRect=624 720x400 @ https://nalet.github.io/VirtualBox-Wasm/:820
[LOG] [WasmDisplay] refresh #2500, updateRect #625 @ https://nalet.github.io/VirtualBox-Wasm/:583
[LOG] [POST] 130s: refresh=2596 updateRect=649 720x400 @ https://nalet.github.io/VirtualBox-Wasm/:820
[LOG] [POST] 135s: refresh=2696 updateRect=674 720x400 @ https://nalet.github.io/VirtualBox-Wasm/:820
[LOG] [POST] 140s: refresh=2796 updateRect=699 720x400 @ https://nalet.github.io/VirtualBox-Wasm/:820
[LOG] [POST] 145s: refresh=2896 updateRect=724 720x400 @ https://nalet.github.io/VirtualBox-Wasm/:820
[LOG] [POST] 150s: refresh=2996 updateRect=749 720x400 @ https://nalet.github.io/VirtualBox-Wasm/:820
[LOG] [WasmDisplay] refresh #3000, updateRect #750 @ https://nalet.github.io/VirtualBox-Wasm/:583
[LOG] [POST] 155s: refresh=3096 updateRect=774 720x400 @ https://nalet.github.io/VirtualBox-Wasm/:820
[LOG] [POST] 160s: refresh=3196 updateRect=799 720x400 @ https://nalet.github.io/VirtualBox-Wasm/:820
[LOG] [POST] 165s: refresh=3296 updateRect=824 720x400 @ https://nalet.github.io/VirtualBox-Wasm/:820
[LOG] [POST] 170s: refresh=3396 updateRect=849 720x400 @ https://nalet.github.io/VirtualBox-Wasm/:820
[LOG] [POST] 175s: refresh=3496 updateRect=874 720x400 @ https://nalet.github.io/VirtualBox-Wasm/:820
[LOG] [WasmDisplay] refresh #3500, updateRect #875 @ https://nalet.github.io/VirtualBox-Wasm/:583
[LOG] [POST] 180s: refresh=3596 updateRect=899 720x400 @ https://nalet.github.io/VirtualBox-Wasm/:820
[LOG] [POST] 185s: refresh=3696 updateRect=924 720x400 @ https://nalet.github.io/VirtualBox-Wasm/:820
[LOG] [POST] 190s: refresh=3796 updateRect=949 720x400 @ https://nalet.github.io/VirtualBox-Wasm/:820
[LOG] [POST] 195s: refresh=3896 updateRect=974 720x400 @ https://nalet.github.io/VirtualBox-Wasm/:820
[LOG] [POST] 200s: refresh=3996 updateRect=999 720x400 @ https://nalet.github.io/VirtualBox-Wasm/:820
[LOG] [WasmDisplay] refresh #4000, updateRect #1000 @ https://nalet.github.io/VirtualBox-Wasm/:583
[LOG] [POST] 205s: refresh=4096 updateRect=1024 720x400 @ https://nalet.github.io/VirtualBox-Wasm/:820
[LOG] [POST] 210s: refresh=4196 updateRect=1049 720x400 @ https://nalet.github.io/VirtualBox-Wasm/:820
[LOG] [POST] 215s: refresh=4296 updateRect=1074 720x400 @ https://nalet.github.io/VirtualBox-Wasm/:820
[LOG] [POST] 220s: refresh=4396 updateRect=1099 720x400 @ https://nalet.github.io/VirtualBox-Wasm/:820
[LOG] [POST] 225s: refresh=4496 updateRect=1124 720x400 @ https://nalet.github.io/VirtualBox-Wasm/:820
[LOG] [WasmDisplay] refresh #4500, updateRect #1125 @ https://nalet.github.io/VirtualBox-Wasm/:583
[LOG] [POST] 230s: refresh=4596 updateRect=1149 720x400 @ https://nalet.github.io/VirtualBox-Wasm/:820
[LOG] [POST] 235s: refresh=4696 updateRect=1174 720x400 @ https://nalet.github.io/VirtualBox-Wasm/:820
[LOG] [POST] 240s: refresh=4796 updateRect=1199 720x400 @ https://nalet.github.io/VirtualBox-Wasm/:820
[LOG] [POST] 245s: refresh=4896 updateRect=1224 720x400 @ https://nalet.github.io/VirtualBox-Wasm/:820
[LOG] [POST] 250s: refresh=4996 updateRect=1249 720x400 @ https://nalet.github.io/VirtualBox-Wasm/:820
[LOG] [WasmDisplay] refresh #5000, updateRect #1250 @ https://nalet.github.io/VirtualBox-Wasm/:583
[LOG] [POST] 255s: refresh=5096 updateRect=1274 720x400 @ https://nalet.github.io/VirtualBox-Wasm/:820
[LOG] [POST] 260s: refresh=5196 updateRect=1299 720x400 @ https://nalet.github.io/VirtualBox-Wasm/:820
[LOG] [POST] 265s: refresh=5296 updateRect=1324 720x400 @ https://nalet.github.io/VirtualBox-Wasm/:820
[LOG] [POST] 270s: refresh=5396 updateRect=1349 720x400 @ https://nalet.github.io/VirtualBox-Wasm/:820
[LOG] [POST] 275s: refresh=5496 updateRect=1374 720x400 @ https://nalet.github.io/VirtualBox-Wasm/:820
[LOG] [WasmDisplay] refresh #5500, updateRect #1375 @ https://nalet.github.io/VirtualBox-Wasm/:583
[LOG] [POST] 280s: refresh=5596 updateRect=1399 720x400 @ https://nalet.github.io/VirtualBox-Wasm/:820
[LOG] [POST] 285s: refresh=5696 updateRect=1424 720x400 @ https://nalet.github.io/VirtualBox-Wasm/:820
[LOG] [POST] 290s: refresh=5796 updateRect=1449 720x400 @ https://nalet.github.io/VirtualBox-Wasm/:820
[LOG] [POST] 295s: refresh=5896 updateRect=1474 720x400 @ https://nalet.github.io/VirtualBox-Wasm/:820
[LOG] [POST] 300s: refresh=5996 updateRect=1499 720x400 @ https://nalet.github.io/VirtualBox-Wasm/:820
[LOG] [WasmDisplay] refresh #6000, updateRect #1500 @ https://nalet.github.io/VirtualBox-Wasm/:583
[LOG] [POST] 305s: refresh=6096 updateRect=1524 720x400 @ https://nalet.github.io/VirtualBox-Wasm/:820
[LOG] [POST] 310s: refresh=6196 updateRect=1549 720x400 @ https://nalet.github.io/VirtualBox-Wasm/:820