[   36293ms] [WARNING] worker: onmessage() captured an uncaught exception: TypeError: Cannot convert 241 to a BigInt @ https://nalet.github.io/VirtualBox-Wasm/:462
[   36357ms] TypeError: Cannot convert 241 to a BigInt
    at wasmCallFuncPtrTrampoline (https://nalet.github.io/VirtualBox-Wasm/vbox-wasm.js:6513:24)
    at vbox-wasm.wasm.vmR3ReqProcessOne(VMREQ*) (https://nalet.github.io/VirtualBox-Wasm/vbox-wasm.wasm:wasm-function[1983]:0xd02c2)
    at vbox-wasm.wasm.VMR3ReqProcessU (https://nalet.github.io/VirtualBox-Wasm/vbox-wasm.wasm:wasm-function[1984]:0xd04ba)
    at vbox-wasm.wasm.vmR3EmulationThreadWithId(RTTHREADINT*, UVMCPU*, unsigned int) (https://nalet.github.io/VirtualBox-Wasm/vbox-wasm.wasm:wasm-function[1943]:0xcd16a)
    at vbox-wasm.wasm.vmR3EmulationThread (https://nalet.github.io/VirtualBox-Wasm/vbox-wasm.wasm:wasm-function[1942]:0xcd043)
    at vbox-wasm.wasm.rtThreadMain (https://nalet.github.io/VirtualBox-Wasm/vbox-wasm.wasm:wasm-function[7551]:0x30c6c6)
    at vbox-wasm.wasm.wasmThreadNativeMain(void*) (https://nalet.github.io/VirtualBox-Wasm/vbox-wasm.wasm:wasm-function[299]:0xe937)
    at https://nalet.github.io/VirtualBox-Wasm/vbox-wasm.js:1299:46
    at invokeEntryPoint (https://nalet.github.io/VirtualBox-Wasm/vbox-wasm.js:1299:69)
    at handleMessage (https://nalet.github.io/VirtualBox-Wasm/vbox-wasm.js:498:11)
[   36294ms] [WARNING] TypeError: Cannot convert 241 to a BigInt
    at wasmCallFuncPtrTrampoline (https://nalet.github.io/VirtualBox-Wasm/vbox-wasm.js:6513:24)
    at vbox-wasm.wasm.vmR3ReqProcessOne(VMREQ*) (https://nalet.github.io/VirtualBox-Wasm/vbox-wasm.wasm:wasm-function[1983]:0xd02c2)
    at vbox-wasm.wasm.VMR3ReqProcessU (https://nalet.github.io/VirtualBox-Wasm/vbox-wasm.wasm:wasm-function[1984]:0xd04ba)
    at vbox-wasm.wasm.vmR3EmulationThreadWithId(RTTHREADINT*, UVMCPU*, unsigned int) (https://nalet.github.io/VirtualBox-Wasm/vbox-wasm.wasm:wasm-function[1943]:0xcd16a)
    at vbox-wasm.wasm.vmR3EmulationThread (https://nalet.github.io/VirtualBox-Wasm/vbox-wasm.wasm:wasm-function[1942]:0xcd043)
    at vbox-wasm.wasm.rtThreadMain (https://nalet.github.io/VirtualBox-Wasm/vbox-wasm.wasm:wasm-function[7551]:0x30c6c6)
    at vbox-wasm.wasm.wasmThreadNativeMain(void*) (https://nalet.github.io/VirtualBox-Wasm/vbox-wasm.wasm:wasm-function[299]:0xe937)
    at https://nalet.github.io/VirtualBox-Wasm/vbox-wasm.js:1299:46
    at invokeEntryPoint (https://nalet.github.io/VirtualBox-Wasm/vbox-wasm.js:1299:69)
    at handleMessage (https://nalet.github.io/VirtualBox-Wasm/vbox-wasm.js:498:11) @ https://nalet.github.io/VirtualBox-Wasm/:462
[   36296ms] [WARNING] Pthread 0x0000000000ba7008 sent an error! https://nalet.github.io/VirtualBox-Wasm/vbox-wasm.js:6513: Uncaught TypeError: Cannot convert 241 to a BigInt @ https://nalet.github.io/VirtualBox-Wasm/:462
[   36358ms] ErrorEvent
