Total messages: 50 (Errors: 0, Warnings: 0)

[LOG] [enable-threads] SW activated, reloading for COOP/COEP... @ https://nalet.github.io/VirtualBox-Wasm/enable-threads.js:39
[LOG]  @ https://nalet.github.io/VirtualBox-Wasm/:495
[LOG] === VirtualBox/Wasm VM Harness === @ https://nalet.github.io/VirtualBox-Wasm/:495
[LOG] IPRT version : 7.2.97 @ https://nalet.github.io/VirtualBox-Wasm/:495
[LOG] sizeof(void*): 8 (Wasm64) @ https://nalet.github.io/VirtualBox-Wasm/:495
[LOG]  @ https://nalet.github.io/VirtualBox-Wasm/:495
[LOG] CD-ROM image: /cdrom.iso (409 MB) @ https://nalet.github.io/VirtualBox-Wasm/:495
[LOG] Creating VM... @ https://nalet.github.io/VirtualBox-Wasm/:495
[LOG] [WASM-THREAD] rtThreadNativeCreate: name= cbStack=1048576 @ https://nalet.github.io/VirtualBox-Wasm/:495
[LOG] [WASM-THREAD] pthread_create for '': rc=0 id=0000000000bca008 @ https://nalet.github.io/VirtualBox-Wasm/:495
[LOG] [WASM-THREAD] wasmThreadNativeMain entered: name= self=0000000000bca008 @ https://nalet.github.io/VirtualBox-Wasm/:495
[LOG] [WASM-THREAD] calling rtThreadMain for '' @ https://nalet.github.io/VirtualBox-Wasm/:495
[LOG] CFGM configuration tree built successfully. @ https://nalet.github.io/VirtualBox-Wasm/:495
[LOG] STUB: RTRandAdvCreateSystemFaster returning VERR_NOT_SUPPORTED @ https://nalet.github.io/VirtualBox-Wasm/:495
[LOG] [WasmDisplay] VGA refresh timer armed (50ms / 20fps) @ https://nalet.github.io/VirtualBox-Wasm/:495
[LOG] [WasmDisplay] Display driver attached (initial 720x400 32bpp) @ https://nalet.github.io/VirtualBox-Wasm/:495
[LOG] [WASM-THREAD] rtThreadNativeCreate: name= cbStack=0 @ https://nalet.github.io/VirtualBox-Wasm/:495
[LOG] [WASM-THREAD] pthread_create for '': rc=0 id=0000000001ef6fa0 @ https://nalet.github.io/VirtualBox-Wasm/:495
[LOG] [WASM-THREAD] rtThreadNativeCreate: name= cbStack=0 @ https://nalet.github.io/VirtualBox-Wasm/:495
[LOG] [WASM-THREAD] wasmThreadNativeMain entered: name= self=0000000001ef6fa0 @ https://nalet.github.io/VirtualBox-Wasm/:495
[LOG] [WASM-THREAD] calling rtThreadMain for '' @ https://nalet.github.io/VirtualBox-Wasm/:495
[LOG] [WASM-THREAD] wasmThreadNativeMain entered: name= self=0000000001f78b90 @ https://nalet.github.io/VirtualBox-Wasm/:495
[LOG] [WASM-THREAD] calling rtThreadMain for '' @ https://nalet.github.io/VirtualBox-Wasm/:495
[LOG] [WASM-THREAD] pthread_create for '': rc=0 id=0000000001f78b90 @ https://nalet.github.io/VirtualBox-Wasm/:495
[LOG] VM created successfully! @ https://nalet.github.io/VirtualBox-Wasm/:495
[LOG] Powering on VM... @ https://nalet.github.io/VirtualBox-Wasm/:495
[LOG] VM is running! @ https://nalet.github.io/VirtualBox-Wasm/:495
[LOG] IEM is executing guest x86 code... @ https://nalet.github.io/VirtualBox-Wasm/:495
[LOG] Main thread returning (EMT continues in background). @ https://nalet.github.io/VirtualBox-Wasm/:495
[LOG] [JIT] bail: codePhys=0xfffffff0 ramSize=0x1f81d000 ramBase=0x7e3000 csBase=0xffff0000 ip=0xfff0 @ https://nalet.github.io/VirtualBox-Wasm/vbox-wasm.js:693
[LOG] [JIT] calls=1 insns=0 fallbacks=1 avg=0.0 top=[] @ https://nalet.github.io/VirtualBox-Wasm/vbox-wasm.js:2884
[LOG] [JIT] FF/7 modrm=0xff at f0000:1 ci+1=ff,ff,ff @ https://nalet.github.io/VirtualBox-Wasm/vbox-wasm.js:2502
[LOG] [JIT] FF/7 modrm=0xff at f0000:3 ci+1=ff,ff,ff @ https://nalet.github.io/VirtualBox-Wasm/vbox-wasm.js:2502
[LOG] [JIT] FF/7 modrm=0xff at f0000:5 ci+1=ff,ff,ff @ https://nalet.github.io/VirtualBox-Wasm/vbox-wasm.js:2502
[LOG] [JIT] FF/7 modrm=0xff at f0000:19 ci+1=ff,ff,ff @ https://nalet.github.io/VirtualBox-Wasm/vbox-wasm.js:2502
[LOG] [JIT] FF/7 modrm=0xff at f0000:1b ci+1=ff,ff,ff @ https://nalet.github.io/VirtualBox-Wasm/vbox-wasm.js:2502
[LOG] [JIT] FF/7 modrm=0xff at f0000:1d ci+1=ff,ff,ff @ https://nalet.github.io/VirtualBox-Wasm/vbox-wasm.js:2502
[LOG] [JIT] FF/7 modrm=0xff at f0000:1 ci+1=ff,ff,ff @ https://nalet.github.io/VirtualBox-Wasm/vbox-wasm.js:2502
[LOG] [JIT] FF/7 modrm=0xff at f0000:3 ci+1=ff,ff,ff @ https://nalet.github.io/VirtualBox-Wasm/vbox-wasm.js:2502
[LOG] [JIT] FF/7 modrm=0xff at f0000:5 ci+1=ff,ff,ff @ https://nalet.github.io/VirtualBox-Wasm/vbox-wasm.js:2502
[LOG] [JIT] FF/7 modrm=0xff at f0000:19 ci+1=ff,ff,ff @ https://nalet.github.io/VirtualBox-Wasm/vbox-wasm.js:2502
[LOG] [JIT] FF/7 modrm=0xff at f0000:1b ci+1=ff,ff,ff @ https://nalet.github.io/VirtualBox-Wasm/vbox-wasm.js:2502
[LOG] [JIT] FF/7 modrm=0xff at f0000:1d ci+1=ff,ff,ff @ https://nalet.github.io/VirtualBox-Wasm/vbox-wasm.js:2502
[LOG] [WasmDisplay] Resize: 720x400 0bpp (scanline 0 bytes) @ https://nalet.github.io/VirtualBox-Wasm/:495
[LOG] [POST] 5s: refresh=96 updateRect=25 720x400 @ https://nalet.github.io/VirtualBox-Wasm/:732
[LOG] [JIT] calls=199173 insns=91822793 fallbacks=1 avg=461.0 top=[0xff07:21204] @ https://nalet.github.io/VirtualBox-Wasm/vbox-wasm.js:2884
[LOG] [POST] 10s: refresh=195 updateRect=50 720x400 @ https://nalet.github.io/VirtualBox-Wasm/:732
[LOG] [JIT] calls=406789 insns=187535474 fallbacks=1 avg=461.0 top=[0xff07:43302] @ https://nalet.github.io/VirtualBox-Wasm/vbox-wasm.js:2884
[LOG] [POST] 15s: refresh=294 updateRect=75 720x400 @ https://nalet.github.io/VirtualBox-Wasm/:732
[LOG] [JIT] calls=611538 insns=281928450 fallbacks=1 avg=461.0 top=[0xff07:65094] @ https://nalet.github.io/VirtualBox-Wasm/vbox-wasm.js:2884