Total messages: 17 (Errors: 2, Warnings: 3)

[LOG] [enable-threads] SW activated, reloading for COOP/COEP... @ https://nalet.github.io/VirtualBox-Wasm/enable-threads.js:39
[LOG]  @ https://nalet.github.io/VirtualBox-Wasm/:457
[LOG] === VirtualBox/Wasm VM Harness === @ https://nalet.github.io/VirtualBox-Wasm/:457
[LOG] IPRT version : 7.2.97 @ https://nalet.github.io/VirtualBox-Wasm/:457
[LOG] sizeof(void*): 8 (Wasm64) @ https://nalet.github.io/VirtualBox-Wasm/:457
[LOG]  @ https://nalet.github.io/VirtualBox-Wasm/:457
[LOG] CD-ROM image: /cdrom.iso (409 MB) @ https://nalet.github.io/VirtualBox-Wasm/:457
[LOG] Creating VM... @ https://nalet.github.io/VirtualBox-Wasm/:457
[LOG] [WASM-THREAD] rtThreadNativeCreate: name= cbStack=1048576 @ https://nalet.github.io/VirtualBox-Wasm/:457
[LOG] [WASM-THREAD] pthread_create for '': rc=0 id=0000000000ba7008 @ https://nalet.github.io/VirtualBox-Wasm/:457
[LOG] [WASM-THREAD] wasmThreadNativeMain entered: name= self=0000000000ba7008 @ https://nalet.github.io/VirtualBox-Wasm/:457
[LOG] [WASM-THREAD] calling rtThreadMain for '' @ https://nalet.github.io/VirtualBox-Wasm/:457
[WARNING] worker: onmessage() captured an uncaught exception: RuntimeError: function signature mismatch @ https://nalet.github.io/VirtualBox-Wasm/:462
[WARNING] RuntimeError: function signature mismatch
    at https://nalet.github.io/VirtualBox-Wasm/vbox-wasm.wasm:wasm-function[1982]:0xd0329
    at https://nalet.github.io/VirtualBox-Wasm/vbox-wasm.wasm:wasm-function[1983]:0xd0846
    at https://nalet.github.io/VirtualBox-Wasm/vbox-wasm.wasm:wasm-function[1942]:0xcd136
    at https://nalet.github.io/VirtualBox-Wasm/vbox-wasm.wasm:wasm-function[1941]:0xcd00f
    at https://nalet.github.io/VirtualBox-Wasm/vbox-wasm.wasm:wasm-function[7550]:0x30ca52
    at https://nalet.github.io/VirtualBox-Wasm/vbox-wasm.wasm:wasm-function[298]:0xe903
    at https://nalet.github.io/VirtualBox-Wasm/vbox-wasm.js:1299:46
    at invokeEntryPoint (https://nalet.github.io/VirtualBox-Wasm/vbox-wasm.js:1299:69)
    at handleMessage (https://nalet.github.io/VirtualBox-Wasm/vbox-wasm.js:498:11) @ https://nalet.github.io/VirtualBox-Wasm/:462
[WARNING] Pthread 0x0000000000ba7008 sent an error! https://nalet.github.io/VirtualBox-Wasm/vbox-wasm.js:522: Uncaught RuntimeError: function signature mismatch @ https://nalet.github.io/VirtualBox-Wasm/:462
ErrorEvent
RuntimeError: function signature mismatch
    at https://nalet.github.io/VirtualBox-Wasm/vbox-wasm.wasm:wasm-function[1982]:0xd0329
    at https://nalet.github.io/VirtualBox-Wasm/vbox-wasm.wasm:wasm-function[1983]:0xd0846
    at https://nalet.github.io/VirtualBox-Wasm/vbox-wasm.wasm:wasm-function[1942]:0xcd136
    at https://nalet.github.io/VirtualBox-Wasm/vbox-wasm.wasm:wasm-function[1941]:0xcd00f
    at https://nalet.github.io/VirtualBox-Wasm/vbox-wasm.wasm:wasm-function[7550]:0x30ca52
    at https://nalet.github.io/VirtualBox-Wasm/vbox-wasm.wasm:wasm-function[298]:0xe903
    at https://nalet.github.io/VirtualBox-Wasm/vbox-wasm.js:1299:46
    at invokeEntryPoint (https://nalet.github.io/VirtualBox-Wasm/vbox-wasm.js:1299:69)
    at handleMessage (https://nalet.github.io/VirtualBox-Wasm/vbox-wasm.js:498:11)