Total messages: 67 (Errors: 0, Warnings: 0)

[LOG] [enable-threads] SW activated, reloading for COOP/COEP... @ https://nalet.github.io/VirtualBox-Wasm/enable-threads.js:39
[LOG]  @ https://nalet.github.io/VirtualBox-Wasm/:495
[LOG] === VirtualBox/Wasm VM Harness === @ https://nalet.github.io/VirtualBox-Wasm/:495
[LOG] IPRT version : 7.2.97 @ https://nalet.github.io/VirtualBox-Wasm/:495
[LOG] sizeof(void*): 8 (Wasm64) @ https://nalet.github.io/VirtualBox-Wasm/:495
[LOG]  @ https://nalet.github.io/VirtualBox-Wasm/:495
[LOG] CD-ROM image: /cdrom.iso (409 MB) @ https://nalet.github.io/VirtualBox-Wasm/:495
[LOG] Creating VM... @ https://nalet.github.io/VirtualBox-Wasm/:495
[LOG] [WASM-THREAD] rtThreadNativeCreate: name= cbStack=1048576 @ https://nalet.github.io/VirtualBox-Wasm/:495
[LOG] [WASM-THREAD] pthread_create for '': rc=0 id=0000000000bca008 @ https://nalet.github.io/VirtualBox-Wasm/:495
[LOG] [WASM-THREAD] wasmThreadNativeMain entered: name= self=0000000000bca008 @ https://nalet.github.io/VirtualBox-Wasm/:495
[LOG] [WASM-THREAD] calling rtThreadMain for '' @ https://nalet.github.io/VirtualBox-Wasm/:495
[LOG] CFGM configuration tree built successfully. @ https://nalet.github.io/VirtualBox-Wasm/:495
[LOG] STUB: RTRandAdvCreateSystemFaster returning VERR_NOT_SUPPORTED @ https://nalet.github.io/VirtualBox-Wasm/:495
[LOG] [WasmDisplay] VGA refresh timer armed (50ms / 20fps) @ https://nalet.github.io/VirtualBox-Wasm/:495
[LOG] [WasmDisplay] Display driver attached (initial 720x400 32bpp) @ https://nalet.github.io/VirtualBox-Wasm/:495
[LOG] [WASM-THREAD] rtThreadNativeCreate: name= cbStack=0 @ https://nalet.github.io/VirtualBox-Wasm/:495
[LOG] [WASM-THREAD] pthread_create for '': rc=0 id=0000000001ef6fa0 @ https://nalet.github.io/VirtualBox-Wasm/:495
[LOG] [WASM-THREAD] rtThreadNativeCreate: name= cbStack=0 @ https://nalet.github.io/VirtualBox-Wasm/:495
[LOG] [WASM-THREAD] wasmThreadNativeMain entered: name= self=0000000001ef6fa0 @ https://nalet.github.io/VirtualBox-Wasm/:495
[LOG] [WASM-THREAD] calling rtThreadMain for '' @ https://nalet.github.io/VirtualBox-Wasm/:495
[LOG] [WASM-THREAD] wasmThreadNativeMain entered: name= self=0000000001f78b90 @ https://nalet.github.io/VirtualBox-Wasm/:495
[LOG] [WASM-THREAD] calling rtThreadMain for '' @ https://nalet.github.io/VirtualBox-Wasm/:495
[LOG] [WASM-THREAD] pthread_create for '': rc=0 id=0000000001f78b90 @ https://nalet.github.io/VirtualBox-Wasm/:495
[LOG] VM created successfully! @ https://nalet.github.io/VirtualBox-Wasm/:495
[LOG] Powering on VM... @ https://nalet.github.io/VirtualBox-Wasm/:495
[LOG] VM is running! @ https://nalet.github.io/VirtualBox-Wasm/:495
[LOG] IEM is executing guest x86 code... @ https://nalet.github.io/VirtualBox-Wasm/:495
[LOG] Main thread returning (EMT continues in background). @ https://nalet.github.io/VirtualBox-Wasm/:495
[LOG] [JIT] bail: codePhys=0xfffffff0 ramSize=0x1f81d000 ramBase=0x7e3000 csBase=0xffff0000 ip=0xfff0 @ https://nalet.github.io/VirtualBox-Wasm/vbox-wasm.js:691
[LOG] [JIT] calls=1 insns=0 fallbacks=1 avg=0.0 @ https://nalet.github.io/VirtualBox-Wasm/vbox-wasm.js:2859
[LOG] [WasmDisplay] Resize: 720x400 0bpp (scanline 0 bytes) @ https://nalet.github.io/VirtualBox-Wasm/:495
[LOG] [POST] 5s: refresh=95 updateRect=24 720x400 @ https://nalet.github.io/VirtualBox-Wasm/:732
[LOG] [JIT] calls=43956 insns=95188940 fallbacks=1 avg=2165.6 @ https://nalet.github.io/VirtualBox-Wasm/vbox-wasm.js:2859
[LOG] [POST] 10s: refresh=194 updateRect=50 720x400 @ https://nalet.github.io/VirtualBox-Wasm/:732
[LOG] [JIT] calls=88269 insns=191146643 fallbacks=1 avg=2165.5 @ https://nalet.github.io/VirtualBox-Wasm/vbox-wasm.js:2859
[LOG] [POST] 15s: refresh=293 updateRect=75 720x400 @ https://nalet.github.io/VirtualBox-Wasm/:732
[LOG] [JIT] calls=133750 insns=289641469 fallbacks=1 avg=2165.6 @ https://nalet.github.io/VirtualBox-Wasm/vbox-wasm.js:2859
[LOG] [POST] 20s: refresh=392 updateRect=100 720x400 @ https://nalet.github.io/VirtualBox-Wasm/:732
[LOG] [JIT] calls=178285 insns=386091514 fallbacks=1 avg=2165.6 @ https://nalet.github.io/VirtualBox-Wasm/vbox-wasm.js:2859
[LOG] [POST] 25s: refresh=491 updateRect=125 720x400 @ https://nalet.github.io/VirtualBox-Wasm/:732
[LOG] [JIT] calls=224060 insns=485211439 fallbacks=1 avg=2165.6 @ https://nalet.github.io/VirtualBox-Wasm/vbox-wasm.js:2859
[LOG] [WasmDisplay] refresh #500, updateRect #127 @ https://nalet.github.io/VirtualBox-Wasm/:495
[LOG] [POST] 30s: refresh=589 updateRect=149 720x400 @ https://nalet.github.io/VirtualBox-Wasm/:732
[LOG] [JIT] calls=269793 insns=584251992 fallbacks=1 avg=2165.6 @ https://nalet.github.io/VirtualBox-Wasm/vbox-wasm.js:2859
[LOG] [POST] 35s: refresh=688 updateRect=174 720x400 @ https://nalet.github.io/VirtualBox-Wasm/:732
[LOG] [JIT] calls=315167 insns=682517031 fallbacks=1 avg=2165.6 @ https://nalet.github.io/VirtualBox-Wasm/vbox-wasm.js:2859
[LOG] [POST] 40s: refresh=787 updateRect=199 720x400 @ https://nalet.github.io/VirtualBox-Wasm/:732
[LOG] [JIT] calls=362122 insns=784200066 fallbacks=1 avg=2165.6 @ https://nalet.github.io/VirtualBox-Wasm/vbox-wasm.js:2859
[LOG] [POST] 45s: refresh=886 updateRect=224 720x400 @ https://nalet.github.io/VirtualBox-Wasm/:732
[LOG] [JIT] calls=406700 insns=880733579 fallbacks=1 avg=2165.6 @ https://nalet.github.io/VirtualBox-Wasm/vbox-wasm.js:2859
[LOG] [POST] 50s: refresh=985 updateRect=249 720x400 @ https://nalet.github.io/VirtualBox-Wasm/:732
[LOG] [JIT] calls=452147 insns=979158636 fallbacks=1 avg=2165.6 @ https://nalet.github.io/VirtualBox-Wasm/vbox-wasm.js:2859
[LOG] [WasmDisplay] refresh #1000, updateRect #253 @ https://nalet.github.io/VirtualBox-Wasm/:495
[LOG] [POST] 55s: refresh=1084 updateRect=275 720x400 @ https://nalet.github.io/VirtualBox-Wasm/:732
[LOG] [JIT] calls=498082 insns=1078632776 fallbacks=1 avg=2165.6 @ https://nalet.github.io/VirtualBox-Wasm/vbox-wasm.js:2859
[LOG] [POST] 60s: refresh=1183 updateRect=300 720x400 @ https://nalet.github.io/VirtualBox-Wasm/:732
[LOG] [JIT] calls=544364 insns=1178856443 fallbacks=1 avg=2165.6 @ https://nalet.github.io/VirtualBox-Wasm/vbox-wasm.js:2859
[LOG] [POST] 65s: refresh=1282 updateRect=325 720x400 @ https://nalet.github.io/VirtualBox-Wasm/:732
[LOG] [JIT] calls=588948 insns=1275414532 fallbacks=1 avg=2165.6 @ https://nalet.github.io/VirtualBox-Wasm/vbox-wasm.js:2859
[LOG] [POST] 70s: refresh=1381 updateRect=350 720x400 @ https://nalet.github.io/VirtualBox-Wasm/:732
[LOG] [JIT] calls=634176 insns=1373359535 fallbacks=1 avg=2165.6 @ https://nalet.github.io/VirtualBox-Wasm/vbox-wasm.js:2859
[LOG] [POST] 75s: refresh=1479 updateRect=374 720x400 @ https://nalet.github.io/VirtualBox-Wasm/:732
[LOG] [JIT] calls=679727 insns=1472002091 fallbacks=1 avg=2165.6 @ https://nalet.github.io/VirtualBox-Wasm/vbox-wasm.js:2859
[LOG] [WasmDisplay] refresh #1500, updateRect #379 @ https://nalet.github.io/VirtualBox-Wasm/:495
[LOG] [POST] 80s: refresh=1578 updateRect=399 720x400 @ https://nalet.github.io/VirtualBox-Wasm/:732
[LOG] [JIT] calls=725628 insns=1571406462 fallbacks=1 avg=2165.6 @ https://nalet.github.io/VirtualBox-Wasm/vbox-wasm.js:2859