Total messages: 177 (Errors: 0, Warnings: 0)

[LOG] [enable-threads] SW activated, reloading for COOP/COEP... @ https://nalet.github.io/VirtualBox-Wasm/enable-threads.js:39
[LOG]  @ https://nalet.github.io/VirtualBox-Wasm/:583
[LOG] === VirtualBox/Wasm VM Harness === @ https://nalet.github.io/VirtualBox-Wasm/:583
[LOG] IPRT version : 7.2.97 @ https://nalet.github.io/VirtualBox-Wasm/:583
[LOG] sizeof(void*): 8 (Wasm64) @ https://nalet.github.io/VirtualBox-Wasm/:583
[LOG]  @ https://nalet.github.io/VirtualBox-Wasm/:583
[LOG] CD-ROM image: /cdrom.iso (409 MB) @ https://nalet.github.io/VirtualBox-Wasm/:583
[LOG] Creating VM... @ https://nalet.github.io/VirtualBox-Wasm/:583
[LOG] [WASM-THREAD] rtThreadNativeCreate: name= cbStack=1048576 @ https://nalet.github.io/VirtualBox-Wasm/:583
[LOG] [WASM-THREAD] pthread_create for '': rc=0 id=0000000000bca008 @ https://nalet.github.io/VirtualBox-Wasm/:583
[LOG] [WASM-THREAD] wasmThreadNativeMain entered: name= self=0000000000bca008 @ https://nalet.github.io/VirtualBox-Wasm/:583
[LOG] [WASM-THREAD] calling rtThreadMain for '' @ https://nalet.github.io/VirtualBox-Wasm/:583
[LOG] CFGM configuration tree built successfully. @ https://nalet.github.io/VirtualBox-Wasm/:583
[LOG] STUB: RTRandAdvCreateSystemFaster returning VERR_NOT_SUPPORTED @ https://nalet.github.io/VirtualBox-Wasm/:583
[LOG] [WasmDisplay] VGA refresh timer armed (50ms / 20fps) @ https://nalet.github.io/VirtualBox-Wasm/:583
[LOG] [WasmDisplay] Display driver attached (initial 720x400 32bpp) @ https://nalet.github.io/VirtualBox-Wasm/:583
[LOG] [WASM-THREAD] rtThreadNativeCreate: name= cbStack=0 @ https://nalet.github.io/VirtualBox-Wasm/:583
[LOG] [WASM-THREAD] pthread_create for '': rc=0 id=0000000001ef7040 @ https://nalet.github.io/VirtualBox-Wasm/:583
[LOG] [WASM-THREAD] rtThreadNativeCreate: name= cbStack=0 @ https://nalet.github.io/VirtualBox-Wasm/:583
[LOG] [WASM-THREAD] wasmThreadNativeMain entered: name= self=0000000001ef7040 @ https://nalet.github.io/VirtualBox-Wasm/:583
[LOG] [WASM-THREAD] calling rtThreadMain for '' @ https://nalet.github.io/VirtualBox-Wasm/:583
[LOG] [WASM-THREAD] wasmThreadNativeMain entered: name= self=0000000001f78c30 @ https://nalet.github.io/VirtualBox-Wasm/:583
[LOG] [WASM-THREAD] calling rtThreadMain for '' @ https://nalet.github.io/VirtualBox-Wasm/:583
[LOG] [WASM-THREAD] pthread_create for '': rc=0 id=0000000001f78c30 @ https://nalet.github.io/VirtualBox-Wasm/:583
[LOG] VM created successfully! @ https://nalet.github.io/VirtualBox-Wasm/:583
[LOG] Powering on VM... @ https://nalet.github.io/VirtualBox-Wasm/:583
[LOG] VM is running! @ https://nalet.github.io/VirtualBox-Wasm/:583
[LOG] IEM is executing guest x86 code... @ https://nalet.github.io/VirtualBox-Wasm/:583
[LOG] Main thread returning (EMT continues in background). @ https://nalet.github.io/VirtualBox-Wasm/:583
[LOG] [JIT] Guest RAM base set: 00000000007e3000 @ https://nalet.github.io/VirtualBox-Wasm/:583
[LOG] [WasmDisplay] Resize: 720x400 0bpp (scanline 0 bytes) @ https://nalet.github.io/VirtualBox-Wasm/:583
[LOG] [POST] 5s: refresh=96 updateRect=24 720x400 @ https://nalet.github.io/VirtualBox-Wasm/:820
[LOG] [POST] 10s: refresh=196 updateRect=49 720x400 @ https://nalet.github.io/VirtualBox-Wasm/:820
[LOG] [POST] 15s: refresh=296 updateRect=74 720x400 @ https://nalet.github.io/VirtualBox-Wasm/:820
[LOG] [POST] 20s: refresh=396 updateRect=99 720x400 @ https://nalet.github.io/VirtualBox-Wasm/:820
[LOG] [POST] 25s: refresh=496 updateRect=124 720x400 @ https://nalet.github.io/VirtualBox-Wasm/:820
[LOG] [WasmDisplay] refresh #500, updateRect #125 @ https://nalet.github.io/VirtualBox-Wasm/:583
[LOG] [POST] 30s: refresh=596 updateRect=149 720x400 @ https://nalet.github.io/VirtualBox-Wasm/:820
[LOG] [POST] 35s: refresh=696 updateRect=174 720x400 @ https://nalet.github.io/VirtualBox-Wasm/:820
[LOG] [POST] 40s: refresh=796 updateRect=199 720x400 @ https://nalet.github.io/VirtualBox-Wasm/:820
[LOG] [POST] 45s: refresh=896 updateRect=224 720x400 @ https://nalet.github.io/VirtualBox-Wasm/:820
[LOG] [POST] 50s: refresh=996 updateRect=249 720x400 @ https://nalet.github.io/VirtualBox-Wasm/:820
[LOG] [WasmDisplay] refresh #1000, updateRect #250 @ https://nalet.github.io/VirtualBox-Wasm/:583
[LOG] [POST] 55s: refresh=1096 updateRect=274 720x400 @ https://nalet.github.io/VirtualBox-Wasm/:820
[LOG] [POST] 60s: refresh=1196 updateRect=299 720x400 @ https://nalet.github.io/VirtualBox-Wasm/:820
[LOG] [POST] 65s: refresh=1296 updateRect=324 720x400 @ https://nalet.github.io/VirtualBox-Wasm/:820
[LOG] [POST] 70s: refresh=1396 updateRect=349 720x400 @ https://nalet.github.io/VirtualBox-Wasm/:820
[LOG] [POST] 75s: refresh=1496 updateRect=374 720x400 @ https://nalet.github.io/VirtualBox-Wasm/:820
[LOG] [WasmDisplay] refresh #1500, updateRect #375 @ https://nalet.github.io/VirtualBox-Wasm/:583
[LOG] [POST] 80s: refresh=1596 updateRect=399 720x400 @ https://nalet.github.io/VirtualBox-Wasm/:820
[LOG] [POST] 85s: refresh=1696 updateRect=424 720x400 @ https://nalet.github.io/VirtualBox-Wasm/:820
[LOG] [POST] 90s: refresh=1796 updateRect=449 720x400 @ https://nalet.github.io/VirtualBox-Wasm/:820
[LOG] [POST] 95s: refresh=1896 updateRect=474 720x400 @ https://nalet.github.io/VirtualBox-Wasm/:820
[LOG] [POST] 100s: refresh=1996 updateRect=499 720x400 @ https://nalet.github.io/VirtualBox-Wasm/:820
[LOG] [WasmDisplay] refresh #2000, updateRect #500 @ https://nalet.github.io/VirtualBox-Wasm/:583
[LOG] [POST] 105s: refresh=2096 updateRect=524 720x400 @ https://nalet.github.io/VirtualBox-Wasm/:820
[LOG] [POST] 110s: refresh=2196 updateRect=549 720x400 @ https://nalet.github.io/VirtualBox-Wasm/:820
[LOG] [POST] 115s: refresh=2296 updateRect=574 720x400 @ https://nalet.github.io/VirtualBox-Wasm/:820
[LOG] [POST] 120s: refresh=2396 updateRect=599 720x400 @ https://nalet.github.io/VirtualBox-Wasm/:820
[LOG] [POST] 125s: refresh=2496 updateRect=624 720x400 @ https://nalet.github.io/VirtualBox-Wasm/:820
[LOG] [WasmDisplay] refresh #2500, updateRect #625 @ https://nalet.github.io/VirtualBox-Wasm/:583
[LOG] [POST] 130s: refresh=2596 updateRect=649 720x400 @ https://nalet.github.io/VirtualBox-Wasm/:820
[LOG] [POST] 135s: refresh=2696 updateRect=674 720x400 @ https://nalet.github.io/VirtualBox-Wasm/:820
[LOG] [POST] 140s: refresh=2796 updateRect=699 720x400 @ https://nalet.github.io/VirtualBox-Wasm/:820
[LOG] [POST] 145s: refresh=2896 updateRect=724 720x400 @ https://nalet.github.io/VirtualBox-Wasm/:820
[LOG] [POST] 150s: refresh=2996 updateRect=749 720x400 @ https://nalet.github.io/VirtualBox-Wasm/:820
[LOG] [WasmDisplay] refresh #3000, updateRect #750 @ https://nalet.github.io/VirtualBox-Wasm/:583
[LOG] [POST] 155s: refresh=3096 updateRect=774 720x400 @ https://nalet.github.io/VirtualBox-Wasm/:820
[LOG] [POST] 160s: refresh=3196 updateRect=799 720x400 @ https://nalet.github.io/VirtualBox-Wasm/:820
[LOG] [POST] 165s: refresh=3296 updateRect=824 720x400 @ https://nalet.github.io/VirtualBox-Wasm/:820
[LOG] [POST] 170s: refresh=3396 updateRect=849 720x400 @ https://nalet.github.io/VirtualBox-Wasm/:820
[LOG] [POST] 175s: refresh=3496 updateRect=874 720x400 @ https://nalet.github.io/VirtualBox-Wasm/:820
[LOG] [WasmDisplay] refresh #3500, updateRect #875 @ https://nalet.github.io/VirtualBox-Wasm/:583
[LOG] [POST] 180s: refresh=3596 updateRect=899 720x400 @ https://nalet.github.io/VirtualBox-Wasm/:820
[LOG] [POST] 185s: refresh=3696 updateRect=924 720x400 @ https://nalet.github.io/VirtualBox-Wasm/:820
[LOG] [POST] 190s: refresh=3796 updateRect=949 720x400 @ https://nalet.github.io/VirtualBox-Wasm/:820
[LOG] [POST] 195s: refresh=3896 updateRect=974 720x400 @ https://nalet.github.io/VirtualBox-Wasm/:820
[LOG] [POST] 200s: refresh=3996 updateRect=999 720x400 @ https://nalet.github.io/VirtualBox-Wasm/:820
[LOG] [WasmDisplay] refresh #4000, updateRect #1000 @ https://nalet.github.io/VirtualBox-Wasm/:583
[LOG] [POST] 205s: refresh=4096 updateRect=1024 720x400 @ https://nalet.github.io/VirtualBox-Wasm/:820
[LOG] [POST] 210s: refresh=4196 updateRect=1049 720x400 @ https://nalet.github.io/VirtualBox-Wasm/:820
[LOG] [POST] 215s: refresh=4296 updateRect=1074 720x400 @ https://nalet.github.io/VirtualBox-Wasm/:820
[LOG] [POST] 220s: refresh=4396 updateRect=1099 720x400 @ https://nalet.github.io/VirtualBox-Wasm/:820
[LOG] [POST] 225s: refresh=4496 updateRect=1124 720x400 @ https://nalet.github.io/VirtualBox-Wasm/:820
[LOG] [WasmDisplay] refresh #4500, updateRect #1125 @ https://nalet.github.io/VirtualBox-Wasm/:583
[LOG] [POST] 230s: refresh=4596 updateRect=1149 720x400 @ https://nalet.github.io/VirtualBox-Wasm/:820
[LOG] [POST] 235s: refresh=4696 updateRect=1174 720x400 @ https://nalet.github.io/VirtualBox-Wasm/:820
[LOG] [POST] 240s: refresh=4796 updateRect=1199 720x400 @ https://nalet.github.io/VirtualBox-Wasm/:820
[LOG] [POST] 245s: refresh=4896 updateRect=1224 720x400 @ https://nalet.github.io/VirtualBox-Wasm/:820
[LOG] [POST] 250s: refresh=4996 updateRect=1249 720x400 @ https://nalet.github.io/VirtualBox-Wasm/:820
[LOG] [WasmDisplay] refresh #5000, updateRect #1250 @ https://nalet.github.io/VirtualBox-Wasm/:583
[LOG] [POST] 255s: refresh=5096 updateRect=1274 720x400 @ https://nalet.github.io/VirtualBox-Wasm/:820
[LOG] [POST] 260s: refresh=5196 updateRect=1299 720x400 @ https://nalet.github.io/VirtualBox-Wasm/:820
[LOG] [POST] 265s: refresh=5296 updateRect=1324 720x400 @ https://nalet.github.io/VirtualBox-Wasm/:820
[LOG] [POST] 270s: refresh=5396 updateRect=1349 720x400 @ https://nalet.github.io/VirtualBox-Wasm/:820
[LOG] [POST] 275s: refresh=5496 updateRect=1374 720x400 @ https://nalet.github.io/VirtualBox-Wasm/:820
[LOG] [WasmDisplay] refresh #5500, updateRect #1375 @ https://nalet.github.io/VirtualBox-Wasm/:583
[LOG] [POST] 280s: refresh=5596 updateRect=1399 720x400 @ https://nalet.github.io/VirtualBox-Wasm/:820
[LOG] [POST] 285s: refresh=5696 updateRect=1424 720x400 @ https://nalet.github.io/VirtualBox-Wasm/:820
[LOG] [POST] 290s: refresh=5796 updateRect=1449 720x400 @ https://nalet.github.io/VirtualBox-Wasm/:820
[LOG] [POST] 295s: refresh=5896 updateRect=1474 720x400 @ https://nalet.github.io/VirtualBox-Wasm/:820
[LOG] [POST] 300s: refresh=5996 updateRect=1499 720x400 @ https://nalet.github.io/VirtualBox-Wasm/:820
[LOG] [WasmDisplay] refresh #6000, updateRect #1500 @ https://nalet.github.io/VirtualBox-Wasm/:583
[LOG] [POST] 305s: refresh=6096 updateRect=1524 720x400 @ https://nalet.github.io/VirtualBox-Wasm/:820
[LOG] [POST] 310s: refresh=6196 updateRect=1549 720x400 @ https://nalet.github.io/VirtualBox-Wasm/:820
[LOG] [POST] 315s: refresh=6296 updateRect=1574 720x400 @ https://nalet.github.io/VirtualBox-Wasm/:820
[LOG] [POST] 320s: refresh=6396 updateRect=1599 720x400 @ https://nalet.github.io/VirtualBox-Wasm/:820
[LOG] [POST] 325s: refresh=6496 updateRect=1624 720x400 @ https://nalet.github.io/VirtualBox-Wasm/:820
[LOG] [WasmDisplay] refresh #6500, updateRect #1625 @ https://nalet.github.io/VirtualBox-Wasm/:583
[LOG] [POST] 330s: refresh=6596 updateRect=1649 720x400 @ https://nalet.github.io/VirtualBox-Wasm/:820
[LOG] [POST] 335s: refresh=6696 updateRect=1674 720x400 @ https://nalet.github.io/VirtualBox-Wasm/:820
[LOG] [POST] 340s: refresh=6796 updateRect=1699 720x400 @ https://nalet.github.io/VirtualBox-Wasm/:820
[LOG] [POST] 345s: refresh=6896 updateRect=1724 720x400 @ https://nalet.github.io/VirtualBox-Wasm/:820
[LOG] [POST] 350s: refresh=6996 updateRect=1749 720x400 @ https://nalet.github.io/VirtualBox-Wasm/:820
[LOG] [WasmDisplay] refresh #7000, updateRect #1750 @ https://nalet.github.io/VirtualBox-Wasm/:583
[LOG] [POST] 355s: refresh=7096 updateRect=1774 720x400 @ https://nalet.github.io/VirtualBox-Wasm/:820
[LOG] [POST] 360s: refresh=7196 updateRect=1799 720x400 @ https://nalet.github.io/VirtualBox-Wasm/:820
[LOG] [POST] 365s: refresh=7296 updateRect=1824 720x400 @ https://nalet.github.io/VirtualBox-Wasm/:820
[LOG] [POST] 370s: refresh=7396 updateRect=1849 720x400 @ https://nalet.github.io/VirtualBox-Wasm/:820
[LOG] [POST] 375s: refresh=7496 updateRect=1874 720x400 @ https://nalet.github.io/VirtualBox-Wasm/:820
[LOG] [WasmDisplay] refresh #7500, updateRect #1875 @ https://nalet.github.io/VirtualBox-Wasm/:583
[LOG] [POST] 380s: refresh=7596 updateRect=1899 720x400 @ https://nalet.github.io/VirtualBox-Wasm/:820
[LOG] [POST] 385s: refresh=7696 updateRect=1924 720x400 @ https://nalet.github.io/VirtualBox-Wasm/:820
[LOG] [POST] 390s: refresh=7796 updateRect=1949 720x400 @ https://nalet.github.io/VirtualBox-Wasm/:820
[LOG] [POST] 395s: refresh=7896 updateRect=1974 720x400 @ https://nalet.github.io/VirtualBox-Wasm/:820
[LOG] [POST] 400s: refresh=7996 updateRect=1999 720x400 @ https://nalet.github.io/VirtualBox-Wasm/:820
[LOG] [WasmDisplay] refresh #8000, updateRect #2000 @ https://nalet.github.io/VirtualBox-Wasm/:583
[LOG] [POST] 405s: refresh=8096 updateRect=2024 720x400 @ https://nalet.github.io/VirtualBox-Wasm/:820
[LOG] [POST] 410s: refresh=8196 updateRect=2049 720x400 @ https://nalet.github.io/VirtualBox-Wasm/:820
[LOG] [POST] 415s: refresh=8296 updateRect=2074 720x400 @ https://nalet.github.io/VirtualBox-Wasm/:820
[LOG] [POST] 420s: refresh=8396 updateRect=2099 720x400 @ https://nalet.github.io/VirtualBox-Wasm/:820
[LOG] [POST] 425s: refresh=8496 updateRect=2124 720x400 @ https://nalet.github.io/VirtualBox-Wasm/:820
[LOG] [WasmDisplay] refresh #8500, updateRect #2125 @ https://nalet.github.io/VirtualBox-Wasm/:583
[LOG] [POST] 430s: refresh=8596 updateRect=2149 720x400 @ https://nalet.github.io/VirtualBox-Wasm/:820
[LOG] [POST] 435s: refresh=8696 updateRect=2174 720x400 @ https://nalet.github.io/VirtualBox-Wasm/:820
[LOG] [POST] 440s: refresh=8796 updateRect=2199 720x400 @ https://nalet.github.io/VirtualBox-Wasm/:820
[LOG] [POST] 445s: refresh=8896 updateRect=2224 720x400 @ https://nalet.github.io/VirtualBox-Wasm/:820
[LOG] [POST] 450s: refresh=8996 updateRect=2249 720x400 @ https://nalet.github.io/VirtualBox-Wasm/:820
[LOG] [WasmDisplay] refresh #9000, updateRect #2250 @ https://nalet.github.io/VirtualBox-Wasm/:583
[LOG] [POST] 455s: refresh=9096 updateRect=2274 720x400 @ https://nalet.github.io/VirtualBox-Wasm/:820
[LOG] [POST] 460s: refresh=9196 updateRect=2299 720x400 @ https://nalet.github.io/VirtualBox-Wasm/:820
[LOG] [POST] 465s: refresh=9296 updateRect=2324 720x400 @ https://nalet.github.io/VirtualBox-Wasm/:820
[LOG] [POST] 470s: refresh=9396 updateRect=2349 720x400 @ https://nalet.github.io/VirtualBox-Wasm/:820
[LOG] [POST] 475s: refresh=9496 updateRect=2374 720x400 @ https://nalet.github.io/VirtualBox-Wasm/:820
[LOG] [WasmDisplay] refresh #9500, updateRect #2375 @ https://nalet.github.io/VirtualBox-Wasm/:583
[LOG] [POST] 480s: refresh=9596 updateRect=2399 720x400 @ https://nalet.github.io/VirtualBox-Wasm/:820
[LOG] [POST] 485s: refresh=9696 updateRect=2424 720x400 @ https://nalet.github.io/VirtualBox-Wasm/:820
[LOG] [POST] 490s: refresh=9796 updateRect=2449 720x400 @ https://nalet.github.io/VirtualBox-Wasm/:820
[LOG] [POST] 495s: refresh=9896 updateRect=2474 720x400 @ https://nalet.github.io/VirtualBox-Wasm/:820
[LOG] [POST] 500s: refresh=9996 updateRect=2499 720x400 @ https://nalet.github.io/VirtualBox-Wasm/:820
[LOG] [WasmDisplay] refresh #10000, updateRect #2500 @ https://nalet.github.io/VirtualBox-Wasm/:583
[LOG] [POST] 505s: refresh=10096 updateRect=2524 720x400 @ https://nalet.github.io/VirtualBox-Wasm/:820
[LOG] [POST] 510s: refresh=10196 updateRect=2549 720x400 @ https://nalet.github.io/VirtualBox-Wasm/:820
[LOG] [POST] 515s: refresh=10296 updateRect=2574 720x400 @ https://nalet.github.io/VirtualBox-Wasm/:820
[LOG] [POST] 520s: refresh=10396 updateRect=2599 720x400 @ https://nalet.github.io/VirtualBox-Wasm/:820
[LOG] [POST] 525s: refresh=10496 updateRect=2624 720x400 @ https://nalet.github.io/VirtualBox-Wasm/:820
[LOG] [WasmDisplay] refresh #10500, updateRect #2625 @ https://nalet.github.io/VirtualBox-Wasm/:583
[LOG] [POST] 530s: refresh=10596 updateRect=2649 720x400 @ https://nalet.github.io/VirtualBox-Wasm/:820
[LOG] [POST] 535s: refresh=10696 updateRect=2674 720x400 @ https://nalet.github.io/VirtualBox-Wasm/:820
[LOG] [POST] 540s: refresh=10796 updateRect=2699 720x400 @ https://nalet.github.io/VirtualBox-Wasm/:820
[LOG] [POST] 545s: refresh=10896 updateRect=2724 720x400 @ https://nalet.github.io/VirtualBox-Wasm/:820
[LOG] [POST] 550s: refresh=10996 updateRect=2749 720x400 @ https://nalet.github.io/VirtualBox-Wasm/:820
[LOG] [WasmDisplay] refresh #11000, updateRect #2750 @ https://nalet.github.io/VirtualBox-Wasm/:583
[LOG] [POST] 555s: refresh=11096 updateRect=2775 720x400 @ https://nalet.github.io/VirtualBox-Wasm/:820
[LOG] [POST] 560s: refresh=11196 updateRect=2800 720x400 @ https://nalet.github.io/VirtualBox-Wasm/:820
[LOG] [POST] 565s: refresh=11296 updateRect=2825 720x400 @ https://nalet.github.io/VirtualBox-Wasm/:820
[LOG] [POST] 570s: refresh=11396 updateRect=2850 720x400 @ https://nalet.github.io/VirtualBox-Wasm/:820
[LOG] [POST] 575s: refresh=11496 updateRect=2875 720x400 @ https://nalet.github.io/VirtualBox-Wasm/:820
[LOG] [WasmDisplay] refresh #11500, updateRect #2875 @ https://nalet.github.io/VirtualBox-Wasm/:583
[LOG] [POST] 580s: refresh=11596 updateRect=2900 720x400 @ https://nalet.github.io/VirtualBox-Wasm/:820
[LOG] [POST] 585s: refresh=11696 updateRect=2925 720x400 @ https://nalet.github.io/VirtualBox-Wasm/:820
[LOG] [POST] 590s: refresh=11796 updateRect=2950 720x400 @ https://nalet.github.io/VirtualBox-Wasm/:820
[LOG] [POST] 595s: refresh=11896 updateRect=2975 720x400 @ https://nalet.github.io/VirtualBox-Wasm/:820
[LOG] [POST] 600s: refresh=11996 updateRect=3000 720x400 @ https://nalet.github.io/VirtualBox-Wasm/:820
[LOG] [WasmDisplay] refresh #12000, updateRect #3000 @ https://nalet.github.io/VirtualBox-Wasm/:583
[LOG] [POST] 605s: refresh=12096 updateRect=3025 720x400 @ https://nalet.github.io/VirtualBox-Wasm/:820
[LOG] [WasmDisplay] refresh #12500, updateRect #3125 @ https://nalet.github.io/VirtualBox-Wasm/:583