Total messages: 157 (Errors: 0, Warnings: 0)

[LOG]  @ https://nalet.github.io/VirtualBox-Wasm/?nocache=1773319857:583
[LOG] === VirtualBox/Wasm VM Harness === @ https://nalet.github.io/VirtualBox-Wasm/?nocache=1773319857:583
[LOG] IPRT version : 7.2.97 @ https://nalet.github.io/VirtualBox-Wasm/?nocache=1773319857:583
[LOG] sizeof(void*): 8 (Wasm64) @ https://nalet.github.io/VirtualBox-Wasm/?nocache=1773319857:583
[LOG]  @ https://nalet.github.io/VirtualBox-Wasm/?nocache=1773319857:583
[LOG] CD-ROM image: /cdrom.iso (409 MB) @ https://nalet.github.io/VirtualBox-Wasm/?nocache=1773319857:583
[LOG] Creating VM... @ https://nalet.github.io/VirtualBox-Wasm/?nocache=1773319857:583
[LOG] [WASM-THREAD] rtThreadNativeCreate: name= cbStack=1048576 @ https://nalet.github.io/VirtualBox-Wasm/?nocache=1773319857:583
[LOG] [WASM-THREAD] pthread_create for '': rc=0 id=0000000000bca008 @ https://nalet.github.io/VirtualBox-Wasm/?nocache=1773319857:583
[LOG] [WASM-THREAD] wasmThreadNativeMain entered: name= self=0000000000bca008 @ https://nalet.github.io/VirtualBox-Wasm/?nocache=1773319857:583
[LOG] [WASM-THREAD] calling rtThreadMain for '' @ https://nalet.github.io/VirtualBox-Wasm/?nocache=1773319857:583
[LOG] CFGM configuration tree built successfully. @ https://nalet.github.io/VirtualBox-Wasm/?nocache=1773319857:583
[LOG] STUB: RTRandAdvCreateSystemFaster returning VERR_NOT_SUPPORTED @ https://nalet.github.io/VirtualBox-Wasm/?nocache=1773319857:583
[LOG] [WasmDisplay] VGA refresh timer armed (50ms / 20fps) @ https://nalet.github.io/VirtualBox-Wasm/?nocache=1773319857:583
[LOG] [WasmDisplay] Display driver attached (initial 720x400 32bpp) @ https://nalet.github.io/VirtualBox-Wasm/?nocache=1773319857:583
[LOG] [WASM-THREAD] rtThreadNativeCreate: name= cbStack=0 @ https://nalet.github.io/VirtualBox-Wasm/?nocache=1773319857:583
[LOG] [WASM-THREAD] pthread_create for '': rc=0 id=0000000001ef7308 @ https://nalet.github.io/VirtualBox-Wasm/?nocache=1773319857:583
[LOG] [WASM-THREAD] rtThreadNativeCreate: name= cbStack=0 @ https://nalet.github.io/VirtualBox-Wasm/?nocache=1773319857:583
[LOG] [WASM-THREAD] wasmThreadNativeMain entered: name= self=0000000001ef7308 @ https://nalet.github.io/VirtualBox-Wasm/?nocache=1773319857:583
[LOG] [WASM-THREAD] calling rtThreadMain for '' @ https://nalet.github.io/VirtualBox-Wasm/?nocache=1773319857:583
[LOG] [WASM-THREAD] wasmThreadNativeMain entered: name= self=0000000001f78ef8 @ https://nalet.github.io/VirtualBox-Wasm/?nocache=1773319857:583
[LOG] [WASM-THREAD] calling rtThreadMain for '' @ https://nalet.github.io/VirtualBox-Wasm/?nocache=1773319857:583
[LOG] [WASM-THREAD] pthread_create for '': rc=0 id=0000000001f78ef8 @ https://nalet.github.io/VirtualBox-Wasm/?nocache=1773319857:583
[LOG] VM Error: rc=-225 at /build/vbox/src/VBox/VMM/VMMR3/PDMR3Device.cpp:572 (int pdmR3DevInit(PVM)) @ https://nalet.github.io/VirtualBox-Wasm/?nocache=1773319857:583
[LOG]   Failed to construct device 'piix3ide' instance #0 @ https://nalet.github.io/VirtualBox-Wasm/?nocache=1773319857:583
[LOG] [WASM-THREAD] rtThreadMain returned rc=0 for '' @ https://nalet.github.io/VirtualBox-Wasm/?nocache=1773319857:583
[LOG] [WASM-THREAD] rtThreadMain returned rc=0 for '' @ https://nalet.github.io/VirtualBox-Wasm/?nocache=1773319857:583
[LOG] [WASM-THREAD] rtThreadMain returned rc=1100 for '' @ https://nalet.github.io/VirtualBox-Wasm/?nocache=1773319857:583
[LOG] VMR3Create failed: VERR_INTERNAL_ERROR (rc=-225) @ https://nalet.github.io/VirtualBox-Wasm/?nocache=1773319857:583
[LOG] === Stub log (from EMT thread) === @ https://nalet.github.io/VirtualBox-Wasm/?nocache=1773319857:583
[LOG] STUB: RTRandAdvCreateSystemFaster @ https://nalet.github.io/VirtualBox-Wasm/?nocache=1773319857:583
[LOG] === End stub log === @ https://nalet.github.io/VirtualBox-Wasm/?nocache=1773319857:583
[LOG] === VM Error details (from EMT thread) === @ https://nalet.github.io/VirtualBox-Wasm/?nocache=1773319857:583
[LOG] VM Error: rc=-225 at /build/vbox/src/VBox/VMM/VMMR3/PDMR3Device.cpp:572 (int pdmR3DevInit(PVM)) @ https://nalet.github.io/VirtualBox-Wasm/?nocache=1773319857:583
[LOG]   Failed to construct device 'piix3ide' instance #0 @ https://nalet.github.io/VirtualBox-Wasm/?nocache=1773319857:583
[LOG] === End VM Error === @ https://nalet.github.io/VirtualBox-Wasm/?nocache=1773319857:583
[LOG] [POST] 5s: refresh=0 updateRect=0 0x0 @ https://nalet.github.io/VirtualBox-Wasm/?nocache=1773319857:820
[LOG] [POST] 10s: refresh=0 updateRect=0 0x0 @ https://nalet.github.io/VirtualBox-Wasm/?nocache=1773319857:820
[LOG] [POST] 15s: refresh=0 updateRect=0 0x0 @ https://nalet.github.io/VirtualBox-Wasm/?nocache=1773319857:820
[LOG] [POST] 20s: refresh=0 updateRect=0 0x0 @ https://nalet.github.io/VirtualBox-Wasm/?nocache=1773319857:820
[LOG] [POST] 25s: refresh=0 updateRect=0 0x0 @ https://nalet.github.io/VirtualBox-Wasm/?nocache=1773319857:820
[LOG] [POST] 30s: refresh=0 updateRect=0 0x0 @ https://nalet.github.io/VirtualBox-Wasm/?nocache=1773319857:820
[LOG] [POST] 35s: refresh=0 updateRect=0 0x0 @ https://nalet.github.io/VirtualBox-Wasm/?nocache=1773319857:820
[LOG] [POST] 40s: refresh=0 updateRect=0 0x0 @ https://nalet.github.io/VirtualBox-Wasm/?nocache=1773319857:820
[LOG] [POST] 45s: refresh=0 updateRect=0 0x0 @ https://nalet.github.io/VirtualBox-Wasm/?nocache=1773319857:820
[LOG] [POST] 50s: refresh=0 updateRect=0 0x0 @ https://nalet.github.io/VirtualBox-Wasm/?nocache=1773319857:820
[LOG] [POST] 55s: refresh=0 updateRect=0 0x0 @ https://nalet.github.io/VirtualBox-Wasm/?nocache=1773319857:820
[LOG] [POST] 60s: refresh=0 updateRect=0 0x0 @ https://nalet.github.io/VirtualBox-Wasm/?nocache=1773319857:820
[LOG] [POST] 65s: refresh=0 updateRect=0 0x0 @ https://nalet.github.io/VirtualBox-Wasm/?nocache=1773319857:820
[LOG] [POST] 70s: refresh=0 updateRect=0 0x0 @ https://nalet.github.io/VirtualBox-Wasm/?nocache=1773319857:820
[LOG] [POST] 75s: refresh=0 updateRect=0 0x0 @ https://nalet.github.io/VirtualBox-Wasm/?nocache=1773319857:820
[LOG] [POST] 80s: refresh=0 updateRect=0 0x0 @ https://nalet.github.io/VirtualBox-Wasm/?nocache=1773319857:820
[LOG] [POST] 85s: refresh=0 updateRect=0 0x0 @ https://nalet.github.io/VirtualBox-Wasm/?nocache=1773319857:820
[LOG] [POST] 90s: refresh=0 updateRect=0 0x0 @ https://nalet.github.io/VirtualBox-Wasm/?nocache=1773319857:820
[LOG] [POST] 95s: refresh=0 updateRect=0 0x0 @ https://nalet.github.io/VirtualBox-Wasm/?nocache=1773319857:820
[LOG] [POST] 100s: refresh=0 updateRect=0 0x0 @ https://nalet.github.io/VirtualBox-Wasm/?nocache=1773319857:820
[LOG] [POST] 105s: refresh=0 updateRect=0 0x0 @ https://nalet.github.io/VirtualBox-Wasm/?nocache=1773319857:820
[LOG] [POST] 110s: refresh=0 updateRect=0 0x0 @ https://nalet.github.io/VirtualBox-Wasm/?nocache=1773319857:820
[LOG] [POST] 115s: refresh=0 updateRect=0 0x0 @ https://nalet.github.io/VirtualBox-Wasm/?nocache=1773319857:820
[LOG] [POST] 120s: refresh=0 updateRect=0 0x0 @ https://nalet.github.io/VirtualBox-Wasm/?nocache=1773319857:820
[LOG] [POST] 125s: refresh=0 updateRect=0 0x0 @ https://nalet.github.io/VirtualBox-Wasm/?nocache=1773319857:820
[LOG] [POST] 130s: refresh=0 updateRect=0 0x0 @ https://nalet.github.io/VirtualBox-Wasm/?nocache=1773319857:820
[LOG] [POST] 135s: refresh=0 updateRect=0 0x0 @ https://nalet.github.io/VirtualBox-Wasm/?nocache=1773319857:820
[LOG] [POST] 140s: refresh=0 updateRect=0 0x0 @ https://nalet.github.io/VirtualBox-Wasm/?nocache=1773319857:820
[LOG] [POST] 145s: refresh=0 updateRect=0 0x0 @ https://nalet.github.io/VirtualBox-Wasm/?nocache=1773319857:820
[LOG] [POST] 150s: refresh=0 updateRect=0 0x0 @ https://nalet.github.io/VirtualBox-Wasm/?nocache=1773319857:820
[LOG] [POST] 155s: refresh=0 updateRect=0 0x0 @ https://nalet.github.io/VirtualBox-Wasm/?nocache=1773319857:820
[LOG] [POST] 160s: refresh=0 updateRect=0 0x0 @ https://nalet.github.io/VirtualBox-Wasm/?nocache=1773319857:820
[LOG] [POST] 165s: refresh=0 updateRect=0 0x0 @ https://nalet.github.io/VirtualBox-Wasm/?nocache=1773319857:820
[LOG] [POST] 170s: refresh=0 updateRect=0 0x0 @ https://nalet.github.io/VirtualBox-Wasm/?nocache=1773319857:820
[LOG] [POST] 175s: refresh=0 updateRect=0 0x0 @ https://nalet.github.io/VirtualBox-Wasm/?nocache=1773319857:820
[LOG] [POST] 180s: refresh=0 updateRect=0 0x0 @ https://nalet.github.io/VirtualBox-Wasm/?nocache=1773319857:820
[LOG] [POST] 185s: refresh=0 updateRect=0 0x0 @ https://nalet.github.io/VirtualBox-Wasm/?nocache=1773319857:820
[LOG] [POST] 190s: refresh=0 updateRect=0 0x0 @ https://nalet.github.io/VirtualBox-Wasm/?nocache=1773319857:820
[LOG] [POST] 195s: refresh=0 updateRect=0 0x0 @ https://nalet.github.io/VirtualBox-Wasm/?nocache=1773319857:820
[LOG] [POST] 200s: refresh=0 updateRect=0 0x0 @ https://nalet.github.io/VirtualBox-Wasm/?nocache=1773319857:820
[LOG] [POST] 205s: refresh=0 updateRect=0 0x0 @ https://nalet.github.io/VirtualBox-Wasm/?nocache=1773319857:820
[LOG] [POST] 210s: refresh=0 updateRect=0 0x0 @ https://nalet.github.io/VirtualBox-Wasm/?nocache=1773319857:820
[LOG] [POST] 215s: refresh=0 updateRect=0 0x0 @ https://nalet.github.io/VirtualBox-Wasm/?nocache=1773319857:820
[LOG] [POST] 220s: refresh=0 updateRect=0 0x0 @ https://nalet.github.io/VirtualBox-Wasm/?nocache=1773319857:820
[LOG] [POST] 225s: refresh=0 updateRect=0 0x0 @ https://nalet.github.io/VirtualBox-Wasm/?nocache=1773319857:820
[LOG] [POST] 230s: refresh=0 updateRect=0 0x0 @ https://nalet.github.io/VirtualBox-Wasm/?nocache=1773319857:820
[LOG] [POST] 235s: refresh=0 updateRect=0 0x0 @ https://nalet.github.io/VirtualBox-Wasm/?nocache=1773319857:820
[LOG] [POST] 240s: refresh=0 updateRect=0 0x0 @ https://nalet.github.io/VirtualBox-Wasm/?nocache=1773319857:820
[LOG] [POST] 245s: refresh=0 updateRect=0 0x0 @ https://nalet.github.io/VirtualBox-Wasm/?nocache=1773319857:820
[LOG] [POST] 250s: refresh=0 updateRect=0 0x0 @ https://nalet.github.io/VirtualBox-Wasm/?nocache=1773319857:820
[LOG] [POST] 255s: refresh=0 updateRect=0 0x0 @ https://nalet.github.io/VirtualBox-Wasm/?nocache=1773319857:820
[LOG] [POST] 260s: refresh=0 updateRect=0 0x0 @ https://nalet.github.io/VirtualBox-Wasm/?nocache=1773319857:820
[LOG] [POST] 265s: refresh=0 updateRect=0 0x0 @ https://nalet.github.io/VirtualBox-Wasm/?nocache=1773319857:820
[LOG] [POST] 270s: refresh=0 updateRect=0 0x0 @ https://nalet.github.io/VirtualBox-Wasm/?nocache=1773319857:820
[LOG] [POST] 275s: refresh=0 updateRect=0 0x0 @ https://nalet.github.io/VirtualBox-Wasm/?nocache=1773319857:820
[LOG] [POST] 280s: refresh=0 updateRect=0 0x0 @ https://nalet.github.io/VirtualBox-Wasm/?nocache=1773319857:820
[LOG] [POST] 285s: refresh=0 updateRect=0 0x0 @ https://nalet.github.io/VirtualBox-Wasm/?nocache=1773319857:820
[LOG] [POST] 290s: refresh=0 updateRect=0 0x0 @ https://nalet.github.io/VirtualBox-Wasm/?nocache=1773319857:820
[LOG] [POST] 295s: refresh=0 updateRect=0 0x0 @ https://nalet.github.io/VirtualBox-Wasm/?nocache=1773319857:820
[LOG] [POST] 300s: refresh=0 updateRect=0 0x0 @ https://nalet.github.io/VirtualBox-Wasm/?nocache=1773319857:820
[LOG] [POST] 305s: refresh=0 updateRect=0 0x0 @ https://nalet.github.io/VirtualBox-Wasm/?nocache=1773319857:820
[LOG] [POST] 310s: refresh=0 updateRect=0 0x0 @ https://nalet.github.io/VirtualBox-Wasm/?nocache=1773319857:820
[LOG] [POST] 315s: refresh=0 updateRect=0 0x0 @ https://nalet.github.io/VirtualBox-Wasm/?nocache=1773319857:820
[LOG] [POST] 320s: refresh=0 updateRect=0 0x0 @ https://nalet.github.io/VirtualBox-Wasm/?nocache=1773319857:820
[LOG] [POST] 325s: refresh=0 updateRect=0 0x0 @ https://nalet.github.io/VirtualBox-Wasm/?nocache=1773319857:820
[LOG] [POST] 330s: refresh=0 updateRect=0 0x0 @ https://nalet.github.io/VirtualBox-Wasm/?nocache=1773319857:820
[LOG] [POST] 335s: refresh=0 updateRect=0 0x0 @ https://nalet.github.io/VirtualBox-Wasm/?nocache=1773319857:820
[LOG] [POST] 340s: refresh=0 updateRect=0 0x0 @ https://nalet.github.io/VirtualBox-Wasm/?nocache=1773319857:820
[LOG] [POST] 345s: refresh=0 updateRect=0 0x0 @ https://nalet.github.io/VirtualBox-Wasm/?nocache=1773319857:820
[LOG] [POST] 350s: refresh=0 updateRect=0 0x0 @ https://nalet.github.io/VirtualBox-Wasm/?nocache=1773319857:820
[LOG] [POST] 355s: refresh=0 updateRect=0 0x0 @ https://nalet.github.io/VirtualBox-Wasm/?nocache=1773319857:820
[LOG] [POST] 360s: refresh=0 updateRect=0 0x0 @ https://nalet.github.io/VirtualBox-Wasm/?nocache=1773319857:820
[LOG] [POST] 365s: refresh=0 updateRect=0 0x0 @ https://nalet.github.io/VirtualBox-Wasm/?nocache=1773319857:820
[LOG] [POST] 370s: refresh=0 updateRect=0 0x0 @ https://nalet.github.io/VirtualBox-Wasm/?nocache=1773319857:820
[LOG] [POST] 375s: refresh=0 updateRect=0 0x0 @ https://nalet.github.io/VirtualBox-Wasm/?nocache=1773319857:820
[LOG] [POST] 380s: refresh=0 updateRect=0 0x0 @ https://nalet.github.io/VirtualBox-Wasm/?nocache=1773319857:820
[LOG] [POST] 385s: refresh=0 updateRect=0 0x0 @ https://nalet.github.io/VirtualBox-Wasm/?nocache=1773319857:820
[LOG] [POST] 390s: refresh=0 updateRect=0 0x0 @ https://nalet.github.io/VirtualBox-Wasm/?nocache=1773319857:820
[LOG] [POST] 395s: refresh=0 updateRect=0 0x0 @ https://nalet.github.io/VirtualBox-Wasm/?nocache=1773319857:820
[LOG] [POST] 400s: refresh=0 updateRect=0 0x0 @ https://nalet.github.io/VirtualBox-Wasm/?nocache=1773319857:820
[LOG] [POST] 405s: refresh=0 updateRect=0 0x0 @ https://nalet.github.io/VirtualBox-Wasm/?nocache=1773319857:820
[LOG] [POST] 410s: refresh=0 updateRect=0 0x0 @ https://nalet.github.io/VirtualBox-Wasm/?nocache=1773319857:820
[LOG] [POST] 415s: refresh=0 updateRect=0 0x0 @ https://nalet.github.io/VirtualBox-Wasm/?nocache=1773319857:820
[LOG] [POST] 420s: refresh=0 updateRect=0 0x0 @ https://nalet.github.io/VirtualBox-Wasm/?nocache=1773319857:820
[LOG] [POST] 425s: refresh=0 updateRect=0 0x0 @ https://nalet.github.io/VirtualBox-Wasm/?nocache=1773319857:820
[LOG] [POST] 430s: refresh=0 updateRect=0 0x0 @ https://nalet.github.io/VirtualBox-Wasm/?nocache=1773319857:820
[LOG] [POST] 435s: refresh=0 updateRect=0 0x0 @ https://nalet.github.io/VirtualBox-Wasm/?nocache=1773319857:820
[LOG] [POST] 440s: refresh=0 updateRect=0 0x0 @ https://nalet.github.io/VirtualBox-Wasm/?nocache=1773319857:820
[LOG] [POST] 445s: refresh=0 updateRect=0 0x0 @ https://nalet.github.io/VirtualBox-Wasm/?nocache=1773319857:820
[LOG] [POST] 450s: refresh=0 updateRect=0 0x0 @ https://nalet.github.io/VirtualBox-Wasm/?nocache=1773319857:820
[LOG] [POST] 455s: refresh=0 updateRect=0 0x0 @ https://nalet.github.io/VirtualBox-Wasm/?nocache=1773319857:820
[LOG] [POST] 460s: refresh=0 updateRect=0 0x0 @ https://nalet.github.io/VirtualBox-Wasm/?nocache=1773319857:820
[LOG] [POST] 465s: refresh=0 updateRect=0 0x0 @ https://nalet.github.io/VirtualBox-Wasm/?nocache=1773319857:820
[LOG] [POST] 470s: refresh=0 updateRect=0 0x0 @ https://nalet.github.io/VirtualBox-Wasm/?nocache=1773319857:820
[LOG] [POST] 475s: refresh=0 updateRect=0 0x0 @ https://nalet.github.io/VirtualBox-Wasm/?nocache=1773319857:820
[LOG] [POST] 480s: refresh=0 updateRect=0 0x0 @ https://nalet.github.io/VirtualBox-Wasm/?nocache=1773319857:820
[LOG] [POST] 485s: refresh=0 updateRect=0 0x0 @ https://nalet.github.io/VirtualBox-Wasm/?nocache=1773319857:820
[LOG] [POST] 490s: refresh=0 updateRect=0 0x0 @ https://nalet.github.io/VirtualBox-Wasm/?nocache=1773319857:820
[LOG] [POST] 495s: refresh=0 updateRect=0 0x0 @ https://nalet.github.io/VirtualBox-Wasm/?nocache=1773319857:820
[LOG] [POST] 500s: refresh=0 updateRect=0 0x0 @ https://nalet.github.io/VirtualBox-Wasm/?nocache=1773319857:820
[LOG] [POST] 505s: refresh=0 updateRect=0 0x0 @ https://nalet.github.io/VirtualBox-Wasm/?nocache=1773319857:820
[LOG] [POST] 510s: refresh=0 updateRect=0 0x0 @ https://nalet.github.io/VirtualBox-Wasm/?nocache=1773319857:820
[LOG] [POST] 515s: refresh=0 updateRect=0 0x0 @ https://nalet.github.io/VirtualBox-Wasm/?nocache=1773319857:820
[LOG] [POST] 520s: refresh=0 updateRect=0 0x0 @ https://nalet.github.io/VirtualBox-Wasm/?nocache=1773319857:820
[LOG] [POST] 525s: refresh=0 updateRect=0 0x0 @ https://nalet.github.io/VirtualBox-Wasm/?nocache=1773319857:820
[LOG] [POST] 530s: refresh=0 updateRect=0 0x0 @ https://nalet.github.io/VirtualBox-Wasm/?nocache=1773319857:820
[LOG] [POST] 535s: refresh=0 updateRect=0 0x0 @ https://nalet.github.io/VirtualBox-Wasm/?nocache=1773319857:820
[LOG] [POST] 540s: refresh=0 updateRect=0 0x0 @ https://nalet.github.io/VirtualBox-Wasm/?nocache=1773319857:820
[LOG] [POST] 545s: refresh=0 updateRect=0 0x0 @ https://nalet.github.io/VirtualBox-Wasm/?nocache=1773319857:820
[LOG] [POST] 550s: refresh=0 updateRect=0 0x0 @ https://nalet.github.io/VirtualBox-Wasm/?nocache=1773319857:820
[LOG] [POST] 555s: refresh=0 updateRect=0 0x0 @ https://nalet.github.io/VirtualBox-Wasm/?nocache=1773319857:820
[LOG] [POST] 560s: refresh=0 updateRect=0 0x0 @ https://nalet.github.io/VirtualBox-Wasm/?nocache=1773319857:820
[LOG] [POST] 565s: refresh=0 updateRect=0 0x0 @ https://nalet.github.io/VirtualBox-Wasm/?nocache=1773319857:820
[LOG] [POST] 570s: refresh=0 updateRect=0 0x0 @ https://nalet.github.io/VirtualBox-Wasm/?nocache=1773319857:820
[LOG] [POST] 575s: refresh=0 updateRect=0 0x0 @ https://nalet.github.io/VirtualBox-Wasm/?nocache=1773319857:820
[LOG] [POST] 580s: refresh=0 updateRect=0 0x0 @ https://nalet.github.io/VirtualBox-Wasm/?nocache=1773319857:820
[LOG] [POST] 585s: refresh=0 updateRect=0 0x0 @ https://nalet.github.io/VirtualBox-Wasm/?nocache=1773319857:820
[LOG] [POST] 590s: refresh=0 updateRect=0 0x0 @ https://nalet.github.io/VirtualBox-Wasm/?nocache=1773319857:820
[LOG] [POST] 595s: refresh=0 updateRect=0 0x0 @ https://nalet.github.io/VirtualBox-Wasm/?nocache=1773319857:820
[LOG] [POST] 600s: refresh=0 updateRect=0 0x0 @ https://nalet.github.io/VirtualBox-Wasm/?nocache=1773319857:820
[LOG] [POST] 605s: refresh=0 updateRect=0 0x0 @ https://nalet.github.io/VirtualBox-Wasm/?nocache=1773319857:820