Total messages: 155 (Errors: 2, Warnings: 1)

[LOG] [enable-threads] SW activated, reloading for COOP/COEP... @ https://nalet.github.io/VirtualBox-Wasm/enable-threads.js:39
[LOG]  @ https://nalet.github.io/VirtualBox-Wasm/:495
[LOG] === VirtualBox/Wasm VM Harness === @ https://nalet.github.io/VirtualBox-Wasm/:495
[LOG] IPRT version : 7.2.97 @ https://nalet.github.io/VirtualBox-Wasm/:495
[LOG] sizeof(void*): 8 (Wasm64) @ https://nalet.github.io/VirtualBox-Wasm/:495
[LOG]  @ https://nalet.github.io/VirtualBox-Wasm/:495
[LOG] CD-ROM image: /cdrom.iso (409 MB) @ https://nalet.github.io/VirtualBox-Wasm/:495
[LOG] Creating VM... @ https://nalet.github.io/VirtualBox-Wasm/:495
[LOG] [WASM-THREAD] rtThreadNativeCreate: name= cbStack=1048576 @ https://nalet.github.io/VirtualBox-Wasm/:495
[LOG] [WASM-THREAD] pthread_create for '': rc=0 id=0000000000d59008 @ https://nalet.github.io/VirtualBox-Wasm/:495
[LOG] [WASM-THREAD] wasmThreadNativeMain entered: name= self=0000000000d59008 @ https://nalet.github.io/VirtualBox-Wasm/:495
[LOG] [WASM-THREAD] calling rtThreadMain for '' @ https://nalet.github.io/VirtualBox-Wasm/:495
[LOG] CFGM configuration tree built successfully. @ https://nalet.github.io/VirtualBox-Wasm/:495
[LOG] STUB: RTRandAdvCreateSystemFaster returning VERR_NOT_SUPPORTED @ https://nalet.github.io/VirtualBox-Wasm/:495
[LOG] [WasmDisplay] VGA refresh timer armed (50ms / 20fps) @ https://nalet.github.io/VirtualBox-Wasm/:495
[LOG] [WasmDisplay] Display driver attached (initial 720x400 32bpp) @ https://nalet.github.io/VirtualBox-Wasm/:495
[LOG] [WASM-THREAD] rtThreadNativeCreate: name= cbStack=0 @ https://nalet.github.io/VirtualBox-Wasm/:495
[LOG] [WASM-THREAD] pthread_create for '': rc=0 id=0000000002499930 @ https://nalet.github.io/VirtualBox-Wasm/:495
[LOG] [WASM-THREAD] wasmThreadNativeMain entered: name= self=0000000002499930 @ https://nalet.github.io/VirtualBox-Wasm/:495
[LOG] [WASM-THREAD] calling rtThreadMain for '' @ https://nalet.github.io/VirtualBox-Wasm/:495
[LOG] [WASM-THREAD] rtThreadNativeCreate: name= cbStack=0 @ https://nalet.github.io/VirtualBox-Wasm/:495
[LOG] [WASM-THREAD] pthread_create for '': rc=0 id=000000000251b520 @ https://nalet.github.io/VirtualBox-Wasm/:495
[LOG] [WASM-THREAD] wasmThreadNativeMain entered: name= self=000000000251b520 @ https://nalet.github.io/VirtualBox-Wasm/:495
[LOG] [WASM-THREAD] calling rtThreadMain for '' @ https://nalet.github.io/VirtualBox-Wasm/:495
[LOG] VM created successfully! @ https://nalet.github.io/VirtualBox-Wasm/:495
[LOG] Powering on VM... @ https://nalet.github.io/VirtualBox-Wasm/:495
[LOG] VM is running! @ https://nalet.github.io/VirtualBox-Wasm/:495
[LOG] IEM is executing guest x86 code... @ https://nalet.github.io/VirtualBox-Wasm/:495
[LOG] Main thread returning (EMT continues in background). @ https://nalet.github.io/VirtualBox-Wasm/:495
[LOG] [JIT] calls=1 insns=0 fallbacks=1 avg=0.0 @ https://nalet.github.io/VirtualBox-Wasm/vbox-wasm.js:2847
[WARNING] worker sent an error! https://nalet.github.io/VirtualBox-Wasm/vbox-wasm.js:3096: Uncaught RuntimeError: memory access out of bounds @ https://nalet.github.io/VirtualBox-Wasm/:500
[LOG] [POST] 5s: refresh=0 updateRect=0 720x400 @ https://nalet.github.io/VirtualBox-Wasm/:732
[LOG] [POST] 10s: refresh=0 updateRect=0 720x400 @ https://nalet.github.io/VirtualBox-Wasm/:732
[LOG] [POST] 15s: refresh=0 updateRect=0 720x400 @ https://nalet.github.io/VirtualBox-Wasm/:732
[LOG] [POST] 20s: refresh=0 updateRect=0 720x400 @ https://nalet.github.io/VirtualBox-Wasm/:732
[LOG] [POST] 25s: refresh=0 updateRect=0 720x400 @ https://nalet.github.io/VirtualBox-Wasm/:732
[LOG] [POST] 30s: refresh=0 updateRect=0 720x400 @ https://nalet.github.io/VirtualBox-Wasm/:732
[LOG] [POST] 35s: refresh=0 updateRect=0 720x400 @ https://nalet.github.io/VirtualBox-Wasm/:732
[LOG] [POST] 40s: refresh=0 updateRect=0 720x400 @ https://nalet.github.io/VirtualBox-Wasm/:732
[LOG] [POST] 45s: refresh=0 updateRect=0 720x400 @ https://nalet.github.io/VirtualBox-Wasm/:732
[LOG] [POST] 50s: refresh=0 updateRect=0 720x400 @ https://nalet.github.io/VirtualBox-Wasm/:732
[LOG] [POST] 55s: refresh=0 updateRect=0 720x400 @ https://nalet.github.io/VirtualBox-Wasm/:732
[LOG] [POST] 60s: refresh=0 updateRect=0 720x400 @ https://nalet.github.io/VirtualBox-Wasm/:732
[LOG] [POST] 65s: refresh=0 updateRect=0 720x400 @ https://nalet.github.io/VirtualBox-Wasm/:732
[LOG] [POST] 70s: refresh=0 updateRect=0 720x400 @ https://nalet.github.io/VirtualBox-Wasm/:732
[LOG] [POST] 75s: refresh=0 updateRect=0 720x400 @ https://nalet.github.io/VirtualBox-Wasm/:732
[LOG] [POST] 80s: refresh=0 updateRect=0 720x400 @ https://nalet.github.io/VirtualBox-Wasm/:732
[LOG] [POST] 85s: refresh=0 updateRect=0 720x400 @ https://nalet.github.io/VirtualBox-Wasm/:732
[LOG] [POST] 90s: refresh=0 updateRect=0 720x400 @ https://nalet.github.io/VirtualBox-Wasm/:732
[LOG] [POST] 95s: refresh=0 updateRect=0 720x400 @ https://nalet.github.io/VirtualBox-Wasm/:732
[LOG] [POST] 100s: refresh=0 updateRect=0 720x400 @ https://nalet.github.io/VirtualBox-Wasm/:732
[LOG] [POST] 105s: refresh=0 updateRect=0 720x400 @ https://nalet.github.io/VirtualBox-Wasm/:732
[LOG] [POST] 110s: refresh=0 updateRect=0 720x400 @ https://nalet.github.io/VirtualBox-Wasm/:732
[LOG] [POST] 115s: refresh=0 updateRect=0 720x400 @ https://nalet.github.io/VirtualBox-Wasm/:732
[LOG] [POST] 120s: refresh=0 updateRect=0 720x400 @ https://nalet.github.io/VirtualBox-Wasm/:732
[LOG] [POST] 125s: refresh=0 updateRect=0 720x400 @ https://nalet.github.io/VirtualBox-Wasm/:732
[LOG] [POST] 130s: refresh=0 updateRect=0 720x400 @ https://nalet.github.io/VirtualBox-Wasm/:732
[LOG] [POST] 135s: refresh=0 updateRect=0 720x400 @ https://nalet.github.io/VirtualBox-Wasm/:732
[LOG] [POST] 140s: refresh=0 updateRect=0 720x400 @ https://nalet.github.io/VirtualBox-Wasm/:732
[LOG] [POST] 145s: refresh=0 updateRect=0 720x400 @ https://nalet.github.io/VirtualBox-Wasm/:732
[LOG] [POST] 150s: refresh=0 updateRect=0 720x400 @ https://nalet.github.io/VirtualBox-Wasm/:732
[LOG] [POST] 155s: refresh=0 updateRect=0 720x400 @ https://nalet.github.io/VirtualBox-Wasm/:732
[LOG] [POST] 160s: refresh=0 updateRect=0 720x400 @ https://nalet.github.io/VirtualBox-Wasm/:732
[LOG] [POST] 165s: refresh=0 updateRect=0 720x400 @ https://nalet.github.io/VirtualBox-Wasm/:732
[LOG] [POST] 170s: refresh=0 updateRect=0 720x400 @ https://nalet.github.io/VirtualBox-Wasm/:732
[LOG] [POST] 175s: refresh=0 updateRect=0 720x400 @ https://nalet.github.io/VirtualBox-Wasm/:732
[LOG] [POST] 180s: refresh=0 updateRect=0 720x400 @ https://nalet.github.io/VirtualBox-Wasm/:732
[LOG] [POST] 185s: refresh=0 updateRect=0 720x400 @ https://nalet.github.io/VirtualBox-Wasm/:732
[LOG] [POST] 190s: refresh=0 updateRect=0 720x400 @ https://nalet.github.io/VirtualBox-Wasm/:732
[LOG] [POST] 195s: refresh=0 updateRect=0 720x400 @ https://nalet.github.io/VirtualBox-Wasm/:732
[LOG] [POST] 200s: refresh=0 updateRect=0 720x400 @ https://nalet.github.io/VirtualBox-Wasm/:732
[LOG] [POST] 205s: refresh=0 updateRect=0 720x400 @ https://nalet.github.io/VirtualBox-Wasm/:732
[LOG] [POST] 210s: refresh=0 updateRect=0 720x400 @ https://nalet.github.io/VirtualBox-Wasm/:732
[LOG] [POST] 215s: refresh=0 updateRect=0 720x400 @ https://nalet.github.io/VirtualBox-Wasm/:732
[LOG] [POST] 220s: refresh=0 updateRect=0 720x400 @ https://nalet.github.io/VirtualBox-Wasm/:732
[LOG] [POST] 225s: refresh=0 updateRect=0 720x400 @ https://nalet.github.io/VirtualBox-Wasm/:732
[LOG] [POST] 230s: refresh=0 updateRect=0 720x400 @ https://nalet.github.io/VirtualBox-Wasm/:732
[LOG] [POST] 235s: refresh=0 updateRect=0 720x400 @ https://nalet.github.io/VirtualBox-Wasm/:732
[LOG] [POST] 240s: refresh=0 updateRect=0 720x400 @ https://nalet.github.io/VirtualBox-Wasm/:732
[LOG] [POST] 245s: refresh=0 updateRect=0 720x400 @ https://nalet.github.io/VirtualBox-Wasm/:732
[LOG] [POST] 250s: refresh=0 updateRect=0 720x400 @ https://nalet.github.io/VirtualBox-Wasm/:732
[LOG] [POST] 255s: refresh=0 updateRect=0 720x400 @ https://nalet.github.io/VirtualBox-Wasm/:732
[LOG] [POST] 260s: refresh=0 updateRect=0 720x400 @ https://nalet.github.io/VirtualBox-Wasm/:732
[LOG] [POST] 265s: refresh=0 updateRect=0 720x400 @ https://nalet.github.io/VirtualBox-Wasm/:732
[LOG] [POST] 270s: refresh=0 updateRect=0 720x400 @ https://nalet.github.io/VirtualBox-Wasm/:732
[LOG] [POST] 275s: refresh=0 updateRect=0 720x400 @ https://nalet.github.io/VirtualBox-Wasm/:732
[LOG] [POST] 280s: refresh=0 updateRect=0 720x400 @ https://nalet.github.io/VirtualBox-Wasm/:732
[LOG] [POST] 285s: refresh=0 updateRect=0 720x400 @ https://nalet.github.io/VirtualBox-Wasm/:732
[LOG] [POST] 290s: refresh=0 updateRect=0 720x400 @ https://nalet.github.io/VirtualBox-Wasm/:732
[LOG] [POST] 295s: refresh=0 updateRect=0 720x400 @ https://nalet.github.io/VirtualBox-Wasm/:732
[LOG] [POST] 300s: refresh=0 updateRect=0 720x400 @ https://nalet.github.io/VirtualBox-Wasm/:732
[LOG] [POST] 305s: refresh=0 updateRect=0 720x400 @ https://nalet.github.io/VirtualBox-Wasm/:732
[LOG] [POST] 310s: refresh=0 updateRect=0 720x400 @ https://nalet.github.io/VirtualBox-Wasm/:732
[LOG] [POST] 315s: refresh=0 updateRect=0 720x400 @ https://nalet.github.io/VirtualBox-Wasm/:732
[LOG] [POST] 320s: refresh=0 updateRect=0 720x400 @ https://nalet.github.io/VirtualBox-Wasm/:732
[LOG] [POST] 325s: refresh=0 updateRect=0 720x400 @ https://nalet.github.io/VirtualBox-Wasm/:732
[LOG] [POST] 330s: refresh=0 updateRect=0 720x400 @ https://nalet.github.io/VirtualBox-Wasm/:732
[LOG] [POST] 335s: refresh=0 updateRect=0 720x400 @ https://nalet.github.io/VirtualBox-Wasm/:732
[LOG] [POST] 340s: refresh=0 updateRect=0 720x400 @ https://nalet.github.io/VirtualBox-Wasm/:732
[LOG] [POST] 345s: refresh=0 updateRect=0 720x400 @ https://nalet.github.io/VirtualBox-Wasm/:732
[LOG] [POST] 350s: refresh=0 updateRect=0 720x400 @ https://nalet.github.io/VirtualBox-Wasm/:732
[LOG] [POST] 355s: refresh=0 updateRect=0 720x400 @ https://nalet.github.io/VirtualBox-Wasm/:732
[LOG] [POST] 360s: refresh=0 updateRect=0 720x400 @ https://nalet.github.io/VirtualBox-Wasm/:732
[LOG] [POST] 365s: refresh=0 updateRect=0 720x400 @ https://nalet.github.io/VirtualBox-Wasm/:732
[LOG] [POST] 370s: refresh=0 updateRect=0 720x400 @ https://nalet.github.io/VirtualBox-Wasm/:732
[LOG] [POST] 375s: refresh=0 updateRect=0 720x400 @ https://nalet.github.io/VirtualBox-Wasm/:732
[LOG] [POST] 380s: refresh=0 updateRect=0 720x400 @ https://nalet.github.io/VirtualBox-Wasm/:732
[LOG] [POST] 385s: refresh=0 updateRect=0 720x400 @ https://nalet.github.io/VirtualBox-Wasm/:732
[LOG] [POST] 390s: refresh=0 updateRect=0 720x400 @ https://nalet.github.io/VirtualBox-Wasm/:732
[LOG] [POST] 395s: refresh=0 updateRect=0 720x400 @ https://nalet.github.io/VirtualBox-Wasm/:732
[LOG] [POST] 400s: refresh=0 updateRect=0 720x400 @ https://nalet.github.io/VirtualBox-Wasm/:732
[LOG] [POST] 405s: refresh=0 updateRect=0 720x400 @ https://nalet.github.io/VirtualBox-Wasm/:732
[LOG] [POST] 410s: refresh=0 updateRect=0 720x400 @ https://nalet.github.io/VirtualBox-Wasm/:732
[LOG] [POST] 415s: refresh=0 updateRect=0 720x400 @ https://nalet.github.io/VirtualBox-Wasm/:732
[LOG] [POST] 420s: refresh=0 updateRect=0 720x400 @ https://nalet.github.io/VirtualBox-Wasm/:732
[LOG] [POST] 425s: refresh=0 updateRect=0 720x400 @ https://nalet.github.io/VirtualBox-Wasm/:732
[LOG] [POST] 430s: refresh=0 updateRect=0 720x400 @ https://nalet.github.io/VirtualBox-Wasm/:732
[LOG] [POST] 435s: refresh=0 updateRect=0 720x400 @ https://nalet.github.io/VirtualBox-Wasm/:732
[LOG] [POST] 440s: refresh=0 updateRect=0 720x400 @ https://nalet.github.io/VirtualBox-Wasm/:732
[LOG] [POST] 445s: refresh=0 updateRect=0 720x400 @ https://nalet.github.io/VirtualBox-Wasm/:732
[LOG] [POST] 450s: refresh=0 updateRect=0 720x400 @ https://nalet.github.io/VirtualBox-Wasm/:732
[LOG] [POST] 455s: refresh=0 updateRect=0 720x400 @ https://nalet.github.io/VirtualBox-Wasm/:732
[LOG] [POST] 460s: refresh=0 updateRect=0 720x400 @ https://nalet.github.io/VirtualBox-Wasm/:732
[LOG] [POST] 465s: refresh=0 updateRect=0 720x400 @ https://nalet.github.io/VirtualBox-Wasm/:732
[LOG] [POST] 470s: refresh=0 updateRect=0 720x400 @ https://nalet.github.io/VirtualBox-Wasm/:732
[LOG] [POST] 475s: refresh=0 updateRect=0 720x400 @ https://nalet.github.io/VirtualBox-Wasm/:732
[LOG] [POST] 480s: refresh=0 updateRect=0 720x400 @ https://nalet.github.io/VirtualBox-Wasm/:732
[LOG] [POST] 485s: refresh=0 updateRect=0 720x400 @ https://nalet.github.io/VirtualBox-Wasm/:732
[LOG] [POST] 490s: refresh=0 updateRect=0 720x400 @ https://nalet.github.io/VirtualBox-Wasm/:732
[LOG] [POST] 495s: refresh=0 updateRect=0 720x400 @ https://nalet.github.io/VirtualBox-Wasm/:732
[LOG] [POST] 500s: refresh=0 updateRect=0 720x400 @ https://nalet.github.io/VirtualBox-Wasm/:732
[LOG] [POST] 505s: refresh=0 updateRect=0 720x400 @ https://nalet.github.io/VirtualBox-Wasm/:732
[LOG] [POST] 510s: refresh=0 updateRect=0 720x400 @ https://nalet.github.io/VirtualBox-Wasm/:732
[LOG] [POST] 515s: refresh=0 updateRect=0 720x400 @ https://nalet.github.io/VirtualBox-Wasm/:732
[LOG] [POST] 520s: refresh=0 updateRect=0 720x400 @ https://nalet.github.io/VirtualBox-Wasm/:732
[LOG] [POST] 525s: refresh=0 updateRect=0 720x400 @ https://nalet.github.io/VirtualBox-Wasm/:732
[LOG] [POST] 530s: refresh=0 updateRect=0 720x400 @ https://nalet.github.io/VirtualBox-Wasm/:732
[LOG] [POST] 535s: refresh=0 updateRect=0 720x400 @ https://nalet.github.io/VirtualBox-Wasm/:732
[LOG] [POST] 540s: refresh=0 updateRect=0 720x400 @ https://nalet.github.io/VirtualBox-Wasm/:732
[LOG] [POST] 545s: refresh=0 updateRect=0 720x400 @ https://nalet.github.io/VirtualBox-Wasm/:732
[LOG] [POST] 550s: refresh=0 updateRect=0 720x400 @ https://nalet.github.io/VirtualBox-Wasm/:732
[LOG] [POST] 555s: refresh=0 updateRect=0 720x400 @ https://nalet.github.io/VirtualBox-Wasm/:732
[LOG] [POST] 560s: refresh=0 updateRect=0 720x400 @ https://nalet.github.io/VirtualBox-Wasm/:732
[LOG] [POST] 565s: refresh=0 updateRect=0 720x400 @ https://nalet.github.io/VirtualBox-Wasm/:732
[LOG] [POST] 570s: refresh=0 updateRect=0 720x400 @ https://nalet.github.io/VirtualBox-Wasm/:732
[LOG] [POST] 575s: refresh=0 updateRect=0 720x400 @ https://nalet.github.io/VirtualBox-Wasm/:732
[LOG] [POST] 580s: refresh=0 updateRect=0 720x400 @ https://nalet.github.io/VirtualBox-Wasm/:732
[LOG] [POST] 585s: refresh=0 updateRect=0 720x400 @ https://nalet.github.io/VirtualBox-Wasm/:732
[LOG] [POST] 590s: refresh=0 updateRect=0 720x400 @ https://nalet.github.io/VirtualBox-Wasm/:732
[LOG] [POST] 595s: refresh=0 updateRect=0 720x400 @ https://nalet.github.io/VirtualBox-Wasm/:732
[LOG] [POST] 600s: refresh=0 updateRect=0 720x400 @ https://nalet.github.io/VirtualBox-Wasm/:732
[LOG] [POST] 605s: refresh=0 updateRect=0 720x400 @ https://nalet.github.io/VirtualBox-Wasm/:732
[LOG] [enable-threads] SW activated, reloading for COOP/COEP... @ https://nalet.github.io/VirtualBox-Wasm/enable-threads.js:39
ErrorEvent
RuntimeError: memory access out of bounds
    at https://nalet.github.io/VirtualBox-Wasm/vbox-wasm.wasm:wasm-function[6233]:0x2fb0ec
    at https://nalet.github.io/VirtualBox-Wasm/vbox-wasm.wasm:wasm-function[6231]:0x2facb7
    at invoke_ijji (https://nalet.github.io/VirtualBox-Wasm/vbox-wasm.js:9137:44)
    at https://nalet.github.io/VirtualBox-Wasm/vbox-wasm.wasm:wasm-function[881]:0x780dc
    at https://nalet.github.io/VirtualBox-Wasm/vbox-wasm.wasm:wasm-function[1994]:0xe78fc
    at https://nalet.github.io/VirtualBox-Wasm/vbox-wasm.wasm:wasm-function[1993]:0xe7072
    at https://nalet.github.io/VirtualBox-Wasm/vbox-wasm.wasm:wasm-function[32164]:0x1a0a602
    at https://nalet.github.io/VirtualBox-Wasm/vbox-wasm.wasm:wasm-function[293]:0x22606
    at https://nalet.github.io/VirtualBox-Wasm/vbox-wasm.js:3759:46
    at invokeEntryPoint (https://nalet.github.io/VirtualBox-Wasm/vbox-wasm.js:3759:69)