Total messages: 36 (Errors: 2, Warnings: 1)

[LOG] [enable-threads] SW activated, reloading for COOP/COEP... @ https://nalet.github.io/VirtualBox-Wasm/enable-threads.js:39
[LOG]  @ https://nalet.github.io/VirtualBox-Wasm/:495
[LOG] === VirtualBox/Wasm VM Harness === @ https://nalet.github.io/VirtualBox-Wasm/:495
[LOG] IPRT version : 7.2.97 @ https://nalet.github.io/VirtualBox-Wasm/:495
[LOG] sizeof(void*): 8 (Wasm64) @ https://nalet.github.io/VirtualBox-Wasm/:495
[LOG]  @ https://nalet.github.io/VirtualBox-Wasm/:495
[LOG] CD-ROM image: /cdrom.iso (409 MB) @ https://nalet.github.io/VirtualBox-Wasm/:495
[LOG] Creating VM... @ https://nalet.github.io/VirtualBox-Wasm/:495
[LOG] [WASM-THREAD] rtThreadNativeCreate: name= cbStack=1048576 @ https://nalet.github.io/VirtualBox-Wasm/:495
[LOG] [WASM-THREAD] pthread_create for '': rc=0 id=0000000000d59008 @ https://nalet.github.io/VirtualBox-Wasm/:495
[LOG] [WASM-THREAD] wasmThreadNativeMain entered: name= self=0000000000d59008 @ https://nalet.github.io/VirtualBox-Wasm/:495
[LOG] [WASM-THREAD] calling rtThreadMain for '' @ https://nalet.github.io/VirtualBox-Wasm/:495
[LOG] CFGM configuration tree built successfully. @ https://nalet.github.io/VirtualBox-Wasm/:495
[LOG] STUB: RTRandAdvCreateSystemFaster returning VERR_NOT_SUPPORTED @ https://nalet.github.io/VirtualBox-Wasm/:495
[LOG] [WasmDisplay] VGA refresh timer armed (50ms / 20fps) @ https://nalet.github.io/VirtualBox-Wasm/:495
[LOG] [WasmDisplay] Display driver attached (initial 720x400 32bpp) @ https://nalet.github.io/VirtualBox-Wasm/:495
[LOG] [WASM-THREAD] rtThreadNativeCreate: name= cbStack=0 @ https://nalet.github.io/VirtualBox-Wasm/:495
[LOG] [WASM-THREAD] pthread_create for '': rc=0 id=0000000002499930 @ https://nalet.github.io/VirtualBox-Wasm/:495
[LOG] [WASM-THREAD] rtThreadNativeCreate: name= cbStack=0 @ https://nalet.github.io/VirtualBox-Wasm/:495
[LOG] [WASM-THREAD] wasmThreadNativeMain entered: name= self=0000000002499930 @ https://nalet.github.io/VirtualBox-Wasm/:495
[LOG] [WASM-THREAD] calling rtThreadMain for '' @ https://nalet.github.io/VirtualBox-Wasm/:495
[LOG] [WASM-THREAD] wasmThreadNativeMain entered: name= self=000000000251b520 @ https://nalet.github.io/VirtualBox-Wasm/:495
[LOG] [WASM-THREAD] calling rtThreadMain for '' @ https://nalet.github.io/VirtualBox-Wasm/:495
[LOG] [WASM-THREAD] pthread_create for '': rc=0 id=000000000251b520 @ https://nalet.github.io/VirtualBox-Wasm/:495
[LOG] VM created successfully! @ https://nalet.github.io/VirtualBox-Wasm/:495
[LOG] Powering on VM... @ https://nalet.github.io/VirtualBox-Wasm/:495
[LOG] VM is running! @ https://nalet.github.io/VirtualBox-Wasm/:495
[LOG] IEM is executing guest x86 code... @ https://nalet.github.io/VirtualBox-Wasm/:495
[LOG] Main thread returning (EMT continues in background). @ https://nalet.github.io/VirtualBox-Wasm/:495
[LOG] [JIT] calls=1 insns=0 fallbacks=1 avg=0.0 @ https://nalet.github.io/VirtualBox-Wasm/vbox-wasm.js:2847
[WARNING] worker sent an error! https://nalet.github.io/VirtualBox-Wasm/vbox-wasm.js:3096: Uncaught RuntimeError: memory access out of bounds @ https://nalet.github.io/VirtualBox-Wasm/:500
[LOG] [POST] 5s: refresh=0 updateRect=0 720x400 @ https://nalet.github.io/VirtualBox-Wasm/:732
[LOG] [POST] 10s: refresh=0 updateRect=0 720x400 @ https://nalet.github.io/VirtualBox-Wasm/:732
[LOG] [POST] 15s: refresh=0 updateRect=0 720x400 @ https://nalet.github.io/VirtualBox-Wasm/:732
ErrorEvent
RuntimeError: memory access out of bounds
    at https://nalet.github.io/VirtualBox-Wasm/vbox-wasm.wasm:wasm-function[6233]:0x2fb0ec
    at https://nalet.github.io/VirtualBox-Wasm/vbox-wasm.wasm:wasm-function[6231]:0x2facb7
    at invoke_ijji (https://nalet.github.io/VirtualBox-Wasm/vbox-wasm.js:9137:44)
    at https://nalet.github.io/VirtualBox-Wasm/vbox-wasm.wasm:wasm-function[881]:0x780dc
    at https://nalet.github.io/VirtualBox-Wasm/vbox-wasm.wasm:wasm-function[1994]:0xe78fc
    at https://nalet.github.io/VirtualBox-Wasm/vbox-wasm.wasm:wasm-function[1993]:0xe7072
    at https://nalet.github.io/VirtualBox-Wasm/vbox-wasm.wasm:wasm-function[32164]:0x1a0a602
    at https://nalet.github.io/VirtualBox-Wasm/vbox-wasm.wasm:wasm-function[293]:0x22606
    at https://nalet.github.io/VirtualBox-Wasm/vbox-wasm.js:3759:46
    at invokeEntryPoint (https://nalet.github.io/VirtualBox-Wasm/vbox-wasm.js:3759:69)