Total messages: 190 (Errors: 0, Warnings: 0)

[LOG] [POST] 420s: refresh=8299 updateRect=2099 720x400 @ https://nalet.github.io/VirtualBox-Wasm/:820
[LOG] [JIT] calls=1564325 insns=5668682939 fallbacks=51564 avg=3747.2 @69ff:9fff IF=0 code=0000000000000000 top=[0xf6:45115 0xdf:38671 0xdd:19332 0xdb:12890 0xff07:12890 0xda:12886 0x6c:6445 0xf06:6445] @ https://nalet.github.io/VirtualBox-Wasm/vbox-wasm.js:4106
[LOG] [POST] 425s: refresh=8398 updateRect=2124 720x400 @ https://nalet.github.io/VirtualBox-Wasm/:820
[LOG] [JIT] calls=1580428 insns=5734640827 fallbacks=51564 avg=3750.9 @69ff:7fff IF=0 code=0000000000000000 top=[0xf6:45115 0xdf:38671 0xdd:19332 0xdb:12890 0xff07:12890 0xda:12886 0x6c:6445 0xf06:6445] @ https://nalet.github.io/VirtualBox-Wasm/vbox-wasm.js:4106
[LOG] [POST] 430s: refresh=8496 updateRect=2149 720x400 @ https://nalet.github.io/VirtualBox-Wasm/:820
[LOG] [WasmDisplay] refresh #8500, updateRect #2150 @ https://nalet.github.io/VirtualBox-Wasm/:583
[LOG] [JIT] calls=1597028 insns=5802634427 fallbacks=51564 avg=3754.6 @69ff:7fff IF=0 code=0000000000000000 top=[0xf6:45115 0xdf:38671 0xdd:19332 0xdb:12890 0xff07:12890 0xda:12886 0x6c:6445 0xf06:6445] @ https://nalet.github.io/VirtualBox-Wasm/vbox-wasm.js:4106
[LOG] [POST] 435s: refresh=8595 updateRect=2174 720x400 @ https://nalet.github.io/VirtualBox-Wasm/:820
[LOG] [JIT] calls=1613534 insns=5870243003 fallbacks=51564 avg=3758.2 @69ff:bfff IF=0 code=0000000000000000 top=[0xf6:45115 0xdf:38671 0xdd:19332 0xdb:12890 0xff07:12890 0xda:12886 0x6c:6445 0xf06:6445] @ https://nalet.github.io/VirtualBox-Wasm/vbox-wasm.js:4106
[LOG] [POST] 440s: refresh=8694 updateRect=2199 720x400 @ https://nalet.github.io/VirtualBox-Wasm/:820
[LOG] [JIT] calls=1629967 insns=5937552571 fallbacks=51564 avg=3761.7 @69ff:dfff IF=0 code=0000000000000000 top=[0xf6:45115 0xdf:38671 0xdd:19332 0xdb:12890 0xff07:12890 0xda:12886 0x6c:6445 0xf06:6445] @ https://nalet.github.io/VirtualBox-Wasm/vbox-wasm.js:4106
[LOG] [POST] 445s: refresh=8792 updateRect=2224 720x400 @ https://nalet.github.io/VirtualBox-Wasm/:820
[LOG] [JIT] calls=1646381 insns=6004784315 fallbacks=51564 avg=3765.2 @69ff:9fff IF=0 code=0000000000000000 top=[0xf6:45115 0xdf:38671 0xdd:19332 0xdb:12890 0xff07:12890 0xda:12886 0x6c:6445 0xf06:6445] @ https://nalet.github.io/VirtualBox-Wasm/vbox-wasm.js:4106
[LOG] [POST] 450s: refresh=8891 updateRect=2249 720x400 @ https://nalet.github.io/VirtualBox-Wasm/:820
[LOG] [JIT] calls=1662637 insns=6071368891 fallbacks=51564 avg=3768.5 @69ff:9fff IF=0 code=0000000000000000 top=[0xf6:45115 0xdf:38671 0xdd:19332 0xdb:12890 0xff07:12890 0xda:12886 0x6c:6445 0xf06:6445] @ https://nalet.github.io/VirtualBox-Wasm/vbox-wasm.js:4106
[LOG] [POST] 455s: refresh=8990 updateRect=2274 720x400 @ https://nalet.github.io/VirtualBox-Wasm/:820
[LOG] [JIT] calls=1678620 insns=6136835259 fallbacks=51564 avg=3771.7 @69ff:7fff IF=0 code=0000000000000000 top=[0xf6:45115 0xdf:38671 0xdd:19332 0xdb:12890 0xff07:12890 0xda:12886 0x6c:6445 0xf06:6445] @ https://nalet.github.io/VirtualBox-Wasm/vbox-wasm.js:4106
[LOG] [WasmDisplay] refresh #9000, updateRect #2277 @ https://nalet.github.io/VirtualBox-Wasm/:583
[LOG] [POST] 460s: refresh=9089 updateRect=2299 720x400 @ https://nalet.github.io/VirtualBox-Wasm/:820
[LOG] [JIT] calls=1695033 insns=6204062907 fallbacks=51564 avg=3775.0 @69ff:1fff IF=0 code=0000000000000000 top=[0xf6:45115 0xdf:38671 0xdd:19332 0xdb:12890 0xff07:12890 0xda:12886 0x6c:6445 0xf06:6445] @ https://nalet.github.io/VirtualBox-Wasm/vbox-wasm.js:4106
[LOG] [POST] 465s: refresh=9188 updateRect=2324 720x400 @ https://nalet.github.io/VirtualBox-Wasm/:820
[LOG] [JIT] calls=1711165 insns=6270139579 fallbacks=51564 avg=3778.1 @69ff:9fff IF=0 code=0000000000000000 top=[0xf6:45115 0xdf:38671 0xdd:19332 0xdb:12890 0xff07:12890 0xda:12886 0x6c:6445 0xf06:6445] @ https://nalet.github.io/VirtualBox-Wasm/vbox-wasm.js:4106
[LOG] [POST] 470s: refresh=9287 updateRect=2350 720x400 @ https://nalet.github.io/VirtualBox-Wasm/:820
[LOG] [JIT] calls=1726876 insns=6334491835 fallbacks=51564 avg=3781.1 @69ff:7fff IF=0 code=0000000000000000 top=[0xf6:45115 0xdf:38671 0xdd:19332 0xdb:12890 0xff07:12890 0xda:12886 0x6c:6445 0xf06:6445] @ https://nalet.github.io/VirtualBox-Wasm/vbox-wasm.js:4106
[LOG] [POST] 475s: refresh=9385 updateRect=2374 720x400 @ https://nalet.github.io/VirtualBox-Wasm/:820
[LOG] [JIT] calls=1743260 insns=6401600699 fallbacks=51564 avg=3784.1 @69ff:7fff IF=0 code=0000000000000000 top=[0xf6:45115 0xdf:38671 0xdd:19332 0xdb:12890 0xff07:12890 0xda:12886 0x6c:6445 0xf06:6445] @ https://nalet.github.io/VirtualBox-Wasm/vbox-wasm.js:4106
[LOG] [POST] 480s: refresh=9484 updateRect=2399 720x400 @ https://nalet.github.io/VirtualBox-Wasm/:820
[LOG] [JIT] calls=1760881 insns=6473776315 fallbacks=51564 avg=3787.3 @69ff:1fff IF=0 code=0000000000000000 top=[0xf6:45115 0xdf:38671 0xdd:19332 0xdb:12890 0xff07:12890 0xda:12886 0x6c:6445 0xf06:6445] @ https://nalet.github.io/VirtualBox-Wasm/vbox-wasm.js:4106
[LOG] [WasmDisplay] refresh #9500, updateRect #2403 @ https://nalet.github.io/VirtualBox-Wasm/:583
[LOG] [POST] 485s: refresh=9583 updateRect=2424 720x400 @ https://nalet.github.io/VirtualBox-Wasm/:820
[LOG] [JIT] calls=1777117 insns=6540278971 fallbacks=51564 avg=3790.3 @69ff:9fff IF=0 code=0000000000000000 top=[0xf6:45115 0xdf:38671 0xdd:19332 0xdb:12890 0xff07:12890 0xda:12886 0x6c:6445 0xf06:6445] @ https://nalet.github.io/VirtualBox-Wasm/vbox-wasm.js:4106
[LOG] [POST] 490s: refresh=9682 updateRect=2449 720x400 @ https://nalet.github.io/VirtualBox-Wasm/:820
[LOG] [JIT] calls=1793081 insns=6605667515 fallbacks=51564 avg=3793.1 @69ff:1fff IF=0 code=0000000000000000 top=[0xf6:45115 0xdf:38671 0xdd:19332 0xdb:12890 0xff07:12890 0xda:12886 0x6c:6445 0xf06:6445] @ https://nalet.github.io/VirtualBox-Wasm/vbox-wasm.js:4106
[LOG] [POST] 495s: refresh=9781 updateRect=2474 720x400 @ https://nalet.github.io/VirtualBox-Wasm/:820
[LOG] [JIT] calls=1809236 insns=6671838395 fallbacks=51564 avg=3795.8 @69ff:7fff IF=0 code=0000000000000000 top=[0xf6:45115 0xdf:38671 0xdd:19332 0xdb:12890 0xff07:12890 0xda:12886 0x6c:6445 0xf06:6445] @ https://nalet.github.io/VirtualBox-Wasm/vbox-wasm.js:4106
[LOG] [POST] 500s: refresh=9880 updateRect=2500 720x400 @ https://nalet.github.io/VirtualBox-Wasm/:820
[LOG] [JIT] calls=1825466 insns=6738316475 fallbacks=51564 avg=3798.6 @69ff:3fff IF=0 code=0000000000000000 top=[0xf6:45115 0xdf:38671 0xdd:19332 0xdb:12890 0xff07:12890 0xda:12886 0x6c:6445 0xf06:6445] @ https://nalet.github.io/VirtualBox-Wasm/vbox-wasm.js:4106
[LOG] [POST] 505s: refresh=9978 updateRect=2524 720x400 @ https://nalet.github.io/VirtualBox-Wasm/:820
[LOG] [JIT] calls=1841756 insns=6805040315 fallbacks=51564 avg=3801.3 @69ff:7fff IF=0 code=0000000000000000 top=[0xf6:45115 0xdf:38671 0xdd:19332 0xdb:12890 0xff07:12890 0xda:12886 0x6c:6445 0xf06:6445] @ https://nalet.github.io/VirtualBox-Wasm/vbox-wasm.js:4106
[LOG] [WasmDisplay] refresh #10000, updateRect #2530 @ https://nalet.github.io/VirtualBox-Wasm/:583
[LOG] [POST] 510s: refresh=10077 updateRect=2549 720x400 @ https://nalet.github.io/VirtualBox-Wasm/:820
[LOG] [JIT] calls=1857753 insns=6870564027 fallbacks=51564 avg=3803.9 @69ff:1fff IF=0 code=0000000000000000 top=[0xf6:45115 0xdf:38671 0xdd:19332 0xdb:12890 0xff07:12890 0xda:12886 0x6c:6445 0xf06:6445] @ https://nalet.github.io/VirtualBox-Wasm/vbox-wasm.js:4106
[LOG] [POST] 515s: refresh=10176 updateRect=2574 720x400 @ https://nalet.github.io/VirtualBox-Wasm/:820
[LOG] [JIT] calls=1873762 insns=6936136891 fallbacks=51564 avg=3806.5 @69ff:3fff IF=0 code=0000000000000000 top=[0xf6:45115 0xdf:38671 0xdd:19332 0xdb:12890 0xff07:12890 0xda:12886 0x6c:6445 0xf06:6445] @ https://nalet.github.io/VirtualBox-Wasm/vbox-wasm.js:4106
[LOG] [POST] 520s: refresh=10275 updateRect=2599 720x400 @ https://nalet.github.io/VirtualBox-Wasm/:820
[LOG] [JIT] calls=1889860 insns=7002074299 fallbacks=51564 avg=3809.0 @69ff:7fff IF=0 code=0000000000000000 top=[0xf6:45115 0xdf:38671 0xdd:19332 0xdb:12890 0xff07:12890 0xda:12886 0x6c:6445 0xf06:6445] @ https://nalet.github.io/VirtualBox-Wasm/vbox-wasm.js:4106
[LOG] [POST] 525s: refresh=10374 updateRect=2624 720x400 @ https://nalet.github.io/VirtualBox-Wasm/:820
[LOG] [JIT] calls=1905416 insns=7065791675 fallbacks=51564 avg=3811.4 @69ff:ffff IF=0 code=0000000000000000 top=[0xf6:45115 0xdf:38671 0xdd:19332 0xdb:12890 0xff07:12890 0xda:12886 0x6c:6445 0xf06:6445] @ https://nalet.github.io/VirtualBox-Wasm/vbox-wasm.js:4106
[LOG] [POST] 530s: refresh=10472 updateRect=2649 720x400 @ https://nalet.github.io/VirtualBox-Wasm/:820
[LOG] [JIT] calls=1921710 insns=7132531899 fallbacks=51564 avg=3813.9 @69ff:bfff IF=0 code=0000000000000000 top=[0xf6:45115 0xdf:38671 0xdd:19332 0xdb:12890 0xff07:12890 0xda:12886 0x6c:6445 0xf06:6445] @ https://nalet.github.io/VirtualBox-Wasm/vbox-wasm.js:4106
[LOG] [WasmDisplay] refresh #10500, updateRect #2656 @ https://nalet.github.io/VirtualBox-Wasm/:583
[LOG] [POST] 535s: refresh=10571 updateRect=2674 720x400 @ https://nalet.github.io/VirtualBox-Wasm/:820
[LOG] [JIT] calls=1937973 insns=7199145147 fallbacks=51564 avg=3816.3 @69ff:9fff IF=0 code=0000000000000000 top=[0xf6:45115 0xdf:38671 0xdd:19332 0xdb:12890 0xff07:12890 0xda:12886 0x6c:6445 0xf06:6445] @ https://nalet.github.io/VirtualBox-Wasm/vbox-wasm.js:4106
[LOG] [POST] 540s: refresh=10670 updateRect=2699 720x400 @ https://nalet.github.io/VirtualBox-Wasm/:820
[LOG] [JIT] calls=1954085 insns=7265139899 fallbacks=51564 avg=3818.7 @69ff:9fff IF=0 code=0000000000000000 top=[0xf6:45115 0xdf:38671 0xdd:19332 0xdb:12890 0xff07:12890 0xda:12886 0x6c:6445 0xf06:6445] @ https://nalet.github.io/VirtualBox-Wasm/vbox-wasm.js:4106
[LOG] [POST] 545s: refresh=10769 updateRect=2724 720x400 @ https://nalet.github.io/VirtualBox-Wasm/:820
[LOG] [JIT] calls=1970336 insns=7331703995 fallbacks=51564 avg=3821.0 @69ff:ffff IF=0 code=0000000000000000 top=[0xf6:45115 0xdf:38671 0xdd:19332 0xdb:12890 0xff07:12890 0xda:12886 0x6c:6445 0xf06:6445] @ https://nalet.github.io/VirtualBox-Wasm/vbox-wasm.js:4106
[LOG] [POST] 550s: refresh=10868 updateRect=2750 720x400 @ https://nalet.github.io/VirtualBox-Wasm/:820
[LOG] [JIT] calls=1986657 insns=7398554811 fallbacks=51564 avg=3823.4 @69ff:1fff IF=0 code=0000000000000000 top=[0xf6:45115 0xdf:38671 0xdd:19332 0xdb:12890 0xff07:12890 0xda:12886 0x6c:6445 0xf06:6445] @ https://nalet.github.io/VirtualBox-Wasm/vbox-wasm.js:4106
[LOG] [POST] 555s: refresh=10966 updateRect=2774 720x400 @ https://nalet.github.io/VirtualBox-Wasm/:820
[LOG] [JIT] calls=2004825 insns=7472970939 fallbacks=51564 avg=3825.9 @69ff:1fff IF=0 code=0000000000000000 top=[0xf6:45115 0xdf:38671 0xdd:19332 0xdb:12890 0xff07:12890 0xda:12886 0x6c:6445 0xf06:6445] @ https://nalet.github.io/VirtualBox-Wasm/vbox-wasm.js:4106
[LOG] [WasmDisplay] refresh #11000, updateRect #2783 @ https://nalet.github.io/VirtualBox-Wasm/:583
[LOG] [POST] 560s: refresh=11065 updateRect=2799 720x400 @ https://nalet.github.io/VirtualBox-Wasm/:820
[LOG] [JIT] calls=2020851 insns=7538613435 fallbacks=51564 avg=3828.1 @69ff:5fff IF=0 code=0000000000000000 top=[0xf6:45115 0xdf:38671 0xdd:19332 0xdb:12890 0xff07:12890 0xda:12886 0x6c:6445 0xf06:6445] @ https://nalet.github.io/VirtualBox-Wasm/vbox-wasm.js:4106
[LOG] [POST] 565s: refresh=11164 updateRect=2824 720x400 @ https://nalet.github.io/VirtualBox-Wasm/:820
[LOG] [JIT] calls=2037363 insns=7606246587 fallbacks=51564 avg=3830.3 @69ff:5fff IF=0 code=0000000000000000 top=[0xf6:45115 0xdf:38671 0xdd:19332 0xdb:12890 0xff07:12890 0xda:12886 0x6c:6445 0xf06:6445] @ https://nalet.github.io/VirtualBox-Wasm/vbox-wasm.js:4106
[LOG] [POST] 570s: refresh=11263 updateRect=2849 720x400 @ https://nalet.github.io/VirtualBox-Wasm/:820
[LOG] [JIT] calls=2053666 insns=7673023675 fallbacks=51564 avg=3832.5 @69ff:3fff IF=0 code=0000000000000000 top=[0xf6:45115 0xdf:38671 0xdd:19332 0xdb:12890 0xff07:12890 0xda:12886 0x6c:6445 0xf06:6445] @ https://nalet.github.io/VirtualBox-Wasm/vbox-wasm.js:4106
[LOG] [POST] 575s: refresh=11362 updateRect=2874 720x400 @ https://nalet.github.io/VirtualBox-Wasm/:820
[LOG] [JIT] calls=2069970 insns=7739804859 fallbacks=51564 avg=3834.6 @69ff:3fff IF=0 code=0000000000000000 top=[0xf6:45115 0xdf:38671 0xdd:19332 0xdb:12890 0xff07:12890 0xda:12886 0x6c:6445 0xf06:6445] @ https://nalet.github.io/VirtualBox-Wasm/vbox-wasm.js:4106
[LOG] [POST] 580s: refresh=11461 updateRect=2899 720x400 @ https://nalet.github.io/VirtualBox-Wasm/:820
[LOG] [JIT] calls=2086232 insns=7806414011 fallbacks=51564 avg=3836.7 @69ff:ffff IF=0 code=0000000000000000 top=[0xf6:45115 0xdf:38671 0xdd:19332 0xdb:12890 0xff07:12890 0xda:12886 0x6c:6445 0xf06:6445] @ https://nalet.github.io/VirtualBox-Wasm/vbox-wasm.js:4106
[LOG] [WasmDisplay] refresh #11500, updateRect #2909 @ https://nalet.github.io/VirtualBox-Wasm/:583
[LOG] [POST] 585s: refresh=11559 updateRect=2924 720x400 @ https://nalet.github.io/VirtualBox-Wasm/:820
[LOG] [JIT] calls=2105489 insns=7885290683 fallbacks=51564 avg=3839.1 @69ff:1fff IF=0 code=0000000000000000 top=[0xf6:45115 0xdf:38671 0xdd:19332 0xdb:12890 0xff07:12890 0xda:12886 0x6c:6445 0xf06:6445] @ https://nalet.github.io/VirtualBox-Wasm/vbox-wasm.js:4106
[LOG] [POST] 590s: refresh=11658 updateRect=2949 720x400 @ https://nalet.github.io/VirtualBox-Wasm/:820
[LOG] [JIT] calls=2122470 insns=7954844859 fallbacks=51564 avg=3841.2 @69ff:bfff IF=0 code=0000000000000000 top=[0xf6:45115 0xdf:38671 0xdd:19332 0xdb:12890 0xff07:12890 0xda:12886 0x6c:6445 0xf06:6445] @ https://nalet.github.io/VirtualBox-Wasm/vbox-wasm.js:4106
[LOG] [POST] 595s: refresh=11757 updateRect=2974 720x400 @ https://nalet.github.io/VirtualBox-Wasm/:820
[LOG] [JIT] calls=2146664 insns=8053943483 fallbacks=51564 avg=3844.2 @69ff:ffff IF=0 code=0000000000000000 top=[0xf6:45115 0xdf:38671 0xdd:19332 0xdb:12890 0xff07:12890 0xda:12886 0x6c:6445 0xf06:6445] @ https://nalet.github.io/VirtualBox-Wasm/vbox-wasm.js:4106
[LOG] [POST] 600s: refresh=11856 updateRect=2999 720x400 @ https://nalet.github.io/VirtualBox-Wasm/:820
[LOG] [JIT] calls=2162824 insns=8120134843 fallbacks=51564 avg=3846.1 @69ff:ffff IF=0 code=0000000000000000 top=[0xf6:45115 0xdf:38671 0xdd:19332 0xdb:12890 0xff07:12890 0xda:12886 0x6c:6445 0xf06:6445] @ https://nalet.github.io/VirtualBox-Wasm/vbox-wasm.js:4106
[LOG] [POST] 605s: refresh=11955 updateRect=3024 720x400 @ https://nalet.github.io/VirtualBox-Wasm/:820
[LOG] [JIT] calls=2178841 insns=8185740475 fallbacks=51564 avg=3848.0 @69ff:1fff IF=0 code=0000000000000000 top=[0xf6:45115 0xdf:38671 0xdd:19332 0xdb:12890 0xff07:12890 0xda:12886 0x6c:6445 0xf06:6445] @ https://nalet.github.io/VirtualBox-Wasm/vbox-wasm.js:4106
[LOG] [WasmDisplay] refresh #12000, updateRect #3035 @ https://nalet.github.io/VirtualBox-Wasm/:583
[LOG] [JIT] calls=2195341 insns=8253324475 fallbacks=51564 avg=3849.9 @69ff:9fff IF=0 code=0000000000000000 top=[0xf6:45115 0xdf:38671 0xdd:19332 0xdb:12890 0xff07:12890 0xda:12886 0x6c:6445 0xf06:6445] @ https://nalet.github.io/VirtualBox-Wasm/vbox-wasm.js:4106
[LOG] [JIT] calls=2211188 insns=8318233787 fallbacks=51564 avg=3851.7 @69ff:7fff IF=0 code=0000000000000000 top=[0xf6:45115 0xdf:38671 0xdd:19332 0xdb:12890 0xff07:12890 0xda:12886 0x6c:6445 0xf06:6445] @ https://nalet.github.io/VirtualBox-Wasm/vbox-wasm.js:4106
[LOG] [JIT] calls=2227404 insns=8384654523 fallbacks=51564 avg=3853.5 @69ff:7fff IF=0 code=0000000000000000 top=[0xf6:45115 0xdf:38671 0xdd:19332 0xdb:12890 0xff07:12890 0xda:12886 0x6c:6445 0xf06:6445] @ https://nalet.github.io/VirtualBox-Wasm/vbox-wasm.js:4106
[LOG] [JIT] calls=2243815 insns=8451873979 fallbacks=51564 avg=3855.3 @69ff:dfff IF=0 code=0000000000000000 top=[0xf6:45115 0xdf:38671 0xdd:19332 0xdb:12890 0xff07:12890 0xda:12886 0x6c:6445 0xf06:6445] @ https://nalet.github.io/VirtualBox-Wasm/vbox-wasm.js:4106
[LOG] [JIT] calls=2260078 insns=8518487227 fallbacks=51564 avg=3857.1 @69ff:bfff IF=0 code=0000000000000000 top=[0xf6:45115 0xdf:38671 0xdd:19332 0xdb:12890 0xff07:12890 0xda:12886 0x6c:6445 0xf06:6445] @ https://nalet.github.io/VirtualBox-Wasm/vbox-wasm.js:4106
[LOG] [WasmDisplay] refresh #12500, updateRect #3162 @ https://nalet.github.io/VirtualBox-Wasm/:583
[LOG] [JIT] calls=2276057 insns=8583937211 fallbacks=51564 avg=3858.8 @69ff:1fff IF=0 code=0000000000000000 top=[0xf6:45115 0xdf:38671 0xdd:19332 0xdb:12890 0xff07:12890 0xda:12886 0x6c:6445 0xf06:6445] @ https://nalet.github.io/VirtualBox-Wasm/vbox-wasm.js:4106
[LOG] [JIT] calls=2292004 insns=8649256123 fallbacks=51564 avg=3860.5 @69ff:7fff IF=0 code=0000000000000000 top=[0xf6:45115 0xdf:38671 0xdd:19332 0xdb:12890 0xff07:12890 0xda:12886 0x6c:6445 0xf06:6445] @ https://nalet.github.io/VirtualBox-Wasm/vbox-wasm.js:4106
[LOG] [JIT] calls=2308303 insns=8716016827 fallbacks=51564 avg=3862.2 @69ff:dfff IF=0 code=0000000000000000 top=[0xf6:45115 0xdf:38671 0xdd:19332 0xdb:12890 0xff07:12890 0xda:12886 0x6c:6445 0xf06:6445] @ https://nalet.github.io/VirtualBox-Wasm/vbox-wasm.js:4106
[LOG] [JIT] calls=2324585 insns=8782707899 fallbacks=51564 avg=3863.9 @69ff:1fff IF=0 code=0000000000000000 top=[0xf6:45115 0xdf:38671 0xdd:19332 0xdb:12890 0xff07:12890 0xda:12886 0x6c:6445 0xf06:6445] @ https://nalet.github.io/VirtualBox-Wasm/vbox-wasm.js:4106
[LOG] [JIT] calls=2340534 insns=8848035003 fallbacks=51564 avg=3865.5 @69ff:bfff IF=0 code=0000000000000000 top=[0xf6:45115 0xdf:38671 0xdd:19332 0xdb:12890 0xff07:12890 0xda:12886 0x6c:6445 0xf06:6445] @ https://nalet.github.io/VirtualBox-Wasm/vbox-wasm.js:4106
[LOG] [WasmDisplay] refresh #13000, updateRect #3288 @ https://nalet.github.io/VirtualBox-Wasm/:583
[LOG] [JIT] calls=2356578 insns=8913751227 fallbacks=51564 avg=3867.1 @69ff:3fff IF=0 code=0000000000000000 top=[0xf6:45115 0xdf:38671 0xdd:19332 0xdb:12890 0xff07:12890 0xda:12886 0x6c:6445 0xf06:6445] @ https://nalet.github.io/VirtualBox-Wasm/vbox-wasm.js:4106
[LOG] [JIT] calls=2372752 insns=8979999931 fallbacks=51564 avg=3868.7 @69ff:ffff IF=0 code=0000000000000000 top=[0xf6:45115 0xdf:38671 0xdd:19332 0xdb:12890 0xff07:12890 0xda:12886 0x6c:6445 0xf06:6445] @ https://nalet.github.io/VirtualBox-Wasm/vbox-wasm.js:4106
[LOG] [JIT] calls=2389178 insns=9047280827 fallbacks=51564 avg=3870.3 @69ff:3fff IF=0 code=0000000000000000 top=[0xf6:45115 0xdf:38671 0xdd:19332 0xdb:12890 0xff07:12890 0xda:12886 0x6c:6445 0xf06:6445] @ https://nalet.github.io/VirtualBox-Wasm/vbox-wasm.js:4106
[LOG] [JIT] calls=2405447 insns=9113918651 fallbacks=51564 avg=3871.9 @69ff:dfff IF=0 code=0000000000000000 top=[0xf6:45115 0xdf:38671 0xdd:19332 0xdb:12890 0xff07:12890 0xda:12886 0x6c:6445 0xf06:6445] @ https://nalet.github.io/VirtualBox-Wasm/vbox-wasm.js:4106
[LOG] [JIT] calls=2421515 insns=9179733179 fallbacks=51564 avg=3873.4 @69ff:5fff IF=0 code=0000000000000000 top=[0xf6:45115 0xdf:38671 0xdd:19332 0xdb:12890 0xff07:12890 0xda:12886 0x6c:6445 0xf06:6445] @ https://nalet.github.io/VirtualBox-Wasm/vbox-wasm.js:4106
[LOG] [WasmDisplay] refresh #13500, updateRect #3415 @ https://nalet.github.io/VirtualBox-Wasm/:583
[LOG] [JIT] calls=2438326 insns=9248591035 fallbacks=51564 avg=3875.0 @69ff:bfff IF=0 code=0000000000000000 top=[0xf6:45115 0xdf:38671 0xdd:19332 0xdb:12890 0xff07:12890 0xda:12886 0x6c:6445 0xf06:6445] @ https://nalet.github.io/VirtualBox-Wasm/vbox-wasm.js:4106
[LOG] [JIT] calls=2454720 insns=9315740859 fallbacks=51564 avg=3876.5 @69ff:ffff IF=0 code=0000000000000000 top=[0xf6:45115 0xdf:38671 0xdd:19332 0xdb:12890 0xff07:12890 0xda:12886 0x6c:6445 0xf06:6445] @ https://nalet.github.io/VirtualBox-Wasm/vbox-wasm.js:4106
[LOG] [JIT] calls=2476252 insns=9403935931 fallbacks=51564 avg=3878.4 @69ff:7fff IF=0 code=0000000000000000 top=[0xf6:45115 0xdf:38671 0xdd:19332 0xdb:12890 0xff07:12890 0xda:12886 0x6c:6445 0xf06:6445] @ https://nalet.github.io/VirtualBox-Wasm/vbox-wasm.js:4106
[LOG] [JIT] calls=2494370 insns=9478147259 fallbacks=51564 avg=3880.0 @69ff:3fff IF=0 code=0000000000000000 top=[0xf6:45115 0xdf:38671 0xdd:19332 0xdb:12890 0xff07:12890 0xda:12886 0x6c:6445 0xf06:6445] @ https://nalet.github.io/VirtualBox-Wasm/vbox-wasm.js:4106
[LOG] [JIT] calls=2510635 insns=9544768699 fallbacks=51564 avg=3881.5 @69ff:5fff IF=0 code=0000000000000000 top=[0xf6:45115 0xdf:38671 0xdd:19332 0xdb:12890 0xff07:12890 0xda:12886 0x6c:6445 0xf06:6445] @ https://nalet.github.io/VirtualBox-Wasm/vbox-wasm.js:4106
[LOG] [WasmDisplay] refresh #14000, updateRect #3541 @ https://nalet.github.io/VirtualBox-Wasm/:583
[LOG] [JIT] calls=2527345 insns=9613212859 fallbacks=51564 avg=3882.9 @69ff:1fff IF=0 code=0000000000000000 top=[0xf6:45115 0xdf:38671 0xdd:19332 0xdb:12890 0xff07:12890 0xda:12886 0x6c:6445 0xf06:6445] @ https://nalet.github.io/VirtualBox-Wasm/vbox-wasm.js:4106
[LOG] [JIT] calls=2543901 insns=9681026235 fallbacks=51564 avg=3884.3 @69ff:9fff IF=0 code=0000000000000000 top=[0xf6:45115 0xdf:38671 0xdd:19332 0xdb:12890 0xff07:12890 0xda:12886 0x6c:6445 0xf06:6445] @ https://nalet.github.io/VirtualBox-Wasm/vbox-wasm.js:4106
[LOG] [JIT] calls=2560236 insns=9747934395 fallbacks=51564 avg=3885.7 @69ff:7fff IF=0 code=0000000000000000 top=[0xf6:45115 0xdf:38671 0xdd:19332 0xdb:12890 0xff07:12890 0xda:12886 0x6c:6445 0xf06:6445] @ https://nalet.github.io/VirtualBox-Wasm/vbox-wasm.js:4106
[LOG] [JIT] calls=2576337 insns=9813884091 fallbacks=51564 avg=3887.0 @69ff:1fff IF=0 code=0000000000000000 top=[0xf6:45115 0xdf:38671 0xdd:19332 0xdb:12890 0xff07:12890 0xda:12886 0x6c:6445 0xf06:6445] @ https://nalet.github.io/VirtualBox-Wasm/vbox-wasm.js:4106
[LOG] [JIT] calls=2592541 insns=9880255675 fallbacks=51564 avg=3888.4 @69ff:9fff IF=0 code=0000000000000000 top=[0xf6:45115 0xdf:38671 0xdd:19332 0xdb:12890 0xff07:12890 0xda:12886 0x6c:6445 0xf06:6445] @ https://nalet.github.io/VirtualBox-Wasm/vbox-wasm.js:4106
[LOG] [WasmDisplay] refresh #14500, updateRect #3668 @ https://nalet.github.io/VirtualBox-Wasm/:583
[LOG] [JIT] calls=2608774 insns=9946746043 fallbacks=51564 avg=3889.7 @69ff:bfff IF=0 code=0000000000000000 top=[0xf6:45115 0xdf:38671 0xdd:19332 0xdb:12890 0xff07:12890 0xda:12886 0x6c:6445 0xf06:6445] @ https://nalet.github.io/VirtualBox-Wasm/vbox-wasm.js:4106
[LOG] [JIT] calls=2627088 insns=10021760187 fallbacks=51564 avg=3891.2 @69ff:ffff IF=0 code=0000000000000000 top=[0xf6:45115 0xdf:38671 0xdd:19332 0xdb:12890 0xff07:12890 0xda:12886 0x6c:6445 0xf06:6445] @ https://nalet.github.io/VirtualBox-Wasm/vbox-wasm.js:4106
[LOG] [JIT] calls=2643653 insns=10089610427 fallbacks=51564 avg=3892.5 @69ff:9fff IF=0 code=0000000000000000 top=[0xf6:45115 0xdf:38671 0xdd:19332 0xdb:12890 0xff07:12890 0xda:12886 0x6c:6445 0xf06:6445] @ https://nalet.github.io/VirtualBox-Wasm/vbox-wasm.js:4106
[LOG] [JIT] calls=2659990 insns=10156526779 fallbacks=51564 avg=3893.7 @69ff:bfff IF=0 code=0000000000000000 top=[0xf6:45115 0xdf:38671 0xdd:19332 0xdb:12890 0xff07:12890 0xda:12886 0x6c:6445 0xf06:6445] @ https://nalet.github.io/VirtualBox-Wasm/vbox-wasm.js:4106
[LOG] [JIT] calls=2676017 insns=10222173371 fallbacks=51564 avg=3895.0 @69ff:1fff IF=0 code=0000000000000000 top=[0xf6:45115 0xdf:38671 0xdd:19332 0xdb:12890 0xff07:12890 0xda:12886 0x6c:6445 0xf06:6445] @ https://nalet.github.io/VirtualBox-Wasm/vbox-wasm.js:4106
[LOG] [WasmDisplay] refresh #15000, updateRect #3794 @ https://nalet.github.io/VirtualBox-Wasm/:583
[LOG] [JIT] calls=2692140 insns=10288213179 fallbacks=51564 avg=3896.2 @69ff:7fff IF=0 code=0000000000000000 top=[0xf6:45115 0xdf:38671 0xdd:19332 0xdb:12890 0xff07:12890 0xda:12886 0x6c:6445 0xf06:6445] @ https://nalet.github.io/VirtualBox-Wasm/vbox-wasm.js:4106
[LOG] [JIT] calls=2708738 insns=10356198587 fallbacks=51564 avg=3897.4 @69ff:3fff IF=0 code=0000000000000000 top=[0xf6:45115 0xdf:38671 0xdd:19332 0xdb:12890 0xff07:12890 0xda:12886 0x6c:6445 0xf06:6445] @ https://nalet.github.io/VirtualBox-Wasm/vbox-wasm.js:4106
[LOG] [JIT] calls=2724640 insns=10421333179 fallbacks=51564 avg=3898.6 @69ff:ffff IF=0 code=0000000000000000 top=[0xf6:45115 0xdf:38671 0xdd:19332 0xdb:12890 0xff07:12890 0xda:12886 0x6c:6445 0xf06:6445] @ https://nalet.github.io/VirtualBox-Wasm/vbox-wasm.js:4106
[LOG] [JIT] calls=2740660 insns=10486951099 fallbacks=51564 avg=3899.8 @69ff:7fff IF=0 code=0000000000000000 top=[0xf6:45115 0xdf:38671 0xdd:19332 0xdb:12890 0xff07:12890 0xda:12886 0x6c:6445 0xf06:6445] @ https://nalet.github.io/VirtualBox-Wasm/vbox-wasm.js:4106
[LOG] [JIT] calls=2757045 insns=10554064059 fallbacks=51564 avg=3901.0 @69ff:9fff IF=0 code=0000000000000000 top=[0xf6:45115 0xdf:38671 0xdd:19332 0xdb:12890 0xff07:12890 0xda:12886 0x6c:6445 0xf06:6445] @ https://nalet.github.io/VirtualBox-Wasm/vbox-wasm.js:4106
[LOG] [WasmDisplay] refresh #15500, updateRect #3921 @ https://nalet.github.io/VirtualBox-Wasm/:583
[LOG] [JIT] calls=2773022 insns=10619505851 fallbacks=51564 avg=3902.1 @69ff:bfff IF=0 code=0000000000000000 top=[0xf6:45115 0xdf:38671 0xdd:19332 0xdb:12890 0xff07:12890 0xda:12886 0x6c:6445 0xf06:6445] @ https://nalet.github.io/VirtualBox-Wasm/vbox-wasm.js:4106
[LOG] [JIT] calls=2789009 insns=10684988603 fallbacks=51564 avg=3903.3 @69ff:1fff IF=0 code=0000000000000000 top=[0xf6:45115 0xdf:38671 0xdd:19332 0xdb:12890 0xff07:12890 0xda:12886 0x6c:6445 0xf06:6445] @ https://nalet.github.io/VirtualBox-Wasm/vbox-wasm.js:4106
[LOG] [JIT] calls=2805073 insns=10750786747 fallbacks=51564 avg=3904.4 @69ff:1fff IF=0 code=0000000000000000 top=[0xf6:45115 0xdf:38671 0xdd:19332 0xdb:12890 0xff07:12890 0xda:12886 0x6c:6445 0xf06:6445] @ https://nalet.github.io/VirtualBox-Wasm/vbox-wasm.js:4106
[LOG] [JIT] calls=2820761 insns=10815044795 fallbacks=51564 avg=3905.5 @69ff:1fff IF=0 code=0000000000000000 top=[0xf6:45115 0xdf:38671 0xdd:19332 0xdb:12890 0xff07:12890 0xda:12886 0x6c:6445 0xf06:6445] @ https://nalet.github.io/VirtualBox-Wasm/vbox-wasm.js:4106
[LOG] [JIT] calls=2837415 insns=10883259579 fallbacks=51564 avg=3906.6 @69ff:dfff IF=0 code=0000000000000000 top=[0xf6:45115 0xdf:38671 0xdd:19332 0xdb:12890 0xff07:12890 0xda:12886 0x6c:6445 0xf06:6445] @ https://nalet.github.io/VirtualBox-Wasm/vbox-wasm.js:4106
[LOG] [WasmDisplay] refresh #16000, updateRect #4047 @ https://nalet.github.io/VirtualBox-Wasm/:583
[LOG] [JIT] calls=2853269 insns=10948197563 fallbacks=51564 avg=3907.7 @69ff:9fff IF=0 code=0000000000000000 top=[0xf6:45115 0xdf:38671 0xdd:19332 0xdb:12890 0xff07:12890 0xda:12886 0x6c:6445 0xf06:6445] @ https://nalet.github.io/VirtualBox-Wasm/vbox-wasm.js:4106
[LOG] [JIT] calls=2870063 insns=11016985787 fallbacks=51564 avg=3908.8 @69ff:dfff IF=0 code=0000000000000000 top=[0xf6:45115 0xdf:38671 0xdd:19332 0xdb:12890 0xff07:12890 0xda:12886 0x6c:6445 0xf06:6445] @ https://nalet.github.io/VirtualBox-Wasm/vbox-wasm.js:4106
[LOG] [JIT] calls=2886207 insns=11083111611 fallbacks=51564 avg=3909.9 @69ff:dfff IF=0 code=0000000000000000 top=[0xf6:45115 0xdf:38671 0xdd:19332 0xdb:12890 0xff07:12890 0xda:12886 0x6c:6445 0xf06:6445] @ https://nalet.github.io/VirtualBox-Wasm/vbox-wasm.js:4106
[LOG] [JIT] calls=2902522 insns=11149937851 fallbacks=51564 avg=3910.9 @69ff:3fff IF=0 code=0000000000000000 top=[0xf6:45115 0xdf:38671 0xdd:19332 0xdb:12890 0xff07:12890 0xda:12886 0x6c:6445 0xf06:6445] @ https://nalet.github.io/VirtualBox-Wasm/vbox-wasm.js:4106
[LOG] [JIT] calls=2918719 insns=11216280763 fallbacks=51564 avg=3912.0 @69ff:dfff IF=0 code=0000000000000000 top=[0xf6:45115 0xdf:38671 0xdd:19332 0xdb:12890 0xff07:12890 0xda:12886 0x6c:6445 0xf06:6445] @ https://nalet.github.io/VirtualBox-Wasm/vbox-wasm.js:4106
[LOG] [WasmDisplay] refresh #16500, updateRect #4174 @ https://nalet.github.io/VirtualBox-Wasm/:583
[LOG] [JIT] calls=2934760 insns=11281984699 fallbacks=51564 avg=3913.0 @69ff:ffff IF=0 code=0000000000000000 top=[0xf6:45115 0xdf:38671 0xdd:19332 0xdb:12890 0xff07:12890 0xda:12886 0x6c:6445 0xf06:6445] @ https://nalet.github.io/VirtualBox-Wasm/vbox-wasm.js:4106
[LOG] [JIT] calls=2951122 insns=11349003451 fallbacks=51564 avg=3914.0 @69ff:3fff IF=0 code=0000000000000000 top=[0xf6:45115 0xdf:38671 0xdd:19332 0xdb:12890 0xff07:12890 0xda:12886 0x6c:6445 0xf06:6445] @ https://nalet.github.io/VirtualBox-Wasm/vbox-wasm.js:4106
[LOG] [JIT] calls=2966902 insns=11413638331 fallbacks=51564 avg=3915.0 @69ff:bfff IF=0 code=0000000000000000 top=[0xf6:45115 0xdf:38671 0xdd:19332 0xdb:12890 0xff07:12890 0xda:12886 0x6c:6445 0xf06:6445] @ https://nalet.github.io/VirtualBox-Wasm/vbox-wasm.js:4106
[LOG] [JIT] calls=2983382 insns=11481140411 fallbacks=51564 avg=3916.0 @69ff:bfff IF=0 code=0000000000000000 top=[0xf6:45115 0xdf:38671 0xdd:19332 0xdb:12890 0xff07:12890 0xda:12886 0x6c:6445 0xf06:6445] @ https://nalet.github.io/VirtualBox-Wasm/vbox-wasm.js:4106
[LOG] [JIT] calls=2999757 insns=11548212411 fallbacks=51564 avg=3917.0 @69ff:9fff IF=0 code=0000000000000000 top=[0xf6:45115 0xdf:38671 0xdd:19332 0xdb:12890 0xff07:12890 0xda:12886 0x6c:6445 0xf06:6445] @ https://nalet.github.io/VirtualBox-Wasm/vbox-wasm.js:4106
[LOG] [WasmDisplay] refresh #17000, updateRect #4300 @ https://nalet.github.io/VirtualBox-Wasm/:583
[LOG] [JIT] calls=3016083 insns=11615083707 fallbacks=51564 avg=3918.0 @69ff:5fff IF=0 code=0000000000000000 top=[0xf6:45115 0xdf:38671 0xdd:19332 0xdb:12890 0xff07:12890 0xda:12886 0x6c:6445 0xf06:6445] @ https://nalet.github.io/VirtualBox-Wasm/vbox-wasm.js:4106
[LOG] [JIT] calls=3032198 insns=11681090747 fallbacks=51564 avg=3919.0 @69ff:bfff IF=0 code=0000000000000000 top=[0xf6:45115 0xdf:38671 0xdd:19332 0xdb:12890 0xff07:12890 0xda:12886 0x6c:6445 0xf06:6445] @ https://nalet.github.io/VirtualBox-Wasm/vbox-wasm.js:4106
[LOG] [JIT] calls=3048714 insns=11748740283 fallbacks=51564 avg=3920.0 @69ff:3fff IF=0 code=0000000000000000 top=[0xf6:45115 0xdf:38671 0xdd:19332 0xdb:12890 0xff07:12890 0xda:12886 0x6c:6445 0xf06:6445] @ https://nalet.github.io/VirtualBox-Wasm/vbox-wasm.js:4106
[LOG] [JIT] calls=3067869 insns=11827199163 fallbacks=51564 avg=3921.1 @69ff:9fff IF=0 code=0000000000000000 top=[0xf6:45115 0xdf:38671 0xdd:19332 0xdb:12890 0xff07:12890 0xda:12886 0x6c:6445 0xf06:6445] @ https://nalet.github.io/VirtualBox-Wasm/vbox-wasm.js:4106
[LOG] [JIT] calls=3084052 insns=11893484731 fallbacks=51564 avg=3922.0 @69ff:7fff IF=0 code=0000000000000000 top=[0xf6:45115 0xdf:38671 0xdd:19332 0xdb:12890 0xff07:12890 0xda:12886 0x6c:6445 0xf06:6445] @ https://nalet.github.io/VirtualBox-Wasm/vbox-wasm.js:4106
[LOG] [JIT] calls=3099951 insns=11958607035 fallbacks=51564 avg=3922.9 @69ff:dfff IF=0 code=0000000000000000 top=[0xf6:45115 0xdf:38671 0xdd:19332 0xdb:12890 0xff07:12890 0xda:12886 0x6c:6445 0xf06:6445] @ https://nalet.github.io/VirtualBox-Wasm/vbox-wasm.js:4106
[LOG] [WasmDisplay] refresh #17500, updateRect #4427 @ https://nalet.github.io/VirtualBox-Wasm/:583
[LOG] [JIT] calls=3116021 insns=12024429755 fallbacks=51564 avg=3923.8 @69ff:9fff IF=0 code=0000000000000000 top=[0xf6:45115 0xdf:38671 0xdd:19332 0xdb:12890 0xff07:12890 0xda:12886 0x6c:6445 0xf06:6445] @ https://nalet.github.io/VirtualBox-Wasm/vbox-wasm.js:4106
[LOG] [JIT] calls=3131945 insns=12089654459 fallbacks=51564 avg=3924.7 @69ff:1fff IF=0 code=0000000000000000 top=[0xf6:45115 0xdf:38671 0xdd:19332 0xdb:12890 0xff07:12890 0xda:12886 0x6c:6445 0xf06:6445] @ https://nalet.github.io/VirtualBox-Wasm/vbox-wasm.js:4106
[LOG] [JIT] calls=3147997 insns=12155403451 fallbacks=51564 avg=3925.6 @69ff:9fff IF=0 code=0000000000000000 top=[0xf6:45115 0xdf:38671 0xdd:19332 0xdb:12890 0xff07:12890 0xda:12886 0x6c:6445 0xf06:6445] @ https://nalet.github.io/VirtualBox-Wasm/vbox-wasm.js:4106
[LOG] [JIT] calls=3164236 insns=12221918395 fallbacks=51564 avg=3926.5 @69ff:7fff IF=0 code=0000000000000000 top=[0xf6:45115 0xdf:38671 0xdd:19332 0xdb:12890 0xff07:12890 0xda:12886 0x6c:6445 0xf06:6445] @ https://nalet.github.io/VirtualBox-Wasm/vbox-wasm.js:4106
[LOG] [JIT] calls=3180259 insns=12287548603 fallbacks=51564 avg=3927.4 @69ff:5fff IF=0 code=0000000000000000 top=[0xf6:45115 0xdf:38671 0xdd:19332 0xdb:12890 0xff07:12890 0xda:12886 0x6c:6445 0xf06:6445] @ https://nalet.github.io/VirtualBox-Wasm/vbox-wasm.js:4106
[LOG] [WasmDisplay] refresh #18000, updateRect #4553 @ https://nalet.github.io/VirtualBox-Wasm/:583
[LOG] [JIT] calls=3196402 insns=12353670331 fallbacks=51564 avg=3928.2 @69ff:3fff IF=0 code=0000000000000000 top=[0xf6:45115 0xdf:38671 0xdd:19332 0xdb:12890 0xff07:12890 0xda:12886 0x6c:6445 0xf06:6445] @ https://nalet.github.io/VirtualBox-Wasm/vbox-wasm.js:4106
[LOG] [JIT] calls=3214173 insns=12426460347 fallbacks=51564 avg=3929.2 @69ff:9fff IF=0 code=0000000000000000 top=[0xf6:45115 0xdf:38671 0xdd:19332 0xdb:12890 0xff07:12890 0xda:12886 0x6c:6445 0xf06:6445] @ https://nalet.github.io/VirtualBox-Wasm/vbox-wasm.js:4106
[LOG] [JIT] calls=3230234 insns=12492246203 fallbacks=51564 avg=3930.0 @69ff:3fff IF=0 code=0000000000000000 top=[0xf6:45115 0xdf:38671 0xdd:19332 0xdb:12890 0xff07:12890 0xda:12886 0x6c:6445 0xf06:6445] @ https://nalet.github.io/VirtualBox-Wasm/vbox-wasm.js:4106
[LOG] [JIT] calls=3246564 insns=12559133883 fallbacks=51564 avg=3930.9 @69ff:7fff IF=0 code=0000000000000000 top=[0xf6:45115 0xdf:38671 0xdd:19332 0xdb:12890 0xff07:12890 0xda:12886 0x6c:6445 0xf06:6445] @ https://nalet.github.io/VirtualBox-Wasm/vbox-wasm.js:4106
[LOG] [JIT] calls=3262731 insns=12625353915 fallbacks=51564 avg=3931.7 @69ff:5fff IF=0 code=0000000000000000 top=[0xf6:45115 0xdf:38671 0xdd:19332 0xdb:12890 0xff07:12890 0xda:12886 0x6c:6445 0xf06:6445] @ https://nalet.github.io/VirtualBox-Wasm/vbox-wasm.js:4106
[LOG] [WasmDisplay] refresh #18500, updateRect #4680 @ https://nalet.github.io/VirtualBox-Wasm/:583
[LOG] [JIT] calls=3278764 insns=12691025083 fallbacks=51564 avg=3932.5 @69ff:7fff IF=0 code=0000000000000000 top=[0xf6:45115 0xdf:38671 0xdd:19332 0xdb:12890 0xff07:12890 0xda:12886 0x6c:6445 0xf06:6445] @ https://nalet.github.io/VirtualBox-Wasm/vbox-wasm.js:4106
[LOG] [JIT] calls=3294743 insns=12756475067 fallbacks=51564 avg=3933.3 @69ff:dfff IF=0 code=0000000000000000 top=[0xf6:45115 0xdf:38671 0xdd:19332 0xdb:12890 0xff07:12890 0xda:12886 0x6c:6445 0xf06:6445] @ https://nalet.github.io/VirtualBox-Wasm/vbox-wasm.js:4106
[LOG] [JIT] calls=3311273 insns=12824181947 fallbacks=51564 avg=3934.1 @69ff:1fff IF=0 code=0000000000000000 top=[0xf6:45115 0xdf:38671 0xdd:19332 0xdb:12890 0xff07:12890 0xda:12886 0x6c:6445 0xf06:6445] @ https://nalet.github.io/VirtualBox-Wasm/vbox-wasm.js:4106
[LOG] [JIT] calls=3327367 insns=12890102971 fallbacks=51564 avg=3934.9 @69ff:dfff IF=0 code=0000000000000000 top=[0xf6:45115 0xdf:38671 0xdd:19332 0xdb:12890 0xff07:12890 0xda:12886 0x6c:6445 0xf06:6445] @ https://nalet.github.io/VirtualBox-Wasm/vbox-wasm.js:4106
[LOG] [JIT] calls=3347192 insns=12971306171 fallbacks=51564 avg=3935.9 @69ff:ffff IF=0 code=0000000000000000 top=[0xf6:45115 0xdf:38671 0xdd:19332 0xdb:12890 0xff07:12890 0xda:12886 0x6c:6445 0xf06:6445] @ https://nalet.github.io/VirtualBox-Wasm/vbox-wasm.js:4106
[LOG] [WasmDisplay] refresh #19000, updateRect #4806 @ https://nalet.github.io/VirtualBox-Wasm/:583
[LOG] [JIT] calls=3363885 insns=13039680699 fallbacks=51564 avg=3936.7 @69ff:9fff IF=0 code=0000000000000000 top=[0xf6:45115 0xdf:38671 0xdd:19332 0xdb:12890 0xff07:12890 0xda:12886 0x6c:6445 0xf06:6445] @ https://nalet.github.io/VirtualBox-Wasm/vbox-wasm.js:4106
[LOG] [JIT] calls=3379983 insns=13105618107 fallbacks=51564 avg=3937.5 @69ff:dfff IF=0 code=0000000000000000 top=[0xf6:45115 0xdf:38671 0xdd:19332 0xdb:12890 0xff07:12890 0xda:12886 0x6c:6445 0xf06:6445] @ https://nalet.github.io/VirtualBox-Wasm/vbox-wasm.js:4106
[LOG] [JIT] calls=3396109 insns=13171670203 fallbacks=51564 avg=3938.3 @69ff:9fff IF=0 code=0000000000000000 top=[0xf6:45115 0xdf:38671 0xdd:19332 0xdb:12890 0xff07:12890 0xda:12886 0x6c:6445 0xf06:6445] @ https://nalet.github.io/VirtualBox-Wasm/vbox-wasm.js:4106
[LOG] [JIT] calls=3412474 insns=13238701243 fallbacks=51564 avg=3939.0 @69ff:3fff IF=0 code=0000000000000000 top=[0xf6:45115 0xdf:38671 0xdd:19332 0xdb:12890 0xff07:12890 0xda:12886 0x6c:6445 0xf06:6445] @ https://nalet.github.io/VirtualBox-Wasm/vbox-wasm.js:4106
[LOG] [JIT] calls=3428576 insns=13304655035 fallbacks=51564 avg=3939.8 @69ff:ffff IF=0 code=0000000000000000 top=[0xf6:45115 0xdf:38671 0xdd:19332 0xdb:12890 0xff07:12890 0xda:12886 0x6c:6445 0xf06:6445] @ https://nalet.github.io/VirtualBox-Wasm/vbox-wasm.js:4106
[LOG] [WasmDisplay] refresh #19500, updateRect #4933 @ https://nalet.github.io/VirtualBox-Wasm/:583
[LOG] [JIT] calls=3444658 insns=13370526907 fallbacks=51564 avg=3940.5 @69ff:3fff IF=0 code=0000000000000000 top=[0xf6:45115 0xdf:38671 0xdd:19332 0xdb:12890 0xff07:12890 0xda:12886 0x6c:6445 0xf06:6445] @ https://nalet.github.io/VirtualBox-Wasm/vbox-wasm.js:4106
[LOG] [JIT] calls=3460583 insns=13435755707 fallbacks=51564 avg=3941.2 @69ff:dfff IF=0 code=0000000000000000 top=[0xf6:45115 0xdf:38671 0xdd:19332 0xdb:12890 0xff07:12890 0xda:12886 0x6c:6445 0xf06:6445] @ https://nalet.github.io/VirtualBox-Wasm/vbox-wasm.js:4106
[LOG] [JIT] calls=3476542 insns=13501123771 fallbacks=51564 avg=3942.0 @69ff:bfff IF=0 code=0000000000000000 top=[0xf6:45115 0xdf:38671 0xdd:19332 0xdb:12890 0xff07:12890 0xda:12886 0x6c:6445 0xf06:6445] @ https://nalet.github.io/VirtualBox-Wasm/vbox-wasm.js:4106
[LOG] [JIT] calls=3492589 insns=13566852283 fallbacks=51564 avg=3942.7 @69ff:9fff IF=0 code=0000000000000000 top=[0xf6:45115 0xdf:38671 0xdd:19332 0xdb:12890 0xff07:12890 0xda:12886 0x6c:6445 0xf06:6445] @ https://nalet.github.io/VirtualBox-Wasm/vbox-wasm.js:4106
[LOG] [JIT] calls=3512548 insns=13648604347 fallbacks=51564 avg=3943.6 @69ff:7fff IF=0 code=0000000000000000 top=[0xf6:45115 0xdf:38671 0xdd:19332 0xdb:12890 0xff07:12890 0xda:12886 0x6c:6445 0xf06:6445] @ https://nalet.github.io/VirtualBox-Wasm/vbox-wasm.js:4106
[LOG] [WasmDisplay] refresh #20000, updateRect #5059 @ https://nalet.github.io/VirtualBox-Wasm/:583
[LOG] [JIT] calls=3528746 insns=13714951355 fallbacks=51564 avg=3944.3 @69ff:3fff IF=0 code=0000000000000000 top=[0xf6:45115 0xdf:38671 0xdd:19332 0xdb:12890 0xff07:12890 0xda:12886 0x6c:6445 0xf06:6445] @ https://nalet.github.io/VirtualBox-Wasm/vbox-wasm.js:4106
[LOG] [JIT] calls=3544804 insns=13780724923 fallbacks=51564 avg=3945.0 @69ff:7fff IF=0 code=0000000000000000 top=[0xf6:45115 0xdf:38671 0xdd:19332 0xdb:12890 0xff07:12890 0xda:12886 0x6c:6445 0xf06:6445] @ https://nalet.github.io/VirtualBox-Wasm/vbox-wasm.js:4106
[LOG] [JIT] calls=3560794 insns=13846219963 fallbacks=51564 avg=3945.7 @69ff:3fff IF=0 code=0000000000000000 top=[0xf6:45115 0xdf:38671 0xdd:19332 0xdb:12890 0xff07:12890 0xda:12886 0x6c:6445 0xf06:6445] @ https://nalet.github.io/VirtualBox-Wasm/vbox-wasm.js:4106
[LOG] [JIT] calls=3578501 insns=13918747835 fallbacks=51564 avg=3946.4 @69ff:9fff IF=0 code=0000000000000000 top=[0xf6:45115 0xdf:38671 0xdd:19332 0xdb:12890 0xff07:12890 0xda:12886 0x6c:6445 0xf06:6445] @ https://nalet.github.io/VirtualBox-Wasm/vbox-wasm.js:4106
[LOG] [JIT] calls=3594286 insns=13983403195 fallbacks=51564 avg=3947.1 @69ff:bfff IF=0 code=0000000000000000 top=[0xf6:45115 0xdf:38671 0xdd:19332 0xdb:12890 0xff07:12890 0xda:12886 0x6c:6445 0xf06:6445] @ https://nalet.github.io/VirtualBox-Wasm/vbox-wasm.js:4106
[LOG] [WasmDisplay] refresh #20500, updateRect #5185 @ https://nalet.github.io/VirtualBox-Wasm/:583
[LOG] [JIT] calls=3610256 insns=14048816315 fallbacks=51564 avg=3947.7 @69ff:ffff IF=0 code=0000000000000000 top=[0xf6:45115 0xdf:38671 0xdd:19332 0xdb:12890 0xff07:12890 0xda:12886 0x6c:6445 0xf06:6445] @ https://nalet.github.io/VirtualBox-Wasm/vbox-wasm.js:4106
[LOG] [JIT] calls=3626604 insns=14115777723 fallbacks=51564 avg=3948.4 @69ff:7fff IF=0 code=0000000000000000 top=[0xf6:45115 0xdf:38671 0xdd:19332 0xdb:12890 0xff07:12890 0xda:12886 0x6c:6445 0xf06:6445] @ https://nalet.github.io/VirtualBox-Wasm/vbox-wasm.js:4106
[LOG] [JIT] calls=3644024 insns=14187130043 fallbacks=51564 avg=3949.1 @69ff:ffff IF=0 code=0000000000000000 top=[0xf6:45115 0xdf:38671 0xdd:19332 0xdb:12890 0xff07:12890 0xda:12886 0x6c:6445 0xf06:6445] @ https://nalet.github.io/VirtualBox-Wasm/vbox-wasm.js:4106