Total messages: 28 (Errors: 0, Warnings: 0)

[LOG]  @ https://nalet.github.io/VirtualBox-Wasm/:495
[LOG] === VirtualBox/Wasm VM Harness === @ https://nalet.github.io/VirtualBox-Wasm/:495
[LOG] IPRT version : 7.2.97 @ https://nalet.github.io/VirtualBox-Wasm/:495
[LOG] sizeof(void*): 8 (Wasm64) @ https://nalet.github.io/VirtualBox-Wasm/:495
[LOG]  @ https://nalet.github.io/VirtualBox-Wasm/:495
[LOG] CD-ROM image: /cdrom.iso (409 MB) @ https://nalet.github.io/VirtualBox-Wasm/:495
[LOG] Creating VM... @ https://nalet.github.io/VirtualBox-Wasm/:495
[LOG] [WASM-THREAD] rtThreadNativeCreate: name= cbStack=1048576 @ https://nalet.github.io/VirtualBox-Wasm/:495
[LOG] [WASM-THREAD] pthread_create for '': rc=0 id=0000000000bc9008 @ https://nalet.github.io/VirtualBox-Wasm/:495
[LOG] [WASM-THREAD] wasmThreadNativeMain entered: name= self=0000000000bc9008 @ https://nalet.github.io/VirtualBox-Wasm/:495
[LOG] [WASM-THREAD] calling rtThreadMain for '' @ https://nalet.github.io/VirtualBox-Wasm/:495
[LOG] CFGM configuration tree built successfully. @ https://nalet.github.io/VirtualBox-Wasm/:495
[LOG] STUB: RTRandAdvCreateSystemFaster returning VERR_NOT_SUPPORTED @ https://nalet.github.io/VirtualBox-Wasm/:495
[LOG] [WasmDisplay] VGA refresh timer armed (50ms / 20fps) @ https://nalet.github.io/VirtualBox-Wasm/:495
[LOG] [WasmDisplay] Display driver attached (initial 720x400 32bpp, test pattern drawn) @ https://nalet.github.io/VirtualBox-Wasm/:495
[LOG] [WASM-THREAD] rtThreadNativeCreate: name= cbStack=0 @ https://nalet.github.io/VirtualBox-Wasm/:495
[LOG] [WASM-THREAD] pthread_create for '': rc=0 id=0000000003af6558 @ https://nalet.github.io/VirtualBox-Wasm/:495
[LOG] [WASM-THREAD] wasmThreadNativeMain entered: name= self=0000000003af6558 @ https://nalet.github.io/VirtualBox-Wasm/:495
[LOG] [WASM-THREAD] calling rtThreadMain for '' @ https://nalet.github.io/VirtualBox-Wasm/:495
[LOG] [WASM-THREAD] rtThreadNativeCreate: name= cbStack=0 @ https://nalet.github.io/VirtualBox-Wasm/:495
[LOG] [WASM-THREAD] pthread_create for '': rc=0 id=0000000003b78148 @ https://nalet.github.io/VirtualBox-Wasm/:495
[LOG] [WASM-THREAD] wasmThreadNativeMain entered: name= self=0000000003b78148 @ https://nalet.github.io/VirtualBox-Wasm/:495
[LOG] [WASM-THREAD] calling rtThreadMain for '' @ https://nalet.github.io/VirtualBox-Wasm/:495
[LOG] VM created successfully! @ https://nalet.github.io/VirtualBox-Wasm/:495
[LOG] Powering on VM... @ https://nalet.github.io/VirtualBox-Wasm/:495
[LOG] VM is running! @ https://nalet.github.io/VirtualBox-Wasm/:495
[LOG] IEM is executing guest x86 code... @ https://nalet.github.io/VirtualBox-Wasm/:495
[LOG] Main thread returning (EMT continues in background). @ https://nalet.github.io/VirtualBox-Wasm/:495