Total messages: 181 (Errors: 0, Warnings: 0)

[LOG] [JIT-IO] @f000:8081 IN port=0xcfc DX=0xcfc AX=0xb08 #15 @ https://nalet.github.io/VirtualBox-Wasm/vbox-wasm.js:2065
[LOG] [JIT-IO] @f000:8081 IN port=0xcfc DX=0xcfc AX=0xb08 #16 @ https://nalet.github.io/VirtualBox-Wasm/vbox-wasm.js:2065
[LOG] [JIT-IO] @f000:7ff6 OUT port=0xcf8 DX=0xcf8 AX=0xc08 #25 @ https://nalet.github.io/VirtualBox-Wasm/vbox-wasm.js:2065
[LOG] [JIT-IO] @f000:7ff6 OUT port=0xcf8 DX=0xcf8 AX=0xc08 #26 @ https://nalet.github.io/VirtualBox-Wasm/vbox-wasm.js:2065
[LOG] [JIT-IO] @f000:8081 IN port=0xcfc DX=0xcfc AX=0xc08 #17 @ https://nalet.github.io/VirtualBox-Wasm/vbox-wasm.js:2065
[LOG] [JIT-IO] @f000:8081 IN port=0xcfc DX=0xcfc AX=0xc08 #18 @ https://nalet.github.io/VirtualBox-Wasm/vbox-wasm.js:2065
[LOG] [JIT-IO] @f000:7ff6 OUT port=0xcf8 DX=0xcf8 AX=0xd08 #27 @ https://nalet.github.io/VirtualBox-Wasm/vbox-wasm.js:2065
[LOG] [JIT-IO] @f000:7ff6 OUT port=0xcf8 DX=0xcf8 AX=0xd08 #28 @ https://nalet.github.io/VirtualBox-Wasm/vbox-wasm.js:2065
[LOG] [JIT-IO] @f000:8081 IN port=0xcfc DX=0xcfc AX=0xd08 #19 @ https://nalet.github.io/VirtualBox-Wasm/vbox-wasm.js:2065
[LOG] [JIT-IO] @f000:8081 IN port=0xcfc DX=0xcfc AX=0xd08 #20 @ https://nalet.github.io/VirtualBox-Wasm/vbox-wasm.js:2065
[LOG] [JIT-IO] @f000:7ff6 OUT port=0xcf8 DX=0xcf8 AX=0xe08 #29 @ https://nalet.github.io/VirtualBox-Wasm/vbox-wasm.js:2065
[LOG] [JIT-IO] @f000:7ff6 OUT port=0xcf8 DX=0xcf8 AX=0xe08 #30 @ https://nalet.github.io/VirtualBox-Wasm/vbox-wasm.js:2065
[LOG] [JIT-IO] @f000:8081 IN port=0xcfc DX=0xcfc AX=0xe08 #21 @ https://nalet.github.io/VirtualBox-Wasm/vbox-wasm.js:2065
[LOG] [JIT-IO] @f000:8081 IN port=0xcfc DX=0xcfc AX=0xe08 #22 @ https://nalet.github.io/VirtualBox-Wasm/vbox-wasm.js:2065
[LOG] [JIT-IO] @f000:8081 IN port=0xcfc DX=0xcfc AX=0xf08 #23 @ https://nalet.github.io/VirtualBox-Wasm/vbox-wasm.js:2065
[LOG] [JIT-IO] @f000:8081 IN port=0xcfc DX=0xcfc AX=0xf08 #24 @ https://nalet.github.io/VirtualBox-Wasm/vbox-wasm.js:2065
[LOG] [JIT-IO] @f000:8024 IN port=0xcfe DX=0xcfe AX=0x100c #9 @ https://nalet.github.io/VirtualBox-Wasm/vbox-wasm.js:2065
[LOG] [JIT-IO] @f000:8024 IN port=0xcfe DX=0xcfe AX=0x100c #10 @ https://nalet.github.io/VirtualBox-Wasm/vbox-wasm.js:2065
[LOG] [JIT-IO] @f000:8081 IN port=0xcfc DX=0xcfc AX=0x1008 #25 @ https://nalet.github.io/VirtualBox-Wasm/vbox-wasm.js:2065
[LOG] [JIT-IO] @f000:8081 IN port=0xcfc DX=0xcfc AX=0x1008 #26 @ https://nalet.github.io/VirtualBox-Wasm/vbox-wasm.js:2065
[LOG] [JIT-IO] @f000:8024 IN port=0xcfe DX=0xcfe AX=0x180c #11 @ https://nalet.github.io/VirtualBox-Wasm/vbox-wasm.js:2065
[LOG] [JIT-IO] @f000:8024 IN port=0xcfe DX=0xcfe AX=0x180c #12 @ https://nalet.github.io/VirtualBox-Wasm/vbox-wasm.js:2065
[LOG] [JIT-IO] @f000:8081 IN port=0xcfc DX=0xcfc AX=0x1808 #27 @ https://nalet.github.io/VirtualBox-Wasm/vbox-wasm.js:2065
[LOG] [JIT-IO] @f000:8081 IN port=0xcfc DX=0xcfc AX=0x1808 #28 @ https://nalet.github.io/VirtualBox-Wasm/vbox-wasm.js:2065
[LOG] [JIT-IO] @f000:8024 IN port=0xcfe DX=0xcfe AX=0x200c #13 @ https://nalet.github.io/VirtualBox-Wasm/vbox-wasm.js:2065
[LOG] [JIT-IO] @f000:8024 IN port=0xcfe DX=0xcfe AX=0x200c #14 @ https://nalet.github.io/VirtualBox-Wasm/vbox-wasm.js:2065
[LOG] [JIT-IO] @f000:8024 IN port=0xcfe DX=0xcfe AX=0x280c #15 @ https://nalet.github.io/VirtualBox-Wasm/vbox-wasm.js:2065
[LOG] [JIT-IO] @f000:8024 IN port=0xcfe DX=0xcfe AX=0x280c #16 @ https://nalet.github.io/VirtualBox-Wasm/vbox-wasm.js:2065
[LOG] [JIT-IO] @f000:8024 IN port=0xcfe DX=0xcfe AX=0x300c #17 @ https://nalet.github.io/VirtualBox-Wasm/vbox-wasm.js:2065
[LOG] [JIT-IO] @f000:8024 IN port=0xcfe DX=0xcfe AX=0x300c #18 @ https://nalet.github.io/VirtualBox-Wasm/vbox-wasm.js:2065
[LOG] [JIT-IO] @f000:8024 IN port=0xcfe DX=0xcfe AX=0x380c #19 @ https://nalet.github.io/VirtualBox-Wasm/vbox-wasm.js:2065
[LOG] [JIT-IO] @f000:8024 IN port=0xcfe DX=0xcfe AX=0x380c #20 @ https://nalet.github.io/VirtualBox-Wasm/vbox-wasm.js:2065
[LOG] [JIT-IO] @f000:8024 IN port=0xcfe DX=0xcfe AX=0x400c #21 @ https://nalet.github.io/VirtualBox-Wasm/vbox-wasm.js:2065
[LOG] [JIT-IO] @f000:8024 IN port=0xcfe DX=0xcfe AX=0x400c #22 @ https://nalet.github.io/VirtualBox-Wasm/vbox-wasm.js:2065
[LOG] [JIT-IO] @f000:8024 IN port=0xcfe DX=0xcfe AX=0x480c #23 @ https://nalet.github.io/VirtualBox-Wasm/vbox-wasm.js:2065
[LOG] [JIT-IO] @f000:8024 IN port=0xcfe DX=0xcfe AX=0x480c #24 @ https://nalet.github.io/VirtualBox-Wasm/vbox-wasm.js:2065
[LOG] [JIT-IO] @f000:8024 IN port=0xcfe DX=0xcfe AX=0x500c #25 @ https://nalet.github.io/VirtualBox-Wasm/vbox-wasm.js:2065
[LOG] [JIT-IO] @f000:8024 IN port=0xcfe DX=0xcfe AX=0x500c #26 @ https://nalet.github.io/VirtualBox-Wasm/vbox-wasm.js:2065
[LOG] [JIT-IO] @f000:8024 IN port=0xcfe DX=0xcfe AX=0x580c #27 @ https://nalet.github.io/VirtualBox-Wasm/vbox-wasm.js:2065
[LOG] [JIT-IO] @f000:8024 IN port=0xcfe DX=0xcfe AX=0x580c #28 @ https://nalet.github.io/VirtualBox-Wasm/vbox-wasm.js:2065
[LOG] [JIT-IO] @f000:8024 IN port=0xcfe DX=0xcfe AX=0x600c #29 @ https://nalet.github.io/VirtualBox-Wasm/vbox-wasm.js:2065
[LOG] [JIT-IO] @f000:8024 IN port=0xcfe DX=0xcfe AX=0x600c #30 @ https://nalet.github.io/VirtualBox-Wasm/vbox-wasm.js:2065
[LOG] [JIT-IO] @f000:8081 IN port=0xcfc DX=0xcfc AX=0x0 #29 @ https://nalet.github.io/VirtualBox-Wasm/vbox-wasm.js:2065
[LOG] [JIT-IO] @f000:8081 IN port=0xcfc DX=0xcfc AX=0x0 #30 @ https://nalet.github.io/VirtualBox-Wasm/vbox-wasm.js:2065
[LOG] [JIT-IO] @f000:9ffd IN port=0x330 DX=0x330 AX=0xffff #1 @ https://nalet.github.io/VirtualBox-Wasm/vbox-wasm.js:2065
[LOG] [JIT-IO] @f000:9ffd IN port=0x330 DX=0x330 AX=0xffff #2 @ https://nalet.github.io/VirtualBox-Wasm/vbox-wasm.js:2065
[LOG] [JIT-IO] @f000:9ffd IN port=0x334 DX=0x334 AX=0xff #1 @ https://nalet.github.io/VirtualBox-Wasm/vbox-wasm.js:2065
[LOG] [JIT-IO] @f000:9ffd IN port=0x334 DX=0x334 AX=0xff #2 @ https://nalet.github.io/VirtualBox-Wasm/vbox-wasm.js:2065
[LOG] [JIT-IO] @f000:ed51 OUT port=0x70 DX=0x1af4 AX=0x10 #17 @ https://nalet.github.io/VirtualBox-Wasm/vbox-wasm.js:2065
[LOG] [JIT-IO] @f000:ed51 OUT port=0x70 DX=0x1af4 AX=0x10 #18 @ https://nalet.github.io/VirtualBox-Wasm/vbox-wasm.js:2065
[LOG] [JIT-IO] @f000:ed53 IN port=0x71 DX=0x1af4 AX=0x10 #10 @ https://nalet.github.io/VirtualBox-Wasm/vbox-wasm.js:2065
[LOG] [JIT-IO] @f000:ed85 OUT port=0xa DX=0x1af4 AX=0x2 #1 @ https://nalet.github.io/VirtualBox-Wasm/vbox-wasm.js:2065
[LOG] [JIT-IO] @f000:ed85 OUT port=0xa DX=0x1af4 AX=0x2 #2 @ https://nalet.github.io/VirtualBox-Wasm/vbox-wasm.js:2065
[LOG] [JIT-IO] @f000:7b37 OUT port=0x43 DX=0x0 AX=0x34 #3 @ https://nalet.github.io/VirtualBox-Wasm/vbox-wasm.js:2065
[LOG] [JIT-IO] @f000:7b37 OUT port=0x43 DX=0x0 AX=0x34 #4 @ https://nalet.github.io/VirtualBox-Wasm/vbox-wasm.js:2065
[LOG] [JIT-IO] @f000:7b3b OUT port=0x40 DX=0x0 AX=0xd3 #4 @ https://nalet.github.io/VirtualBox-Wasm/vbox-wasm.js:2065
[LOG] [JIT-IO] @f000:7b3b OUT port=0x40 DX=0x0 AX=0xd3 #5 @ https://nalet.github.io/VirtualBox-Wasm/vbox-wasm.js:2065
[LOG] [JIT-IO] @f000:7b3f OUT port=0x40 DX=0x0 AX=0x48 #6 @ https://nalet.github.io/VirtualBox-Wasm/vbox-wasm.js:2065
[LOG] [JIT-IO] @f000:7b3f OUT port=0x40 DX=0x0 AX=0x48 #7 @ https://nalet.github.io/VirtualBox-Wasm/vbox-wasm.js:2065
[LOG] [JIT-IO] @f000:79ba OUT port=0x3b8 DX=0x3b8 AX=0x100 #1 @ https://nalet.github.io/VirtualBox-Wasm/vbox-wasm.js:2065
[LOG] [JIT-IO] @f000:79ba OUT port=0x3b8 DX=0x3b8 AX=0x100 #2 @ https://nalet.github.io/VirtualBox-Wasm/vbox-wasm.js:2065
[LOG] [JIT-IO] @f000:79bb IN port=0x3b8 DX=0x3b8 AX=0x100 #3 @ https://nalet.github.io/VirtualBox-Wasm/vbox-wasm.js:2065
[LOG] [INT10] AH=0x00 AL=0x03 BX=0x02b9 @f000:7c59 #99 @ https://nalet.github.io/VirtualBox-Wasm/vbox-wasm.js:4060
[LOG] [INT10] AH=0x00 AL=0x03 BX=0x02b9 @f000:7c59 #100 @ https://nalet.github.io/VirtualBox-Wasm/vbox-wasm.js:4060
[LOG] [JIT-IO] @f000:7d50 OUT port=0x43 DX=0x0 AX=0x34 #5 @ https://nalet.github.io/VirtualBox-Wasm/vbox-wasm.js:2065
[LOG] [JIT-IO] @f000:7d50 OUT port=0x43 DX=0x0 AX=0x34 #6 @ https://nalet.github.io/VirtualBox-Wasm/vbox-wasm.js:2065
[LOG] [JIT-IO] @f000:7d54 OUT port=0x40 DX=0x0 AX=0x0 #8 @ https://nalet.github.io/VirtualBox-Wasm/vbox-wasm.js:2065
[LOG] [JIT-IO] @f000:7d54 OUT port=0x40 DX=0x0 AX=0x0 #9 @ https://nalet.github.io/VirtualBox-Wasm/vbox-wasm.js:2065
[LOG] [JIT-IO] @f000:7d56 OUT port=0x40 DX=0x0 AX=0x0 #10 @ https://nalet.github.io/VirtualBox-Wasm/vbox-wasm.js:2065
[LOG] [JIT-IO] @f000:edba OUT port=0x70 DX=0x0 AX=0x0 #19 @ https://nalet.github.io/VirtualBox-Wasm/vbox-wasm.js:2065
[LOG] [JIT-IO] @f000:edba OUT port=0x70 DX=0x0 AX=0x0 #20 @ https://nalet.github.io/VirtualBox-Wasm/vbox-wasm.js:2065
[LOG] [JIT-IO] @f000:edbc IN port=0x71 DX=0x0 AX=0x0 #11 @ https://nalet.github.io/VirtualBox-Wasm/vbox-wasm.js:2065
[LOG] [JIT-IO] @f000:edde OUT port=0x70 DX=0xebd0 AX=0x2 #21 @ https://nalet.github.io/VirtualBox-Wasm/vbox-wasm.js:2065
[LOG] [JIT-IO] @f000:edde OUT port=0x70 DX=0xebd0 AX=0x2 #22 @ https://nalet.github.io/VirtualBox-Wasm/vbox-wasm.js:2065
[LOG] [JIT-IO] @f000:ede0 IN port=0x71 DX=0xebd0 AX=0x2 #12 @ https://nalet.github.io/VirtualBox-Wasm/vbox-wasm.js:2065
[LOG] [JIT-IO] @f000:ee02 OUT port=0x70 DX=0x40 AX=0x4 #23 @ https://nalet.github.io/VirtualBox-Wasm/vbox-wasm.js:2065
[LOG] [JIT-IO] @f000:ee02 OUT port=0x70 DX=0x40 AX=0x4 #24 @ https://nalet.github.io/VirtualBox-Wasm/vbox-wasm.js:2065
[LOG] [JIT-IO] @f000:ee04 IN port=0x71 DX=0x40 AX=0x4 #13 @ https://nalet.github.io/VirtualBox-Wasm/vbox-wasm.js:2065
[LOG] [JIT-IO] @f000:1815 OUT port=0x70 DX=0x70 AX=0x703d #25 @ https://nalet.github.io/VirtualBox-Wasm/vbox-wasm.js:2065
[LOG] [JIT-IO] @f000:1815 OUT port=0x70 DX=0x70 AX=0x703d #26 @ https://nalet.github.io/VirtualBox-Wasm/vbox-wasm.js:2065
[LOG] [JIT-IO] @f000:181a IN port=0x71 DX=0x71 AX=0x703d #14 @ https://nalet.github.io/VirtualBox-Wasm/vbox-wasm.js:2065
[LOG] [JIT-IO] @f000:181a IN port=0x71 DX=0x71 AX=0x703d #15 @ https://nalet.github.io/VirtualBox-Wasm/vbox-wasm.js:2065
[LOG] [JIT-IO] @f000:1815 OUT port=0x70 DX=0x70 AX=0x7038 #27 @ https://nalet.github.io/VirtualBox-Wasm/vbox-wasm.js:2065
[LOG] [JIT-IO] @f000:1815 OUT port=0x70 DX=0x70 AX=0x7038 #28 @ https://nalet.github.io/VirtualBox-Wasm/vbox-wasm.js:2065
[LOG] [JIT-IO] @f000:181a IN port=0x71 DX=0x71 AX=0x7038 #16 @ https://nalet.github.io/VirtualBox-Wasm/vbox-wasm.js:2065
[LOG] [JIT-IO] @f000:181a IN port=0x71 DX=0x71 AX=0x7038 #17 @ https://nalet.github.io/VirtualBox-Wasm/vbox-wasm.js:2065
[LOG] [JIT-IO] @f000:1815 OUT port=0x70 DX=0x70 AX=0x703c #29 @ https://nalet.github.io/VirtualBox-Wasm/vbox-wasm.js:2065
[LOG] [JIT-IO] @f000:1815 OUT port=0x70 DX=0x70 AX=0x703c #30 @ https://nalet.github.io/VirtualBox-Wasm/vbox-wasm.js:2065
[LOG] [JIT-IO] @f000:181a IN port=0x71 DX=0x71 AX=0x703c #18 @ https://nalet.github.io/VirtualBox-Wasm/vbox-wasm.js:2065
[LOG] [JIT-IO] @f000:181a IN port=0x71 DX=0x71 AX=0x703c #19 @ https://nalet.github.io/VirtualBox-Wasm/vbox-wasm.js:2065
[LOG] [JIT-IO] @f000:181a IN port=0x71 DX=0x71 AX=0x703c #20 @ https://nalet.github.io/VirtualBox-Wasm/vbox-wasm.js:2065
[LOG] [JIT-IO] @f000:181a IN port=0x71 DX=0x71 AX=0x703c #21 @ https://nalet.github.io/VirtualBox-Wasm/vbox-wasm.js:2065
[LOG] [BIOS] BIOS: Boot : bseqnr=1, bootseq=0023 @ https://nalet.github.io/VirtualBox-Wasm/vbox-wasm.js:333
[LOG] [JIT-IO] @f000:2f25 IN port=0x177 DX=0x177 AX=0xc #19 @ https://nalet.github.io/VirtualBox-Wasm/vbox-wasm.js:2065
[LOG] [JIT-IO] @f000:2f25 IN port=0x177 DX=0x177 AX=0xc #20 @ https://nalet.github.io/VirtualBox-Wasm/vbox-wasm.js:2065
[LOG] [JIT-IO] @f000:2f3a OUT port=0x376 DX=0x376 AX=0xa #13 @ https://nalet.github.io/VirtualBox-Wasm/vbox-wasm.js:2065
[LOG] [JIT-IO] @f000:2f3a OUT port=0x376 DX=0x376 AX=0xa #14 @ https://nalet.github.io/VirtualBox-Wasm/vbox-wasm.js:2065
[LOG] [JIT-IO] @f000:2f43 OUT port=0x174 DX=0x174 AX=0xf0 #5 @ https://nalet.github.io/VirtualBox-Wasm/vbox-wasm.js:2065
[LOG] [JIT-IO] @f000:2f43 OUT port=0x174 DX=0x174 AX=0xf0 #6 @ https://nalet.github.io/VirtualBox-Wasm/vbox-wasm.js:2065
[LOG] [JIT-IO] @f000:2f4c OUT port=0x175 DX=0x175 AX=0xff #5 @ https://nalet.github.io/VirtualBox-Wasm/vbox-wasm.js:2065
[LOG] [JIT-IO] @f000:2f4c OUT port=0x175 DX=0x175 AX=0xff #6 @ https://nalet.github.io/VirtualBox-Wasm/vbox-wasm.js:2065
[LOG] [JIT-IO] @f000:2f61 OUT port=0x176 DX=0x176 AX=0xa0 #7 @ https://nalet.github.io/VirtualBox-Wasm/vbox-wasm.js:2065
[LOG] [JIT-IO] @f000:2f61 OUT port=0x176 DX=0x176 AX=0xa0 #8 @ https://nalet.github.io/VirtualBox-Wasm/vbox-wasm.js:2065
[LOG] [JIT-IO] @f000:2f6a OUT port=0x177 DX=0x177 AX=0xa0 #21 @ https://nalet.github.io/VirtualBox-Wasm/vbox-wasm.js:2065
[LOG] [JIT-IO] @f000:2f6a OUT port=0x177 DX=0x177 AX=0xa0 #22 @ https://nalet.github.io/VirtualBox-Wasm/vbox-wasm.js:2065
[LOG] [JIT-IO] @f000:2f71 IN port=0x177 DX=0x177 AX=0xa0 #23 @ https://nalet.github.io/VirtualBox-Wasm/vbox-wasm.js:2065
[LOG] [JIT-IO] @f000:2f71 IN port=0x177 DX=0x177 AX=0xa0 #24 @ https://nalet.github.io/VirtualBox-Wasm/vbox-wasm.js:2065
[LOG] [JIT-IO] @f000:2fd1 IN port=0x177 DX=0x177 AX=0x6fb #25 @ https://nalet.github.io/VirtualBox-Wasm/vbox-wasm.js:2065
[LOG] [JIT-IO] @f000:2fd1 IN port=0x177 DX=0x177 AX=0x6fb #26 @ https://nalet.github.io/VirtualBox-Wasm/vbox-wasm.js:2065
[LOG] [JIT-IO] @f000:2fd1 IN port=0x177 DX=0x177 AX=0x90 #27 @ https://nalet.github.io/VirtualBox-Wasm/vbox-wasm.js:2065
[LOG] [JIT-IO] @f000:2fd1 IN port=0x177 DX=0x177 AX=0x90 #28 @ https://nalet.github.io/VirtualBox-Wasm/vbox-wasm.js:2065
[LOG] [JIT-IO] @f000:2fd1 IN port=0x177 DX=0x177 AX=0x90 #29 @ https://nalet.github.io/VirtualBox-Wasm/vbox-wasm.js:2065
[LOG] [JIT-IO] @f000:2fd1 IN port=0x177 DX=0x177 AX=0x90 #30 @ https://nalet.github.io/VirtualBox-Wasm/vbox-wasm.js:2065
[LOG] [JIT-IO] @f000:301f IN port=0x175 DX=0x175 AX=0xc #7 @ https://nalet.github.io/VirtualBox-Wasm/vbox-wasm.js:2065
[LOG] [JIT-IO] @f000:301f IN port=0x175 DX=0x175 AX=0xc #8 @ https://nalet.github.io/VirtualBox-Wasm/vbox-wasm.js:2065
[LOG] [JIT-IO] @f000:302d IN port=0x174 DX=0x174 AX=0x8 #7 @ https://nalet.github.io/VirtualBox-Wasm/vbox-wasm.js:2065
[LOG] [JIT-IO] @f000:302d IN port=0x174 DX=0x174 AX=0x8 #8 @ https://nalet.github.io/VirtualBox-Wasm/vbox-wasm.js:2065
[LOG] [JIT-IO] @f000:30a1 OUT port=0x376 DX=0x376 AX=0x8 #15 @ https://nalet.github.io/VirtualBox-Wasm/vbox-wasm.js:2065
[LOG] [JIT-IO] @f000:30a1 OUT port=0x376 DX=0x376 AX=0x8 #16 @ https://nalet.github.io/VirtualBox-Wasm/vbox-wasm.js:2065
[LOG] [JIT-IO] @f000:2f3a OUT port=0x376 DX=0x376 AX=0xa #17 @ https://nalet.github.io/VirtualBox-Wasm/vbox-wasm.js:2065
[LOG] [JIT-IO] @f000:2f3a OUT port=0x376 DX=0x376 AX=0xa #18 @ https://nalet.github.io/VirtualBox-Wasm/vbox-wasm.js:2065
[LOG] [JIT-IO] @f000:2f43 OUT port=0x174 DX=0x174 AX=0xf0 #9 @ https://nalet.github.io/VirtualBox-Wasm/vbox-wasm.js:2065
[LOG] [JIT-IO] @f000:2f43 OUT port=0x174 DX=0x174 AX=0xf0 #10 @ https://nalet.github.io/VirtualBox-Wasm/vbox-wasm.js:2065
[LOG] [JIT-IO] @f000:2f4c OUT port=0x175 DX=0x175 AX=0xff #9 @ https://nalet.github.io/VirtualBox-Wasm/vbox-wasm.js:2065
[LOG] [JIT-IO] @f000:2f4c OUT port=0x175 DX=0x175 AX=0xff #10 @ https://nalet.github.io/VirtualBox-Wasm/vbox-wasm.js:2065
[LOG] [JIT-IO] @f000:2f61 OUT port=0x176 DX=0x176 AX=0xa0 #9 @ https://nalet.github.io/VirtualBox-Wasm/vbox-wasm.js:2065
[LOG] [JIT-IO] @f000:2f61 OUT port=0x176 DX=0x176 AX=0xa0 #10 @ https://nalet.github.io/VirtualBox-Wasm/vbox-wasm.js:2065
[LOG] [JIT-IO] @f000:301f IN port=0x175 DX=0x175 AX=0xc #11 @ https://nalet.github.io/VirtualBox-Wasm/vbox-wasm.js:2065
[LOG] [JIT-IO] @f000:301f IN port=0x175 DX=0x175 AX=0xc #12 @ https://nalet.github.io/VirtualBox-Wasm/vbox-wasm.js:2065
[LOG] [JIT-IO] @f000:302d IN port=0x174 DX=0x174 AX=0x8 #11 @ https://nalet.github.io/VirtualBox-Wasm/vbox-wasm.js:2065
[LOG] [JIT-IO] @f000:302d IN port=0x174 DX=0x174 AX=0x8 #12 @ https://nalet.github.io/VirtualBox-Wasm/vbox-wasm.js:2065
[LOG] [JIT-IO] @f000:30a1 OUT port=0x376 DX=0x376 AX=0x8 #19 @ https://nalet.github.io/VirtualBox-Wasm/vbox-wasm.js:2065
[LOG] [JIT-IO] @f000:30a1 OUT port=0x376 DX=0x376 AX=0x8 #20 @ https://nalet.github.io/VirtualBox-Wasm/vbox-wasm.js:2065
[LOG] [JIT-IO] @f000:2f3a OUT port=0x376 DX=0x376 AX=0xa #21 @ https://nalet.github.io/VirtualBox-Wasm/vbox-wasm.js:2065
[LOG] [JIT-IO] @f000:2f3a OUT port=0x376 DX=0x376 AX=0xa #22 @ https://nalet.github.io/VirtualBox-Wasm/vbox-wasm.js:2065
[LOG] [JIT-IO] @f000:2f43 OUT port=0x174 DX=0x174 AX=0xf0 #13 @ https://nalet.github.io/VirtualBox-Wasm/vbox-wasm.js:2065
[LOG] [JIT-IO] @f000:2f43 OUT port=0x174 DX=0x174 AX=0xf0 #14 @ https://nalet.github.io/VirtualBox-Wasm/vbox-wasm.js:2065
[LOG] [JIT-IO] @f000:2f4c OUT port=0x175 DX=0x175 AX=0xff #13 @ https://nalet.github.io/VirtualBox-Wasm/vbox-wasm.js:2065
[LOG] [JIT-IO] @f000:2f4c OUT port=0x175 DX=0x175 AX=0xff #14 @ https://nalet.github.io/VirtualBox-Wasm/vbox-wasm.js:2065
[LOG] [JIT-IO] @f000:2f61 OUT port=0x176 DX=0x176 AX=0xa0 #11 @ https://nalet.github.io/VirtualBox-Wasm/vbox-wasm.js:2065
[LOG] [JIT-IO] @f000:2f61 OUT port=0x176 DX=0x176 AX=0xa0 #12 @ https://nalet.github.io/VirtualBox-Wasm/vbox-wasm.js:2065
[LOG] [JIT-IO] @f000:301f IN port=0x175 DX=0x175 AX=0x0 #15 @ https://nalet.github.io/VirtualBox-Wasm/vbox-wasm.js:2065
[LOG] [JIT-IO] @f000:301f IN port=0x175 DX=0x175 AX=0x0 #16 @ https://nalet.github.io/VirtualBox-Wasm/vbox-wasm.js:2065
[LOG] [JIT-IO] @f000:302d IN port=0x174 DX=0x174 AX=0x8 #15 @ https://nalet.github.io/VirtualBox-Wasm/vbox-wasm.js:2065
[LOG] [JIT-IO] @f000:302d IN port=0x174 DX=0x174 AX=0x8 #16 @ https://nalet.github.io/VirtualBox-Wasm/vbox-wasm.js:2065
[LOG] [JIT-IO] @f000:30a1 OUT port=0x376 DX=0x376 AX=0x8 #23 @ https://nalet.github.io/VirtualBox-Wasm/vbox-wasm.js:2065
[LOG] [JIT-IO] @f000:30a1 OUT port=0x376 DX=0x376 AX=0x8 #24 @ https://nalet.github.io/VirtualBox-Wasm/vbox-wasm.js:2065
[LOG] [BIOS] BIOS: Booting from CD-ROM... @ https://nalet.github.io/VirtualBox-Wasm/vbox-wasm.js:333
[LOG] [JIT-IO] @f000:2f3a OUT port=0x376 DX=0x376 AX=0xa #25 @ https://nalet.github.io/VirtualBox-Wasm/vbox-wasm.js:2065
[LOG] [JIT-IO] @f000:2f3a OUT port=0x376 DX=0x376 AX=0xa #26 @ https://nalet.github.io/VirtualBox-Wasm/vbox-wasm.js:2065
[LOG] [JIT-IO] @f000:2f43 OUT port=0x174 DX=0x174 AX=0xf0 #17 @ https://nalet.github.io/VirtualBox-Wasm/vbox-wasm.js:2065
[LOG] [JIT-IO] @f000:2f43 OUT port=0x174 DX=0x174 AX=0xf0 #18 @ https://nalet.github.io/VirtualBox-Wasm/vbox-wasm.js:2065
[LOG] [JIT-IO] @f000:2f4c OUT port=0x175 DX=0x175 AX=0xff #17 @ https://nalet.github.io/VirtualBox-Wasm/vbox-wasm.js:2065
[LOG] [JIT-IO] @f000:2f4c OUT port=0x175 DX=0x175 AX=0xff #18 @ https://nalet.github.io/VirtualBox-Wasm/vbox-wasm.js:2065
[LOG] [JIT-IO] @f000:2f61 OUT port=0x176 DX=0x176 AX=0xa0 #13 @ https://nalet.github.io/VirtualBox-Wasm/vbox-wasm.js:2065
[LOG] [JIT-IO] @f000:2f61 OUT port=0x176 DX=0x176 AX=0xa0 #14 @ https://nalet.github.io/VirtualBox-Wasm/vbox-wasm.js:2065
[LOG] [JIT-IO] @f000:2f9a OUT port=0x376 DX=0x376 AX=0x8 #27 @ https://nalet.github.io/VirtualBox-Wasm/vbox-wasm.js:2065
[LOG] [JIT-IO] @f000:2f9a OUT port=0x376 DX=0x376 AX=0x8 #28 @ https://nalet.github.io/VirtualBox-Wasm/vbox-wasm.js:2065
[LOG] [BIOS] BIOS: int13_cdrom: function 42, status 04 ! @ https://nalet.github.io/VirtualBox-Wasm/vbox-wasm.js:333
[LOG] [JIT-IO] @f000:2f3a OUT port=0x376 DX=0x376 AX=0xa #29 @ https://nalet.github.io/VirtualBox-Wasm/vbox-wasm.js:2065
[LOG] [JIT-IO] @f000:2f3a OUT port=0x376 DX=0x376 AX=0xa #30 @ https://nalet.github.io/VirtualBox-Wasm/vbox-wasm.js:2065
[LOG] [JIT-IO] @f000:2f43 OUT port=0x174 DX=0x174 AX=0xf0 #19 @ https://nalet.github.io/VirtualBox-Wasm/vbox-wasm.js:2065
[LOG] [JIT-IO] @f000:2f43 OUT port=0x174 DX=0x174 AX=0xf0 #20 @ https://nalet.github.io/VirtualBox-Wasm/vbox-wasm.js:2065
[LOG] [JIT-IO] @f000:2f4c OUT port=0x175 DX=0x175 AX=0xff #19 @ https://nalet.github.io/VirtualBox-Wasm/vbox-wasm.js:2065
[LOG] [JIT-IO] @f000:2f4c OUT port=0x175 DX=0x175 AX=0xff #20 @ https://nalet.github.io/VirtualBox-Wasm/vbox-wasm.js:2065
[LOG] [JIT-IO] @f000:2f61 OUT port=0x176 DX=0x176 AX=0xa0 #15 @ https://nalet.github.io/VirtualBox-Wasm/vbox-wasm.js:2065
[LOG] [JIT-IO] @f000:2f61 OUT port=0x176 DX=0x176 AX=0xa0 #16 @ https://nalet.github.io/VirtualBox-Wasm/vbox-wasm.js:2065
[LOG] [JIT-IO] @f000:2f43 OUT port=0x174 DX=0x174 AX=0xf0 #21 @ https://nalet.github.io/VirtualBox-Wasm/vbox-wasm.js:2065
[LOG] [JIT-IO] @f000:2f43 OUT port=0x174 DX=0x174 AX=0xf0 #22 @ https://nalet.github.io/VirtualBox-Wasm/vbox-wasm.js:2065
[LOG] [JIT-IO] @f000:2f4c OUT port=0x175 DX=0x175 AX=0xff #21 @ https://nalet.github.io/VirtualBox-Wasm/vbox-wasm.js:2065
[LOG] [JIT-IO] @f000:2f4c OUT port=0x175 DX=0x175 AX=0xff #22 @ https://nalet.github.io/VirtualBox-Wasm/vbox-wasm.js:2065
[LOG] [JIT-IO] @f000:2f61 OUT port=0x176 DX=0x176 AX=0xa0 #17 @ https://nalet.github.io/VirtualBox-Wasm/vbox-wasm.js:2065
[LOG] [JIT-IO] @f000:2f61 OUT port=0x176 DX=0x176 AX=0xa0 #18 @ https://nalet.github.io/VirtualBox-Wasm/vbox-wasm.js:2065
[LOG] [JIT-IO] @f000:301f IN port=0x175 DX=0x175 AX=0x0 #23 @ https://nalet.github.io/VirtualBox-Wasm/vbox-wasm.js:2065
[LOG] [JIT-IO] @f000:301f IN port=0x175 DX=0x175 AX=0x0 #24 @ https://nalet.github.io/VirtualBox-Wasm/vbox-wasm.js:2065
[LOG] [JIT-IO] @f000:302d IN port=0x174 DX=0x174 AX=0x58 #23 @ https://nalet.github.io/VirtualBox-Wasm/vbox-wasm.js:2065
[LOG] [JIT-IO] @f000:302d IN port=0x174 DX=0x174 AX=0x58 #24 @ https://nalet.github.io/VirtualBox-Wasm/vbox-wasm.js:2065
[LOG] [JIT-IO] @f000:e036 OUT port=0x20 DX=0x233c AX=0xb220 #5 @ https://nalet.github.io/VirtualBox-Wasm/vbox-wasm.js:2065
[LOG] [JIT-IO] @f000:e036 OUT port=0x20 DX=0x233c AX=0xb220 #6 @ https://nalet.github.io/VirtualBox-Wasm/vbox-wasm.js:2065
[LOG] [POST80] code=0x41 @0:9e41 seq=2 @ https://nalet.github.io/VirtualBox-Wasm/vbox-wasm.js:2045
[LOG] [JIT-DBG] call#10000 cpuPtr=0xf34000 ramBase=0x7e4000 romBufSize=262144 maxInsn=4096 @ https://nalet.github.io/VirtualBox-Wasm/vbox-wasm.js:4223