Total messages: 45 (Errors: 0, Warnings: 0)

[LOG] [enable-threads] SW activated, reloading for COOP/COEP... @ https://nalet.github.io/VirtualBox-Wasm/enable-threads.js:39
[LOG]  @ https://nalet.github.io/VirtualBox-Wasm/:583
[LOG] === VirtualBox/Wasm VM Harness === @ https://nalet.github.io/VirtualBox-Wasm/:583
[LOG] IPRT version : 7.2.97 @ https://nalet.github.io/VirtualBox-Wasm/:583
[LOG] sizeof(void*): 8 (Wasm64) @ https://nalet.github.io/VirtualBox-Wasm/:583
[LOG]  @ https://nalet.github.io/VirtualBox-Wasm/:583
[LOG] CD-ROM image: /cdrom.iso (409 MB) @ https://nalet.github.io/VirtualBox-Wasm/:583
[LOG] Creating VM... @ https://nalet.github.io/VirtualBox-Wasm/:583
[LOG] [WASM-THREAD] rtThreadNativeCreate: name= cbStack=1048576 @ https://nalet.github.io/VirtualBox-Wasm/:583
[LOG] [WASM-THREAD] pthread_create for '': rc=0 id=0000000000bca008 @ https://nalet.github.io/VirtualBox-Wasm/:583
[LOG] [WASM-THREAD] wasmThreadNativeMain entered: name= self=0000000000bca008 @ https://nalet.github.io/VirtualBox-Wasm/:583
[LOG] [WASM-THREAD] calling rtThreadMain for '' @ https://nalet.github.io/VirtualBox-Wasm/:583
[LOG] CFGM configuration tree built successfully. @ https://nalet.github.io/VirtualBox-Wasm/:583
[LOG] STUB: RTRandAdvCreateSystemFaster returning VERR_NOT_SUPPORTED @ https://nalet.github.io/VirtualBox-Wasm/:583
[LOG] [WasmDisplay] VGA refresh timer armed (50ms / 20fps) @ https://nalet.github.io/VirtualBox-Wasm/:583
[LOG] [WasmDisplay] Display driver attached (initial 720x400 32bpp) @ https://nalet.github.io/VirtualBox-Wasm/:583
[LOG] [WASM-THREAD] rtThreadNativeCreate: name= cbStack=0 @ https://nalet.github.io/VirtualBox-Wasm/:583
[LOG] [WASM-THREAD] pthread_create for '': rc=0 id=0000000001ef72b0 @ https://nalet.github.io/VirtualBox-Wasm/:583
[LOG] [WASM-THREAD] rtThreadNativeCreate: name= cbStack=0 @ https://nalet.github.io/VirtualBox-Wasm/:583
[LOG] [WASM-THREAD] wasmThreadNativeMain entered: name= self=0000000001ef72b0 @ https://nalet.github.io/VirtualBox-Wasm/:583
[LOG] [WASM-THREAD] calling rtThreadMain for '' @ https://nalet.github.io/VirtualBox-Wasm/:583
[LOG] [WASM-THREAD] pthread_create for '': rc=0 id=0000000001f78ea0 @ https://nalet.github.io/VirtualBox-Wasm/:583
[LOG] [WASM-THREAD] wasmThreadNativeMain entered: name= self=0000000001f78ea0 @ https://nalet.github.io/VirtualBox-Wasm/:583
[LOG] [WASM-THREAD] calling rtThreadMain for '' @ https://nalet.github.io/VirtualBox-Wasm/:583
[LOG] VM created successfully! @ https://nalet.github.io/VirtualBox-Wasm/:583
[LOG] Powering on VM... @ https://nalet.github.io/VirtualBox-Wasm/:583
[LOG] VM is running! @ https://nalet.github.io/VirtualBox-Wasm/:583
[LOG] IEM is executing guest x86 code... @ https://nalet.github.io/VirtualBox-Wasm/:583
[LOG] [JIT-C] Copying ROM 0xC0000-0xFFFFF... @ https://nalet.github.io/VirtualBox-Wasm/vbox-wasm.js:9710
[LOG] Main thread returning (EMT continues in background). @ https://nalet.github.io/VirtualBox-Wasm/:583
[LOG] [JIT] Guest RAM base set: 00000000007e3000 @ https://nalet.github.io/VirtualBox-Wasm/:583
[LOG] [JIT-C] ROM: 17 pages OK, 47 fail (lastRc=-1605), first4KB: 0 non-trivial, byte[0]=0x00 @ https://nalet.github.io/VirtualBox-Wasm/vbox-wasm.js:9710
[LOG] [JIT-C] ROM buffer REJECTED: content looks empty @ https://nalet.github.io/VirtualBox-Wasm/vbox-wasm.js:9710
[LOG] [JIT] calls=1 insns=0 fallbacks=1 avg=0.0 top=[] @ https://nalet.github.io/VirtualBox-Wasm/vbox-wasm.js:3620
[LOG] [WasmDisplay] Resize: 720x400 0bpp (scanline 0 bytes) @ https://nalet.github.io/VirtualBox-Wasm/:583
[LOG] [POST] 5s: refresh=96 updateRect=24 720x400 @ https://nalet.github.io/VirtualBox-Wasm/:820
[LOG] [POST] 10s: refresh=196 updateRect=49 720x400 @ https://nalet.github.io/VirtualBox-Wasm/:820
[LOG] [POST] 15s: refresh=296 updateRect=74 720x400 @ https://nalet.github.io/VirtualBox-Wasm/:820
[LOG] [POST] 20s: refresh=396 updateRect=99 720x400 @ https://nalet.github.io/VirtualBox-Wasm/:820
[LOG] [POST] 25s: refresh=496 updateRect=124 720x400 @ https://nalet.github.io/VirtualBox-Wasm/:820
[LOG] [WasmDisplay] refresh #500, updateRect #125 @ https://nalet.github.io/VirtualBox-Wasm/:583
[LOG] [POST] 30s: refresh=596 updateRect=149 720x400 @ https://nalet.github.io/VirtualBox-Wasm/:820
[LOG] [POST] 35s: refresh=696 updateRect=174 720x400 @ https://nalet.github.io/VirtualBox-Wasm/:820
[LOG] [POST] 40s: refresh=796 updateRect=199 720x400 @ https://nalet.github.io/VirtualBox-Wasm/:820
[LOG] [POST] 45s: refresh=896 updateRect=224 720x400 @ https://nalet.github.io/VirtualBox-Wasm/:820