Total messages: 45 (Errors: 0, Warnings: 0)

[LOG] [enable-threads] SW activated, reloading for COOP/COEP... @ https://nalet.github.io/VirtualBox-Wasm/enable-threads.js:39
[LOG]  @ https://nalet.github.io/VirtualBox-Wasm/:583
[LOG] === VirtualBox/Wasm VM Harness === @ https://nalet.github.io/VirtualBox-Wasm/:583
[LOG] IPRT version : 7.2.97 @ https://nalet.github.io/VirtualBox-Wasm/:583
[LOG] sizeof(void*): 8 (Wasm64) @ https://nalet.github.io/VirtualBox-Wasm/:583
[LOG]  @ https://nalet.github.io/VirtualBox-Wasm/:583
[LOG] CD-ROM image: /cdrom.iso (409 MB) @ https://nalet.github.io/VirtualBox-Wasm/:583
[LOG] Creating VM... @ https://nalet.github.io/VirtualBox-Wasm/:583
[LOG] [WASM-THREAD] rtThreadNativeCreate: name= cbStack=1048576 @ https://nalet.github.io/VirtualBox-Wasm/:583
[LOG] [WASM-THREAD] pthread_create for '': rc=0 id=0000000000bca008 @ https://nalet.github.io/VirtualBox-Wasm/:583
[LOG] [WASM-THREAD] wasmThreadNativeMain entered: name= self=0000000000bca008 @ https://nalet.github.io/VirtualBox-Wasm/:583
[LOG] [WASM-THREAD] calling rtThreadMain for '' @ https://nalet.github.io/VirtualBox-Wasm/:583
[LOG] CFGM configuration tree built successfully. @ https://nalet.github.io/VirtualBox-Wasm/:583
[LOG] STUB: RTRandAdvCreateSystemFaster returning VERR_NOT_SUPPORTED @ https://nalet.github.io/VirtualBox-Wasm/:583
[LOG] [WasmDisplay] VGA refresh timer armed (50ms / 20fps) @ https://nalet.github.io/VirtualBox-Wasm/:583
[LOG] [WasmDisplay] Display driver attached (initial 720x400 32bpp) @ https://nalet.github.io/VirtualBox-Wasm/:583
[LOG] [WASM-THREAD] rtThreadNativeCreate: name= cbStack=0 @ https://nalet.github.io/VirtualBox-Wasm/:583
[LOG] [WASM-THREAD] pthread_create for '': rc=0 id=0000000001ef7308 @ https://nalet.github.io/VirtualBox-Wasm/:583
[LOG] [WASM-THREAD] wasmThreadNativeMain entered: name= self=0000000001ef7308 @ https://nalet.github.io/VirtualBox-Wasm/:583
[LOG] [WASM-THREAD] calling rtThreadMain for '' @ https://nalet.github.io/VirtualBox-Wasm/:583
[LOG] [WASM-THREAD] rtThreadNativeCreate: name= cbStack=0 @ https://nalet.github.io/VirtualBox-Wasm/:583
[LOG] [WASM-THREAD] pthread_create for '': rc=0 id=0000000001f78f78 @ https://nalet.github.io/VirtualBox-Wasm/:583
[LOG] [WASM-THREAD] wasmThreadNativeMain entered: name= self=0000000001f78f78 @ https://nalet.github.io/VirtualBox-Wasm/:583
[LOG] [WASM-THREAD] calling rtThreadMain for '' @ https://nalet.github.io/VirtualBox-Wasm/:583
[LOG] VM created successfully! @ https://nalet.github.io/VirtualBox-Wasm/:583
[LOG] Powering on VM... @ https://nalet.github.io/VirtualBox-Wasm/:583
[LOG] VM is running! @ https://nalet.github.io/VirtualBox-Wasm/:583
[LOG] IEM is executing guest x86 code... @ https://nalet.github.io/VirtualBox-Wasm/:583
[LOG] Main thread returning (EMT continues in background). @ https://nalet.github.io/VirtualBox-Wasm/:583
[LOG] [JIT] Guest RAM base set: 00000000007e3000 @ https://nalet.github.io/VirtualBox-Wasm/:583
[LOG] [JIT-C] Copying ROM 0xC0000-0xFFFFF via PGMPhysRead... @ https://nalet.github.io/VirtualBox-Wasm/vbox-wasm.js:9777
[LOG] [JIT-C] ROM: 64 pages OK, 0 fail (lastRc=0), non-trivial=46114, vga[0:1]=0xff,0xff bios[F0000]=0xdf @ https://nalet.github.io/VirtualBox-Wasm/vbox-wasm.js:9777
[LOG] [JIT] setRomBuffer: ptr=0x1ffc948 size=262144 start=0xc0000 @ https://nalet.github.io/VirtualBox-Wasm/vbox-wasm.js:9781
[LOG] [JIT] ROM buffer set: base=0x1ffc948 size=256KB range=0xc0000-0x100000 @ https://nalet.github.io/VirtualBox-Wasm/vbox-wasm.js:192
[LOG] [JIT] bail: codePhys=0xfffffff0 ramSize=0x1f81d000 ramBase=0x7e3000 csBase=0xffff0000 ip=0xfff0 @ https://nalet.github.io/VirtualBox-Wasm/vbox-wasm.js:736
[LOG] [JIT] calls=1 insns=0 fallbacks=1 avg=0.0 @ top=[] @ https://nalet.github.io/VirtualBox-Wasm/vbox-wasm.js:3687
[LOG] [JIT] FF/7 modrm=0xff at f0000:ca ci+1=ff,ff,ff @ https://nalet.github.io/VirtualBox-Wasm/vbox-wasm.js:2876
[LOG] [JIT] FF/7 modrm=0xff at f0000:cc ci+1=ff,ff,dc @ https://nalet.github.io/VirtualBox-Wasm/vbox-wasm.js:2876
[LOG] [JIT] FF/7 modrm=0xff at f0000:ca ci+1=ff,ff,ff @ https://nalet.github.io/VirtualBox-Wasm/vbox-wasm.js:2876
[LOG] [JIT] FF/7 modrm=0xff at f0000:cc ci+1=ff,ff,dc @ https://nalet.github.io/VirtualBox-Wasm/vbox-wasm.js:2876
[LOG] [JIT] FF/7 modrm=0xff at f0000:ca ci+1=ff,ff,ff @ https://nalet.github.io/VirtualBox-Wasm/vbox-wasm.js:2876
[LOG] [JIT] FF/7 modrm=0xff at f0000:cc ci+1=ff,ff,dc @ https://nalet.github.io/VirtualBox-Wasm/vbox-wasm.js:2876
[LOG] [WasmDisplay] Resize: 720x400 0bpp (scanline 0 bytes) @ https://nalet.github.io/VirtualBox-Wasm/:583
[LOG] [POST] 5s: refresh=96 updateRect=25 720x400 @ https://nalet.github.io/VirtualBox-Wasm/:820
[LOG] [JIT] calls=216186 insns=73682107 fallbacks=51564 avg=447.6 @69ff:bfff top=[0xf6:45115 0xdf:38669 0xdd:19335 0xdb:12890 0xff07:12890 0xda:12888 0x6c:6445 0xf06:6445] @ https://nalet.github.io/VirtualBox-Wasm/vbox-wasm.js:3687